Linux 3.5.0-17-generic (popacai-ThinkPad-R400) 	11/10/2013 	_x86_64_	(1 CPU)

10:21:32 AM  pgpgin/s pgpgout/s   fault/s  majflt/s  pgfree/s pgscank/s pgscand/s pgsteal/s    %vmeff
10:21:33 AM      0.00      0.00     55.45      0.00    210.89      0.00      0.00      0.00      0.00
10:21:34 AM     12.24      0.00    430.61      1.02    258.16      0.00      0.00      0.00      0.00
10:21:35 AM      0.00      0.00    685.00      0.00    461.00      0.00      0.00      0.00      0.00
10:21:36 AM      0.00      0.00    133.33      0.00    221.21      0.00      0.00      0.00      0.00
10:21:37 AM      0.00     56.00    122.00      0.00    172.00      0.00      0.00      0.00      0.00
10:21:38 AM    274.75      8.08   3528.28      5.05    865.66      0.00      0.00      0.00      0.00
10:21:39 AM  31422.22      0.00   4509.09     61.62    255.56      0.00      0.00      0.00      0.00
10:21:40 AM  41856.00      0.00   5582.00     82.00    163.00      0.00      0.00      0.00      0.00
10:21:41 AM  44606.06      0.00   5976.77     86.87    187.88      0.00      0.00      0.00      0.00
10:21:42 AM  41244.44     72.73   5503.03     80.81    189.90      0.00      0.00      0.00      0.00
10:21:43 AM  42240.00      4.00   5664.00     83.00    160.00      0.00      0.00      0.00      0.00
10:21:44 AM  43830.30      0.00   5859.60     84.85    179.80      0.00      0.00      0.00      0.00
10:21:45 AM  45844.90      0.00   6109.18     89.80    171.43      0.00      0.00      0.00      0.00
10:21:46 AM  40807.92      0.00   5478.22     80.20    163.37      0.00      0.00      0.00      0.00
10:21:47 AM  46080.00      0.00   6154.00     90.00    167.00      0.00      0.00      0.00      0.00
10:21:48 AM  40751.02     61.22   5458.16     79.59    170.41      0.00      0.00      0.00      0.00
10:21:49 AM  42455.45      0.00   5678.22     82.18    152.48      0.00      0.00      0.00      0.00
10:21:50 AM  45061.22      0.00   6023.47     88.78    161.22      0.00      0.00      0.00      0.00
10:21:51 AM  42075.25      0.00   5628.71     82.18    150.50      0.00      0.00      0.00      0.00
10:21:52 AM  41632.32      0.00   5556.57     80.81    156.57      0.00      0.00      0.00      0.00
10:21:53 AM  41534.69     53.06   5577.55     81.63    156.12      0.00      0.00      0.00      0.00
10:21:54 AM  44993.94      0.00   6013.13     87.88    154.55      0.00      0.00      0.00      0.00
10:21:55 AM  41472.00      0.00   5551.00     81.00    152.00      0.00      0.00      0.00      0.00
10:21:56 AM  46464.00      0.00   6203.00     90.00    159.00      0.00      0.00      0.00      0.00
10:21:57 AM  43232.65      0.00   5767.35     84.69    157.14      0.00      0.00      0.00      0.00
10:21:58 AM  40300.99     39.60   5417.82     79.21    153.47      0.00      0.00      0.00      0.00
10:21:59 AM  46286.87      0.00   6165.66     89.90    153.54      0.00      0.00      0.00      0.00
10:22:00 AM  41632.32      0.00   5589.90     81.82    155.56      0.00      0.00      0.00      0.00
10:22:01 AM  46367.35      0.00   6193.88     89.80    159.18      0.00      0.00      0.00      0.00
10:22:02 AM  43648.00     28.00   5837.00     86.00    161.00      0.00      0.00      0.00      0.00
10:22:03 AM  29866.67     92.93   4501.01     57.58   1119.19      0.00      0.00      0.00      0.00
