67649
61645
62662
61778
60582
62899
61854
61931
63412
61009
60401
9102349
60515
62614
60372
69835
73967
62548
61702
61607
61997
11150938
61636
67355
67925
63831
61893
15624555
63517
61617
67307
14870816
63384
61626
61522
62985
61332
60829
60515
61874
67289
61522
9518943
61465
63137
60543
61171
62054
60620
64391
9016307
61351
61399
61351
61674
61835
67802
66804
61332
62253
66756
25509429
64030
638258
71307
62386
68960
68894
61256
62747
67859
64401
66928
61379
9049662
61057
60496
66823
62177
61522
67688
67279
67858
9766637
62130
67327
60382
60277
67811
60733
61512
62206
61380
67858
68077
61304
60572
67868
61189
69255
61170
61494
60658
67184
69977
67089
68172
60923
62852
61133
61475
60933
62111
67174
15374505
67431
60562
69825
9484971
68884
7692217
61912
12543715
63080
68495
61854
61437
61237
61911
60620
61873
61494
65607
61104
60943
60971
61465
61161
66120
62776
61389
68286
61285
63916
62957
64980
62063
61949
70452
61227
67061
61398
61845
61427
61741
67545
63593
61142
62025
61522
66605
61655
61703
5531755
61256
64553
62729
67697
67592
9093115
63593
61351
63127
62197
63517
62063
66890
63450
73872
61532
69141
61000
86345
64553
15277729
61446
61256
61541
14982764
67222
61987
62073
15022265
61408
67165
66681
67127
61199
9332886
62396
61455
64192
62225
61522
61379
61303
8440351
63602
61522
62510
61617
61266
67155
62985
61921
66994
61009
15340182
61532
61437
61418
15034159
61503
61475
70129
63185
60695
8562217
68352
12731777
61399
60448
61408
61617
62044
61094
61569
61579
68067
61256
8999835
68010
62538
61627
61161
61854
61551
67089
61123
61512
61693
61304
64068
60848
69198
4588082
66871
61418
61598
67070
63536
9009980
67602
61085
61037
62595
67706
61313
61721
61370
60971
67792
15285471
63270
62025
67526
9614637
61627
61588
61142
71972
61826
62937
61455
60125
61636
61893
61209
63526
61494
14763541
62073
62215
67298
62785
62159
61721
61931
61123
15535759
68714
61190
61987
61503
61788
61399
62215
69948
62187
61408
61085
63802
60838
9073906
60715
61180
61218
60657
66842
64486
61892
62310
67640
67649
15431458
64068
67840
63336
61541
61199
61503
62101
60810
5687365
64049
63223
61522
61959
63507
66481
61360
61417
60715
61750
61142
61418
61361
15335290
60648
63745
61379
60904
61408
8846334
66899
68077
61256
61531
66063
61893
60971
68030
62462
11071272
61731
60563
61209
10237570
64514
61569
70442
84160
63935
69730
61769
62111
61550
63317
61912
63194
64429
61114
64477
67089
7568090
64135
65294
67820
64781
70414
61817
63013
63194
66158
61541
102372
63308
9299027
62206
63925
61503
61332
63926
62196
61161
62292
62595
62482
16395309
62928
63108
62140
60582
61608
64058
62102
63014
61778
62263
69255
62577
69189
61712
62016
69739
62016
81681
64096
63137
64543
62273
61123
71668
62140
61836
62529
69274
61408
61019
64524
64106
61769
65065
62671
62263
67954
63146
61351
60904
4672204
13687401
60724
61959
61968
67934
14481657
64286
68191
63926
62377
61712
61285
61598
63811
68371
61655
65151
60990
61389
12184643
66681
61380
61237
62615
62425
14222858
64838
60715
62054
62177
60933
62434
67545
61569
61940
67308
61873
62709
64505
67165
67478
63127
63964
61702
61285
61788
68685
14352267
63688
63184
62519
61418
67517
68903
61418
61455
62567
62833
68286
62519
63223
62102
61722
64885
61835
81985
10310825
63203
62387
85528
61437
71858
63783
61978
61237
63612
62995
69910
65892
62795
63061
66918
62406
71070
68514
61988
61712
62120
63403
63659
63213
17693341
61703
70804
64495
62463
62016
71193
61541
63859
63754
62804
12703219
62947
61826
68172
68182
62054
62301
61313
72143
68714
61826
70148
62320
62244
61427
72153
62320
63460
61940
62054
62843
61361
64087
65198
61864
67355
68771
68770
13722883
61569
65123
61797
70005
63944
64581
61997
81539
69493
66851
61607
64742
64723
69036
69702
76000
62234
61589
64581
73910
13563692
61626
61674
62548
63299
61370
62197
61684
61645
61180
61303
67839
61826
61465
62063
62472
61199
61646
62491
61646
64058
11159954
67953
68324
62576
61636
61978
68438
61712
61389
61351
67868
62557
60477
65702
93404
61664
64676
62092
62443
80664
61275
8109010
62225
12403305
64087
65958
67953
61921
62444
62843
63565
69711
61722
63869
62054
61171
61484
9550454
61893
62662
61360
61351
61294
60534
63973
61693
61532
9064406
62310
61028
67583
61398
61987
63527
61579
64438
61788
61646
14988549
61949
62310
63204
61968
97793
19177812
64543
62995
63336
62025
64866
68362
64182
64306
62605
61408
6594511
64267
14990316
61759
62652
62766
63185
62035
69065
61826
62434
61446
62254
63698
61626
62196
68295
9031508
62149
61978
65008
8198453
67479
12541928
68181
61627
61817
62073
65445
67089
61209
67621
64410
72029
64847
68362
61835
66319
70471
62804
70072
13026638
62652
63669
69436
61779
62576
61418
61873
64286
71345
64144
67279
61703
62282
10069753
62710
62197
62842
60857
68238
62453
66396
61778
61607
68580
61836
61332
61598
61598
61769
67716
63546
64239
67554
8528311
61836
60505
61256
62691
60781
63194
61180
62833
62634
61911
68714
61921
62178
61009
109658
62776
68229
62206
61161
61560
63327
61816
60999
68239
69027
69606
61019
61436
62016
62111
60373
67298
61722
60828
61608
62158
61684
61313
61370
61076
68153
62149
65303
61864
62254
15552269
63954
67840
67108
61427
61000
69255
60429
15126023
64239
61997
62776
62368
61702
63052
61626
61541
13756665
63669
62871
62624
61323
62044
61968
61513
61921
68828
62282
61066
119206
68676
63147
62776
62520
61294
61684
61313
61769
61873
62273
15179252
67526
62386
69493
62785
61322
9389230
61418
61569
63213
62453
62121
62539
62814
61864
62083
68571
62101
69036
8460738
62273
81348
62463
61864
62073
61455
61570
61503
61493
62101
61113
61247
9011396
61807
61531
61750
67820
79790
68172
67593
61503
82394
69217
63983
62728
62330
61665
61684
62158
62368
62130
85462
12690813
61323
62016
61541
61759
61598
62111
61190
64201
61104
63717
19158165
66709
62368
64211
62814
62415
62215
62301
61417
61693
61959
61265
62282
10470197
62387
60914
67469
61674
61921
61265
62738
9273492
63745
61589
62415
61674
61455
61370
61570
61665
67003
61018
15377954
61114
61826
63070
15022549
67621
61712
61693
15019595
63204
68191
61693
9833355
61873
61817
64182
66595
62785
65218
8518945
62928
61740
63992
9217318
69207
61246
61864
68276
61798
63080
61807
9082332
62064
62121
62672
61275
71355
61645
61313
63821
61531
68096
15333532
61703
61950
61322
15329029
65398
62919
61418
62063
70576
61589
61807
61864
61303
63175
62377
61731
60344
60676
61275
61911
62329
61741
63992
7748000
62596
9830619
60924
60762
63574
68030
61722
61532
60810
61950
66671
68866
15378809
62358
65132
61009
15040286
64904
61598
61874
63488
69417
9034224
62377
66775
68200
61769
60867
60933
61769
63090
61237
67554
15341037
62576
67374
60990
6183427
64609
62405
68362
63204
62120
62016
19302394
61950
62396
68856
62434
62615
68514
60999
17016191
63811
61522
61835
61778
67497
62168
61379
62064
61968
67184
60724
61978
61332
61246
60829
61569
64229
63992
61645
67146
61940
65322
61873
62672
62852
61551
69416
61351
63165
8654586
62254
61493
61873
62206
61285
60809
61180
61456
61266
61627
62035
68143
13429893
63156
62719
64837
68562
61988
63346
62282
64363
61294
61503
61988
64210
69768
61294
62909
61322
61873
61532
61379
61389
61750
60581
15217024
61360
60543
67688
14995418
61408
61170
61104
62158
61503
9360055
62035
62083
61170
60933
60743
67374
65360
9105722
61199
63308
61294
61256
67944
61731
61380
61370
63261
62111
62567
16570299
61189
61731
62149
61456
63413
61322
64068
61256
62985
61617
60667
15184990
67592
60933
66738
15031935
61170
62805
61608
15086769
61313
61104
63137
15053786
61589
67450
61370
67260
60401
67963
62500
60791
61113
63660
60848
60952
15654594
61532
60980
60676
62586
61759
63517
60980
15303902
62301
68466
61275
14557952
60610
60515
62063
69283
69531
64163
8796059
63621
68134
61019
63232
61873
61665
69378
62738
61199
66975
63393
62301
9077174
67079
61408
61000
62738
63650
63916
60905
9115934
61674
61579
60971
61056
61266
60733
66358
61332
61408
61190
61170
62576
60724
66852
15189949
62054
61266
63033
4453163
16556581
61465
69663
68438
61940
64495
63982
65284
61113
61826
61512
60943
63061
61759
62016
60895
61531
61532
60933
60648
60981
64106
62842
61398
61123
61265
15377831
60981
60886
61047
60496
67583
61807
61826
63213
61028
9110282
61123
62510
63270
61199
63868
61123
60676
64515
63374
62434
67896
71925
61237
68372
67602
61674
11511559
63954
61570
18956671
65179
63184
65398
63014
61322
62263
61769
62263
61588
66662
15638083
68752
62215
67678
14995361
61285
60524
60411
15013059
60847
60582
62006
61170
63717
9387957
60866
61589
61152
60961
60733
63023
67184
9119962
60981
64581
62776
62273
63203
61598
62253
61265
67821
61512
14857620
61399
68438
67070
62291
67754
9355752
62576
61066
61607
61969
69540
60505
61418
9158209
66814
63498
61323
61503
8934921
61104
60781
61037
67288
62235
61408
69920
61949
67754
68685
68894
61000
61076
60952
71164
62149
63080
61066
68201
60848
61854
61123
61617
61608
61228
68134
61494
61294
61209
60657
61123
61247
63394
61361
62063
67288
67896
61759
62747
61912
62500
61151
61265
60658
61636
68295
61550
67630
61237
69113
61142
61142
62291
63963
62330
61266
63441
62890
60791
61351
60933
61807
60914
60429
67060
61626
60895
68533
61664
62367
60914
60667
60696
61503
61626
63052
61323
15379284
60430
66766
61494
68058
61835
60667
60354
15392594
61361
60715
60914
15121131
61579
63650
61332
15039963
62035
61322
62092
12837417
61085
60733
61075
62785
61057
67156
61189
69055
15243918
61142
61465
68789
15072519
70043
61094
60857
14621802
61836
63175
67773
63394
70690
63887
69321
67782
64211
61341
68191
62368
60306
9078931
61655
68096
62006
70024
61845
67241
60771
68343
68039
60667
63336
60809
61836
67431
68638
60781
9405675
60914
61076
63754
66700
61750
70319
66966
9117112
61114
61304
62282
60942
61997
61683
67317
62130
68020
61712
61797
61873
67203
61950
66557
63812
62909
68989
67213
61208
61607
61170
69217
9254492
67156
61912
60838
60382
60468
60810
60809
60857
61152
61968
15351848
60762
62624
62786
69483
69056
62054
68752
68590
12150196
62481
68182
62044
65427
61769
12852075
62510
62102
62377
61703
60648
68856
62177
62301
61797
61503
62035
70347
62045
15334919
63422
61626
61674
61627
61332
9253760
62890
61997
61664
61370
61294
61018
61693
61389
61085
67735
14792288
62291
61085
68970
63726
63413
9087643
61930
61836
3732711
8233565
61646
70984
68438
61133
62083
61503
61551
61893
61446
62434
15373508
61332
61446
62805
25201676
64648
63850
12027466
62016
62852
12224847
61855
61493
8673129
60809
61608
60544
67127
69122
13146755
62690
62396
63821
66414
9558786
68153
12053220
62007
60031
63868
61560
67041
61066
63631
68286
63071
61655
62425
61323
62025
15101846
62558
62405
61304
14972864
69958
61816
61835
61940
62282
70395
63888
68011
65445
62396
61959
63413
71127
8938844
69179
62938
69055
61674
9077763
61911
63232
62719
61598
63840
62424
63641
62120
61256
60411
15377127
61456
61636
66975
14754317
62424
61513
61798
61323
61778
9098910
61532
62567
62652
62501
61665
61988
60648
61522
67944
66785
15307445
61988
61418
63631
14990022
61541
60961
62824
64106
61513
61313
60933
62387
61693
61189
61664
61075
61218
61874
65730
61740
61151
62396
67782
67830
68580
62728
9125320
62130
61056
61978
61418
61218
62862
61579
9074770
61740
61085
61893
63374
64210
61342
60848
61285
60942
60924
15598079
60449
69122
60866
64030
60648
61978
62139
69502
60695
61038
62235
14282937
61275
60733
64058
61750
61227
61760
61598
66091
15609535
61779
67773
62149
68391
62833
68058
61531
15353814
62947
68276
63042
64628
62928
62434
68352
68144
63413
60686
61589
61550
62006
62472
61456
61522
61475
60686
70176
67878
62463
61446
61494
61285
61114
61323
60952
62520
68220
61902
15245990
62139
67849
61750
67564
62206
9345730
60819
61760
61513
63014
61313
61313
63973
9212492
62282
67336
61797
62301
63698
61531
61836
63422
62443
10631383
61874
62225
62462
62272
62529
62187
67811
19421629
61664
61170
61883
67801
11163023
65161
61569
8788080
61437
68542
64353
61028
62405
69844
63118
64448
61759
62054
62054
61522
62519
64087
67421
67488
63498
61570
67745
64999
61902
61484
15302828
60686
61892
62092
62349
62149
61674
63337
61997
62320
61513
61066
62539
61323
64590
62520
68144
62235
15421844
62633
61408
62339
3362886
68315
68010
65151
61703
61674
9011063
61531
61741
60923
67583
62320
62728
62510
63042
63051
64866
68087
62016
61645
61114
60695
61418
61750
60733
62681
67991
61266
61750
63593
61788
61218
69492
62292
63432
62272
61598
66927
1816618
10387917
62548
61683
61503
61237
64856
67878
62054
61332
61988
62367
62386
61902
67954
62681
60914
67801
63850
61313
4291055
73103
62538
10036503
61531
68562
61285
61047
65835
62747
64904
62045
61398
70015
64134
61085
63422
67326
15128608
61997
62491
60876
61817
61133
65265
68352
67194
68324
61769
61550
62092
64059
64410
61560
61665
61313
62548
63650
62890
62254
62206
61227
62149
61313
61940
65826
62643
63488
68068
15320108
61418
67602
62548
61427
61608
9027251
62263
61256
67991
61541
68191
62035
63327
64068
62681
69929
8127744
64419
61740
61123
64733
61019
63650
122132
61930
61645
9079511
64989
61693
61988
61456
67678
62291
61417
61864
61408
68267
62073
61892
61760
62216
15341379
61332
62130
61408
15090645
64724
65968
62899
64068
68676
64144
62396
62139
61636
61256
61285
61237
63327
9012061
61598
61151
69245
61303
62539
61028
65018
63128
70091
60924
61693
62596
62197
61721
4618292
62719
63888
68162
61617
62406
69113
61997
61113
60040
67887
62396
64894
67260
62254
69521
67564
15304120
61778
67925
69625
4525420
61940
63888
62282
62254
61883
62491
63194
68514
63071
61816
61797
66899
62111
71830
9305288
61636
67735
61693
61465
62463
67725
60924
61446
62083
62368
15619264
62576
61465
61484
63204
61161
62406
61864
15250502
70519
64249
60971
15003654
61807
61873
62206
61836
68172
9328781
61665
61864
62092
62330
61389
63108
63279
62387
62178
60952
6472483
67659
67811
10389523
61541
62120
61921
68039
67697
61674
64714
4259885
11064792
61988
61218
8693450
67317
62434
64695
62196
64125
62358
61845
62235
63071
61826
61874
61493
9338576
62007
61807
62006
61693
62254
13484328
62367
62510
61152
64353
61569
68771
61550
61484
60981
61342
64629
63878
68790
6479608
61389
63650
61246
64267
69103
61741
8915465
61285
61541
64714
62244
60952
61712
60848
61769
62064
65198
62634
69768
62339
62216
62833
67355
61284
61028
62197
68172
4708808
10539072
63812
63982
61265
61399
67355
15350917
62748
67963
63707
14969929
61722
62197
67498
63954
69074
62852
14133768
63127
62092
67773
61446
75839
63137
73967
61123
61959
62605
62881
67631
64524
14277883
62510
68923
62006
61427
60790
60638
61940
65170
15353511
62871
62329
61351
14975591
62187
61237
61408
14960866
62890
61702
66576
61227
62073
9136255
61503
61313
61788
62063
63080
67678
62985
62567
62149
61332
61950
69094
62311
64457
69293
61265
61722
63346
62310
61940
61275
61826
62101
15194518
61731
61779
61617
15003958
67412
62966
61864
62339
61779
64211
61703
11391498
67745
61769
8758364
60553
67735
62178
61066
68457
61389
62510
61589
63365
62329
15269017
62586
62548
62538
14900541
61560
62976
64847
61864
66994
61627
62206
68865
15122936
62282
62529
61702
14844311
61759
63204
68229
62377
63422
8780993
62482
68609
62111
62472
63574
61341
61683
68315
60895
62719
61246
61750
9344533
61522
62045
62244
61902
61959
62244
72190
9044940
62881
62225
67849
60354
61437
61180
62054
61740
61959
67165
6186714
61645
61760
68181
60962
61313
61114
61569
64182
61969
67621
61731
61645
69264
61408
67849
61902
15298420
62881
61503
61921
15039573
66376
63603
64096
62567
62187
62396
64790
60971
61218
61465
62348
9376728
68704
69075
62139
60876
61313
67697
61731
62035
67792
62852
15279772
69673
65332
68229
63127
61579
63413
65873
61712
63536
71497
61759
62244
69264
62643
62358
61522
62168
68628
63242
62786
15324117
67678
69473
63099
14998267
62263
62843
61465
14781534
61512
62443
70709
62985
60809
61341
61854
61265
15516160
62348
61769
62282
11279949
65730
61978
63679
62510
68542
63242
62073
61284
98686
67792
68409
61788
61456
65246
64562
67108
61892
62339
62273
15328858
61208
61256
68647
14945466
61769
61417
62102
68580
61892
9299389
61304
63393
68182
62064
61931
68713
64666
61247
63992
61826
62120
68609
8497133
61655
69131
62605
62377
62567
68086
62168
63897
64296
61664
64021
63546
5824051
62244
62225
61617
69103
61646
60866
4003329
72000
61037
61256
61693
61845
67906
64819
67346
62444
63755
62862
61284
62092
61512
63479
61484
109145
61911
68324
64771
62130
15305526
61522
61246
63640
14666366
61570
62415
62947
62035
86440
9002960
64325
61921
61132
75706
66547
63536
61864
60857
61959
61465
66338
67934
60762
61560
63565
61113
61313
62681
64248
125305
61227
60638
62092
61209
9310304
67440
61702
61341
66158
61380
62225
64296
63621
61418
62215
15598553
62244
61703
61969
61931
61617
60506
64581
61731
61256
61627
61446
61437
61969
66500
61570
62643
63184
60942
61123
61436
78109
66348
68153
63147
63716
66766
61627
62567
6286891
62824
68951
61418
61380
15008974
64572
61114
61702
63279
61598
63802
61874
64030
64524
68229
68314
64296
9517698
68191
62064
60458
61275
61911
63954
61893
68191
62035
9078438
62045
61436
60772
61132
62595
61788
61332
62424
63536
61351
15324403
61341
61009
61493
61579
62330
62064
66728
64077
62424
67792
64096
68334
61399
61446
61019
64306
70889
62814
9256173
61797
68571
61170
67497
61769
68438
61465
60686
62928
64210
15614428
61361
61218
61256
61532
61930
68030
61617
15286231
64182
68210
62272
15001117
61750
64144
61645
15013857
62130
63175
62643
62263
62206
4972993
62747
61873
61550
62225
62301
61418
67621
61094
66681
67953
61835
61560
64970
60905
61256
60886
64676
62035
65379
9554464
61836
67516
61817
61817
62206
61513
68828
9020516
61351
61208
62567
61123
69037
62073
68714
63697
61493
61456
15295076
60743
63888
61674
14940336
62634
67184
61370
63992
61836
19047529
63679
61513
63764
61807
61066
62548
64324
67735
62111
60791
61142
68153
61693
61665
61123
64201
60752
61608
61712
15267972
68466
62548
61341
12976696
62500
62082
63413
61360
62320
63070
62519
62292
67754
61370
61902
61769
12081596
67440
61161
8691426
67488
61151
61313
61503
61066
62586
7117210
63631
61959
71022
62776
62406
68694
68732
61123
61674
62339
68020
15247671
62757
61094
62206
15024991
61817
62073
61959
64163
63014
62425
62557
62529
61617
63441
61873
61845
62139
61370
60781
62263
61189
61323
9064786
63403
62320
62206
66338
63080
61437
68942
62197
67688
69331
15263564
61816
68609
64467
69483
62377
61436
67944
68191
61417
67716
61693
68942
60971
60657
62415
62130
62045
61636
68552
61076
61475
62349
9086322
61456
64125
61037
61465
64154
62909
63517
61892
63963
62976
62092
60743
63308
62320
61303
61446
62937
62083
68884
92910
63375
67212
65360
9060312
61294
66928
66348
61513
68049
61902
63944
67393
61294
61465
62510
68428
9391786
62016
61332
60838
61247
61608
62947
67973
61465
62082
61684
15508921
61911
69160
63659
14738167
62339
61066
67555
63887
67992
9107365
68058
63384
61684
62320
61807
68086
61038
64011
63479
62386
13405668
62149
61617
61693
62159
61997
61360
64875
65009
61835
65265
63479
63346
62149
62482
62491
62491
61740
61674
61484
61854
61769
62311
61446
61712
65673
62538
61598
61493
63346
68390
15255242
61361
63251
71297
64800
61446
9351078
62320
67326
61921
62082
61826
61684
5226017
64819
61151
61674
70167
62178
67982
64230
68296
62045
63935
63555
62434
68466
61988
68922
63669
70025
68248
60581
64068
62101
70366
62206
61627
61940
62083
61607
69892
67269
61180
61798
60733
15189436
61873
62225
62472
14744741
67507
63650
63878
63859
61247
9046517
62710
61826
60838
61750
61845
62016
62149
61721
67070
61912
15273017
62102
60933
61987
15058336
68771
62909
61741
68067
62197
61475
68352
68495
61731
60600
61209
63451
14574330
61693
61560
62614
61541
60610
9032477
61589
63593
61019
61532
61940
60743
60962
67070
61560
66035
15276827
61731
60791
61978
14911742
60933
68001
63033
14994772
62130
70215
61959
61028
68011
68067
60762
61047
15377232
91304
61218
67403
7335881
68543
62377
61047
62130
62700
68771
62064
67307
69112
68751
8080852
61247
12538186
62339
67089
62187
70205
61902
61151
68200
67431
61275
67383
9054013
62881
62386
61845
65274
67896
62073
61684
61608
65882
64087
64363
68352
68685
61731
61304
111045
62006
63498
63032
15254511
61437
99066
68315
25100017
72238
450746
69207
62339
67925
64049
62453
61484
68153
62282
62358
62425
63783
15160480
60933
61988
61294
14973796
62168
69967
68761
60876
61769
9303492
61855
61237
64581
61607
61332
61740
62729
61930
63764
61199
15348551
61104
60847
61598
15073460
61731
61531
61399
3533173
70899
62624
62282
63679
62301
61864
12568234
61912
66234
61902
7082421
63156
61921
62425
61968
62158
61028
61769
62994
60838
61551
60857
61693
15274746
62339
60914
61427
14964913
60829
61864
61398
62368
62073
61835
62662
62121
60211
62358
60924
62006
15352123
67953
63451
61313
15005041
66908
61969
60382
7957428
69511
9406074
69730
61731
60724
61019
63080
61532
68106
63669
61209
72029
62956
67830
3238873
70196
62348
63460
67583
61797
61170
62206
62035
62520
61912
62481
62301
61465
61931
65474
61969
62824
63327
11458843
61085
62035
8634427
61902
61636
62130
92559
62510
61028
61474
61712
62605
62795
68628
61874
62168
62491
62443
62158
61788
60990
61237
15341787
60629
61968
61712
15064616
61997
60885
61304
8378867
61370
8967611
61503
68087
66937
64248
62995
61712
61655
64505
68581
60686
15348191
65066
61579
62263
62900
65692
68999
69084
62586
61807
63641
62073
60705
60791
9033350
62082
61142
61712
61874
68343
62795
61712
69749
62101
62652
14803850
62349
64191
61484
14974479
63641
61617
61436
62140
67744
9023955
62130
65341
15979352
62681
61218
61702
69350
68457
61161
67820
15358422
62282
63526
61028
62178
67887
61038
60885
61968
61227
61855
61095
61940
64058
61551
68552
61911
68761
9103869
61161
61759
60544
66101
62481
61949
61864
69597
61522
61446
67279
61265
61912
61845
68495
61332
60828
61237
62149
65275
64876
64838
5450796
64743
69141
62244
64552
62149
68410
69578
61731
64173
69977
61408
63679
61883
61513
70034
61532
15205082
65341
69274
64087
61361
62045
62415
61674
6573345
4942356
63679
459239
62520
8353787
62025
67897
67839
64914
62862
61418
60800
62272
62481
61389
15343497
61931
62339
62500
4358857
16804712
62405
61579
61835
68419
61978
67925
62444
61997
62225
61883
63260
15144985
62586
68533
62244
4967958
62101
68970
62643
67431
61247
62158
67175
61227
61807
63289
62776
64524
15328184
61598
63460
62548
14426073
68571
61484
71412
61883
62177
61361
66871
62805
15244203
61370
70148
68305
63118
117743
62358
66072
61493
63270
70272
67203
68286
61845
67982
68609
61085
62159
64514
62082
61579
62595
63992
7724307
62235
13675943
61921
204649
63536
62501
62481
64439
61836
62539
62244
62424
61798
62035
62576
62396
61655
68761
61702
61541
61826
61304
61180
61750
67374
61474
15254321
61465
61361
62216
9981546
61408
62415
62149
62671
67925
61456
11450474
61912
61883
8684320
67326
65968
61892
17516812
62006
68182
62405
61826
60781
61750
63793
61437
69683
62111
61361
61493
60914
61550
70804
61598
63242
61550
65066
62956
62035
61760
63783
61959
62567
62557
61275
65569
68941
63365
5942886
61826
61693
61380
62149
68742
61455
62016
61408
61978
61693
68628
61626
68960
61560
60601
63289
63403
62054
65179
61627
61332
67925
68077
61712
68552
9323347
61123
62025
62044
68400
68476
67649
64448
8603418
62425
62349
62709
61779
62177
62367
61893
62538
62348
62073
70043
61598
9078903
63403
60905
61712
61265
67925
68599
63593
68533
61921
61056
15065328
61152
70661
66129
61294
61579
9353111
61541
64723
67269
62139
67811
68153
68656
9119221
68780
62082
61969
61171
61133
61788
61655
67820
61275
61807
15684842
61902
67887
61237
62235
62767
61636
61380
61797
68058
6539068
64191
67554
61655
61760
61874
60591
64096
68865
64590
61702
61712
60943
63441
61740
61816
61465
60885
61541
62035
63061
15195136
62415
69151
61541
15056455
61949
61379
62320
10147938
105982
62681
67697
62386
61009
63061
11603338
61218
62063
8809739
61712
63299
62349
64400
62596
66918
62358
61883
61455
61817
61170
60914
61759
61873
61408
68391
64229
61750
61579
61066
6431966
64125
68039
67706
17143491
64400
61769
85120
61313
61418
62909
63336
14914344
67754
68096
67317
63023
61503
9286592
68885
62292
63840
62719
62073
63831
61227
61475
61266
60952
62358
62824
61750
61778
61303
64277
61579
63546
68846
61968
63688
62710
61503
61988
61921
61275
61484
68124
61322
63593
61608
61455
68124
61579
62007
61740
68467
61731
67516
62168
61237
66861
61313
68086
61484
67859
68961
61028
68381
62216
61569
61209
63707
68694
62139
60772
61864
63479
68618
62130
61703
61722
68562
67820
62348
62253
79686
62273
67336
62063
60971
60705
63878
61797
64486
61513
61199
62064
61702
61085
60999
61693
5512907
62985
61864
61911
63061
63118
64087
61494
61921
67004
61721
67868
63223
61579
68201
62007
69778
60781
62263
61323
61674
67459
62519
61189
62225
62330
63783
61959
66566
61636
61741
15402872
67725
63099
67450
14994800
63394
67488
61731
15028800
67393
61626
61921
61380
61427
62434
61836
84730
61513
61874
61227
68068
61247
62215
68067
61883
15224225
62329
61560
61522
15044409
67507
61304
61731
62918
68248
62140
66927
61380
14394191
61275
61655
62947
61674
61085
68381
66718
62282
15449384
65151
63184
61503
15061091
61294
63859
61066
61684
61057
9395434
68248
61284
61589
61560
68029
62491
61750
9147360
61313
62348
61769
61816
61161
62273
61142
68809
61351
62177
63916
62282
61379
70347
61522
63071
62757
67697
61693
63717
9271953
61190
63669
68505
62234
64001
414390
64135
8644877
62187
61227
62538
61902
62785
61750
63897
62586
61911
62368
61484
61047
61294
64277
62291
62339
64961
61589
61303
61237
9153687
61626
61152
67003
63033
61323
64068
61408
61930
61189
68030
67583
62235
61807
65569
61750
61969
63232
62691
15309706
64609
65930
61484
4828641
62605
63697
61655
62282
61987
61503
61959
69996
62025
65550
62776
63108
15315130
63793
61693
61541
62482
63384
9264922
61332
61579
61645
68324
68466
60771
64743
61038
68115
61617
15601784
61351
68191
61465
67830
60952
61807
62139
15127049
60809
61522
63545
61950
61845
9372130
71088
62158
67099
64705
68485
60791
63137
9104905
61104
62244
62434
61265
62130
61968
62852
61703
65598
70623
61142
15250464
62187
69093
62567
14320956
68077
61892
62472
61456
61607
61494
61180
62586
15343488
61560
62434
62510
62073
63365
63146
67611
15269625
61798
63317
61360
11190174
61959
61066
61361
62349
61351
61636
61551
61931
61874
61959
61351
63469
61978
62672
64875
62976
62510
65009
61721
61911
61142
69084
63242
61665
9332050
62225
61665
61569
68476
64097
68590
67336
9082247
61208
61636
62624
61161
68267
68552
61560
62140
61057
63802
7972523
62453
9502736
63175
62491
68362
62301
62415
61683
64429
9058117
62463
63878
61180
61190
61455
62396
60800
63574
68419
65047
63042
67944
64448
62700
62994
62149
62159
61550
62691
62738
63593
61911
62434
62415
62994
61874
15368701
61627
61854
61389
15020878
62330
61417
63071
15047601
62092
60980
61284
62482
60847
9335365
64363
60762
61522
61617
61588
61275
67992
9139314
61940
61655
63954
60981
67326
63802
68448
67688
67498
62187
62415
63688
61684
68248
62795
61446
61627
62206
61721
15187897
61351
64676
68913
15036771
61218
67897
66709
12263673
69426
64324
61294
63498
68514
61911
61456
68039
62045
61598
61864
60781
66956
62064
60629
62054
67326
15226866
61313
61247
61684
15066345
62795
61323
62491
11434504
66377
68020
65636
63109
62215
62282
67849
63042
62196
61351
68163
63365
69379
63792
61741
12614508
68552
68258
67516
69198
67621
61047
9073944
61817
61598
67573
67697
61826
64762
67365
63507
62263
61522
5278190
67897
61285
62291
61873
61380
68229
61987
68333
60791
61892
61247
61845
63185
65816
61408
62510
62481
62425
61551
68172
15203420
66110
61370
62805
14867006
60781
62311
63166
61009
67450
9097988
63583
61494
61209
60658
62406
62016
68039
63099
62044
61589
15533754
68314
60866
68523
63650
70224
61835
61408
82508
64087
62215
61797
64106
62995
61256
62225
61902
62453
67792
62073
67260
61095
61332
61474
62035
62757
62691
68181
62510
63888
15563404
62795
65654
61104
62083
67735
62615
61370
62044
61446
9367247
60905
65654
61247
62387
62206
62282
69578
67289
61104
61218
15610001
61199
67155
67583
67326
62054
61598
62130
63897
61332
67460
63080
63470
65692
63669
63793
61531
64457
62785
63555
70291
62890
69626
62064
70043
61522
68305
62510
62035
61066
62263
61370
61000
61797
61389
62234
61759
61275
9110814
63811
61636
60933
61161
65122
61256
67612
63412
60183
61361
15609925
61000
62994
63280
64144
61436
67982
63726
67526
61579
62016
70481
62025
66756
61474
62054
62909
60895
9112761
61304
61712
64429
62187
69141
61360
61303
64040
61361
62158
63821
62196
61684
61588
61227
61683
68561
67707
61912
61950
8965274
62472
62443
9115810
5530339
34665567
69835
18826207
76940
89290
70376
21111584
64771
62966
13068665
64581
62757
4833059
7215687
64971
68808
4816576
13618317
65294
67241
62272
6604656
76029
63023
63298
66243
16607757
66823
71392
66367
70718
17130315
64296
62576
72837
64229
69588
62785
64068
68391
70329
62253
63536
62225
62197
63337
139156
62662
12343986
65436
73682
65464
66471
10342688
62843
61912
61550
61646
62529
60259
62253
8997668
61731
61522
62235
61303
64515
61351
62054
64733
61180
61484
61417
61788
61978
62520
61940
61978
61351
62672
61389
61816
61645
61646
60933
70499
60876
61313
62130
61646
61399
63355
61075
62643
62396
60981
64154
89908
60886
64287
61114
61398
61503
7937126
61655
62016
61570
67127
63394
70300
65170
61560
61550
62216
61389
61265
9297850
67887
61370
61598
61779
61731
61066
67308
9121453
68229
61570
62738
61265
61893
68333
68989
61436
61180
66652
8375685
68723
61484
60848
63203
61883
62082
61199
12464446
61541
64229
11599994
61085
60904
8748161
63612
61437
60904
60819
61208
61380
67545
63441
61693
61171
62937
62405
69027
61845
70129
60810
63184
61893
61018
61370
15043535
63298
68628
69815
15016052
67013
62149
62852
61607
61845
9068614
61892
61674
67630
67346
61265
71450
15646899
61569
61484
61769
15005649
62282
62956
62044
61180
61323
61408
87134
61721
61874
61247
61978
62102
62177
63792
61417
61341
67745
61845
61835
62063
60657
61588
61874
62586
65512
62482
69350
68638
63526
67849
15280323
61342
60828
68343
68305
61037
9061499
61949
61266
63089
61759
68419
63137
62311
63641
63242
61484
62795
68191
61503
62634
63631
61522
61095
61883
61246
62567
61465
68505
61427
15304918
61437
61322
63203
5135263
61997
61199
63574
62652
61817
61218
67982
62177
68153
62263
61731
61731
61474
62434
62928
61475
15345521
61807
61446
61228
14910915
63422
61560
63356
15003512
61503
67887
62406
61731
62557
6586464
63583
61427
62073
61560
67745
62520
67155
63432
63165
68609
63792
62738
9070410
64448
60942
61484
68067
61921
62463
62937
67222
62767
67136
63907
62824
61912
14485819
67735
66481
63194
62615
62937
62101
61133
61665
15605080
61712
62083
61930
62481
7980561
61778
12544294
61379
64011
64030
64039
13856624
62263
61304
63897
67735
60962
62016
62710
62424
15404886
67497
62500
63185
15015415
69303
63061
62310
63327
61845
62083
61731
99740
64562
67478
68533
68476
62263
68343
68248
61854
62538
61056
4758208
68656
61408
62843
9095205
74357
5737677
64438
73977
62624
64230
61665
61864
61351
61437
9359695
493630
62235
68134
61883
64534
62159
63574
61778
63916
61484
61807
62026
61778
61589
5928247
61228
67412
68220
61417
62187
61465
61341
60211
63479
62453
67944
62368
61978
61702
77415
62121
68448
63222
62976
61037
15350071
63469
62729
60961
15036780
62120
61284
67545
61607
61237
9414016
69113
62367
63935
61997
65731
12957221
61380
63203
62348
69056
61180
61940
61854
65759
62482
62529
9046717
61674
63745
61912
61285
63194
67032
61626
9119943
61313
62377
61323
68637
62643
67972
62577
68077
68343
61332
62377
63251
61598
67279
62634
63526
61912
68856
61712
61190
61332
61750
68011
67592
62073
62482
122388
61912
69493
64619
62928
62139
68333
68305
61731
67716
61693
9151483
61988
61598
68865
61835
64629
61626
61455
61598
67488
61874
63451
62016
63346
62310
61683
61721
61427
68438
62348
63755
61522
61389
61788
60610
61826
61665
61513
62624
61816
62235
61161
15255205
61303
67326
61978
15072557
61864
67744
63546
5421431
69777
63213
67935
71507
63887
62719
63175
62624
61465
62843
61864
68362
65883
62710
63954
64638
61541
62016
61541
61674
64144
63204
70309
61760
63688
69578
62158
61655
68048
62178
68295
60809
65046
61493
61560
68770
60686
62766
15331043
61579
62244
61655
15047639
62691
62206
67972
14981443
62073
64923
71373
71421
62387
61969
62890
61912
61665
61788
61873
61883
68580
68752
61797
61598
67649
67526
68381
61664
64401
62881
67478
63555
61408
67412
70851
61569
63508
61636
62596
61845
70310
61703
62063
15300520
70177
61940
61854
15014874
61721
67336
63004
15015814
61788
64496
61864
62177
69027
8982658
71174
75297
62957
62928
72495
62311
61484
61645
62035
70300
61285
60990
61912
61617
62890
61617
61550
61750
64001
60800
62539
61579
15253466
65550
67868
64173
15008470
61532
62111
67545
15083976
62016
61931
61455
67440
61883
61494
62007
62814
62320
64695
62007
62957
61835
67498
62054
70595
62273
68077
60752
63982
62149
61455
62358
61655
61170
68295
63355
70062
61959
15232870
61066
63954
63346
15048693
62330
61066
62092
12937594
64961
61389
61797
62463
62995
67231
61579
64401
60734
68362
62292
67564
69426
61436
69882
62301
69207
61750
67935
67564
61484
15206964
61930
61721
61056
15073479
61902
62434
62073
14476813
61617
67754
8742641
67326
67412
8666470
62254
68485
68276
61389
63441
62263
61446
7810909
62576
12580100
61950
61342
61560
61323
61313
61636
61075
61712
61189
62937
9097286
61114
68447
68571
61275
62453
61494
60952
61912
60781
62196
15436531
68248
61759
61722
62140
67650
60297
61275
12987630
66129
68561
62557
61085
63403
9140140
61560
61588
62852
61598
62614
61798
62244
61797
61180
61075
62415
64932
61978
67307
60990
63422
61959
61275
63241
61341
69112
62368
61826
62177
67517
61484
62158
62102
68932
63726
61560
61912
61418
68419
61693
61598
62918
61503
61265
15285985
61380
60572
60638
8091255
68676
61636
62766
65018
67659
61978
62035
62595
14725228
61313
62092
62234
61864
62795
9131029
61722
61817
67992
62634
61760
68866
61874
61883
61408
61379
62216
68799
67868
63726
15234143
62054
62253
61826
14966556
62073
61531
62187
15663325
62890
64495
62377
67554
63641
61873
62491
62396
62405
62577
62215
61864
62719
61436
68219
15338719
61380
61988
61465
15020269
63755
62035
62842
15003084
61304
67250
61513
63498
15931766
62377
61978
93100
65085
64334
61199
61835
15122566
67877
61722
62567
5102811
68058
68951
61256
62016
62482
61731
61703
61864
61266
61798
68353
63973
62025
62823
62225
67507
61047
61760
65189
64116
61589
68191
9099157
61788
68020
67564
60781
61665
69065
15990182
63270
64030
70233
63051
62282
67915
61645
61132
61759
9341359
61741
62453
61380
61608
63061
61864
61607
9091139
60819
68542
61702
62700
74119
16456194
65645
62444
69626
62767
64610
68685
62177
62073
61389
67440
67801
62586
61873
62662
63089
62215
61949
9046176
69977
64172
70386
68277
62026
70186
62120
66139
67697
61513
15312299
61227
64400
61161
14854684
68656
61664
63175
61778
61930
8044733
70576
5805725
64704
69264
64182
61285
15273017
61342
63013
61171
14981082
68314
61408
62168
61608
68960
9077668
66034
62263
61522
61617
61570
62443
65778
62339
61341
61465
60905
63241
63127
62387
61731
62149
63289
8861154
62406
62045
61170
61532
62700
63736
61873
68514
80655
62063
15332781
68542
62140
67707
14925355
64125
62045
61760
62320
61456
9273890
69264
62311
62776
61940
61332
62415
61418
61646
67175
61750
61722
64752
61987
62434
62719
62443
62006
63792
61864
62310
67555
68077
62671
15312641
61066
61950
70157
14994287
62652
63261
61389
14887631
62263
61199
68314
62007
62843
9127296
61598
68334
63327
62586
68685
65151
68201
63175
61484
61503
15282384
61579
62947
61959
14930599
61893
67108
61427
64135
68314
9085145
67526
67536
61418
67241
69340
61940
61816
61427
62406
61712
61636
61845
62263
63432
62605
61285
67364
62871
62254
68362
64172
61845
61294
61408
61227
61693
61170
68713
61778
61959
61417
69911
61085
61778
61057
67288
61759
62653
63773
61788
60943
15168175
61332
67707
68733
15023138
61522
61189
67982
63621
62044
8076453
61152
4659845
15188163
68096
68162
61807
14941676
62140
61199
61028
61684
61551
9311254
61417
61465
14877541
64876
61218
61171
63602
60772
67431
68676
61949
67118
62567
62064
63299
62453
62643
62273
63888
67935
61199
9064178
60790
62481
60923
63859
62377
62301
64362
61133
61817
62159
61892
61655
9349605
61997
61199
68894
63441
61322
61930
64562
61265
68419
61883
61000
60600
60724
67859
63365
62634
62557
61151
63071
70642
61512
61294
61769
61778
62320
61864
61778
61826
61617
61807
61978
62187
63906
70576
67488
15234969
61949
61189
61019
15000833
61446
61047
62197
61959
67032
9338186
67811
62367
61988
8681214
68618
63916
64296
61664
64752
68087
62681
66547
9364910
62329
61626
60914
61797
61408
62111
62814
9099528
61484
61484
64581
131091
69359
63612
24555828
66766
10452489
64524
14180431
72134
61702
63621
61417
63223
61114
9055257
64429
95408
67697
61940
61845
61104
61142
61209
62976
62729
14621640
62273
62235
61807
68714
60733
9109730
61379
62966
67393
67536
61218
61835
66547
64429
65085
69701
64306
60904
62700
63736
63375
62605
9116380
62614
62073
61066
61085
61750
61351
60980
9088203
63812
61313
61731
61740
62919
62177
61665
64980
64353
68847
61883
61294
61778
63279
62548
8042624
63156
9581975
64191
64724
67346
69787
61826
61750
61323
67108
64058
67640
61864
61218
61503
61171
15174131
63964
62263
61816
15022274
61322
68428
61522
15073574
67612
61513
60914
68238
61864
8903913
62814
68675
61503
60781
60620
61066
61142
61304
63717
67412
62443
67868
60791
62225
62320
61247
62320
66909
62928
62671
63736
61389
61997
61684
61759
61911
62177
61152
60952
68771
65531
15218705
63812
62178
60943
15069166
60904
61864
61626
15049909
62254
61931
61133
62444
62339
9392888
64495
61266
61085
61313
68428
60620
61607
9165249
64230
61284
63089
60629
62282
61446
61399
65208
61826
62605
62387
63536
62073
68201
62833
62605
61636
61988
62215
60619
68210
60990
67098
61684
61703
61532
61446
65968
64020
60648
61598
15276950
61161
61940
69967
15082893
68799
61532
60344
14966547
61465
63564
69549
67270
68666
9303901
61797
61816
62330
60819
63298
64344
61665
62434
9694294
61104
60705
61370
61683
62159
14112611
63602
61399
65655
62843
61379
8950016
61455
61702
63051
63460
62387
61028
61323
61180
62254
63070
62045
63840
61788
62130
61171
61085
68229
61285
61057
61475
62215
61095
62548
60990
62614
63147
61816
61693
64192
7880060
61275
12545140
68761
61513
62633
61256
70509
61997
61380
60914
68884
63527
68277
70538
63850
68542
62491
67763
62558
68809
68495
61978
62690
62320
62795
61912
62443
61522
62368
61921
62254
63450
63014
68115
63574
61475
64439
61588
61009
71297
15154941
61617
62653
62282
63042
62140
67726
61237
62111
62178
61199
63336
62757
62064
64695
66519
67621
62111
62719
62519
61902
75506
63679
64885
63080
64116
62900
64448
8171549
62396
67412
62253
61978
63954
64942
62396
62710
61950
61912
67792
63783
61911
61304
67830
62310
64990
8774836
68362
62168
61674
61883
62158
62719
70281
61902
61456
61978
15346965
62852
60553
61959
15038348
69198
67155
62415
15051401
63603
68296
67991
62652
15770760
62007
61408
62149
61703
63859
62253
67659
4222389
17191010
62510
61322
61788
66206
62994
62814
61455
62273
61503
67725
68742
62168
62567
8367571
62216
62168
61018
68058
61988
67707
63308
61323
67298
63735
15340476
64153
67678
67763
15044969
61551
60401
67612
68505
67878
62187
61151
61304
67450
9112961
62320
62206
61209
61190
61883
63631
71221
62083
61389
62130
61570
61940
8856689
61655
61931
61864
61019
61399
61627
61294
61474
63963
63678
15601043
62520
62054
62491
61959
61816
66529
62082
5221561
61151
63308
62320
61731
61693
62738
61684
61626
60696
70509
61636
62016
64667
61342
62044
61151
62463
8685565
68020
63878
61494
61997
61769
61285
60961
61968
61494
62681
61664
64343
60876
67080
61475
62006
67251
67754
63697
62016
61940
61151
63109
62263
61560
61189
62016
61427
63317
61313
62595
61740
62966
9183717
61845
63337
61569
63716
68248
61418
61712
62149
63441
62719
60610
8185210
61209
5809696
62358
62367
61379
61997
60848
68163
9061480
60838
61864
61332
61589
62386
61379
61873
9098406
63146
62187
61227
68001
63536
67602
63849
61854
64704
61456
61655
66956
60895
62111
4147957
5859325
62168
61627
61997
85110
61816
70927
61579
61275
5880528
71868
68761
62073
62263
62368
71811
68115
61465
67735
62235
62073
67555
62301
15358878
61731
61142
62358
15020308
61778
68011
64325
13996208
62605
61265
61940
68666
62016
61949
61598
61512
15700802
61522
67821
62291
67830
63203
64781
61598
63631
62291
9213347
62767
63298
64030
60829
61874
61370
63080
61541
64391
61760
15351088
64353
68162
61892
62852
63099
62253
61864
61902
62747
60980
11456772
61617
61379
8783472
62311
61655
62235
67659
62605
61959
62187
62187
62890
62215
67915
60914
9044902
62272
67269
63745
62909
70462
90649
61180
9105987
61978
68922
66224
12283339
62567
64799
4888824
63441
67896
61408
69037
62101
61769
61323
61000
61199
67659
63318
62263
61399
69046
61456
62434
60753
64771
62035
62928
68371
64628
62453
67260
12868216
64771
61674
67982
68742
64001
61921
62415
63593
69046
68143
63185
71317
61019
61560
17485434
64201
61095
62748
62671
61389
61655
60781
61950
62453
61237
61208
67479
64419
61199
64381
61978
62738
62064
62016
61788
62187
61997
61664
62880
61560
63375
68001
62310
61237
62615
61323
61579
62634
61446
68324
9343488
60800
62814
65065
69445
61940
67897
62633
62073
61759
62140
15279439
71373
61750
67668
15022987
61342
63213
61845
14873799
63412
62368
62168
61579
61541
4510809
62890
61152
69283
62130
63337
61608
64381
68571
62367
62339
70262
67402
62596
63080
61398
15241961
61265
62282
61370
15037588
63507
60962
67849
15039659
61778
68001
61836
61332
60753
63660
62766
67802
63460
67840
62291
61418
61379
62462
61436
61522
15306846
61579
60667
61522
15070771
68353
68941
61722
14973463
70262
61959
61626
63099
69179
9355201
62462
62652
61807
61636
62491
61113
67877
62462
61085
61313
62310
68571
9170967
62899
70139
61674
67640
64343
63793
62330
61978
62225
61228
62919
61474
63099
61855
61655
68324
62234
61864
62520
65322
69169
61674
61911
62216
62348
69568
67507
62339
61465
61627
67906
62301
62006
61674
63869
61076
72229
4841903
61494
68105
61313
62852
61683
61493
68428
68676
61484
61978
67516
63887
61940
64191
61912
68466
61902
68295
61266
61351
62538
70680
63384
62320
62225
62254
67602
62149
60847
62149
61826
61113
62159
60791
61588
61465
5577004
5211187
64695
65426
68086
62805
62880
66272
14694343
68210
65426
68885
69417
69036
66291
64752
67725
65123
69948
61494
63698
73321
64087
63906
64220
69901
62691
68010
63764
64277
62672
64885
66158
63014
63840
62377
14929602
64163
63422
64847
63659
63717
62747
61950
64125
4816719
61949
64857
62719
62396
62862
67707
67488
65645
63194
68666
70177
61360
62957
61389
63584
8832948
68647
69445
69578
65122
62994
61836
66272
63812
74461
71364
64695
70728
62795
65712
71250
63783
64714
65160
62434
74537
69626
63527
64068
63650
61959
65626
73397
62063
65351
63555
8736561
65959
68162
62671
66310
65417
62453
63916
70253
61769
65512
64201
61332
73900
63080
65227
73663
65968
67032
65227
63536
64296
65084
62216
63555
63792
63023
61427
61883
61731
63878
15163054
67953
70385
65275
65151
64106
69512
63146
62710
64087
67640
61532
61921
61104
74974
62643
60867
64068
12988400
64078
62453
68980
71867
62624
64144
64847
62577
66699
63973
64400
63298
65550
61465
69046
67279
64495
64514
65331
63498
63451
62491
61655
14935197
63185
61370
63868
72257
61969
66291
65189
66538
64837
72675
63432
66130
65949
71573
63735
61123
70357
71573
64353
63887
69768
64429
15302999
64989
62728
63280
62634
61731
65465
62092
61370
5152012
16079738
63726
66424
62785
63365
64933
70632
61427
64372
66035
63394
62634
64391
15218592
61883
65445
69464
61674
64391
8819486
62206
63659
63394
64106
63622
62177
68476
63384
62510
71544
65977
64287
62140
64724
73293
64923
66225
67963
65094
63526
12047682
64686
64648
3656522
62196
64239
64002
64163
72609
63052
63717
60999
61987
63508
15222581
70101
68390
61484
65427
64819
61228
63935
70518
15262453
61589
68429
63412
68514
61218
66110
62586
62206
15134526
62349
61978
65246
65170
62681
64154
68942
62805
15024497
61702
61854
66899
63564
60876
62700
64799
62396
15248725
65037
64058
74185
64961
61902
17111960
70015
60743
64334
64467
62795
75639
73387
12921567
64866
63394
66101
87770
72191
67915
64904
64220
61398
64647
71440
67374
63185
65930
14979439
64201
69312
61683
65047
64581
61684
63783
62814
14995351
66272
71582
67431
62824
63897
64039
69426
67649
4907063
61740
63137
64676
74575
62339
65436
14228349
62595
67298
69132
63650
61608
69027
67640
64030
64296
62520
73710
62975
68201
73729
65398
90507
69492
61361
63469
63783
62291
64039
65332
63403
67127
65436
5454909
88141
72067
61541
70661
64657
65588
63669
70661
61456
15299760
62776
62529
65104
63460
62006
63945
85671
66519
72979
84407
61740
65436
63004
62966
64581
63432
14441301
67288
63574
64961
64875
62919
69274
62263
65797
14961094
63935
62206
65350
62358
61617
62890
61161
71488
14972627
62035
62311
64220
67621
62206
61493
64733
64505
15026910
64087
63982
62444
64724
64628
64904
65474
62852
72172
62766
64078
72893
65408
14671705
69616
69730
63071
65911
72371
62177
63375
71678
62548
65502
9012603
62121
71668
61968
61607
66576
63508
64315
63147
64961
66908
64030
62976
64125
62748
61351
65521
64372
61817
63698
68087
62434
14857848
70043
62785
62330
68524
66937
69321
61759
62349
14976285
62301
63564
61503
62348
63603
61617
64676
63612
62130
68210
62092
62073
65037
69626
62795
8362014
65844
62111
62852
62462
61712
64496
64049
63669
71345
71107
63194
66300
65816
61465
64534
69426
68419
65303
64343
61826
15279486
71753
62348
65740
66624
69046
62653
65293
61569
12796471
69132
61949
64334
62985
70595
65997
63679
62501
71003
68029
65550
64562
65750
14960106
64021
62082
63431
64315
62349
63545
62054
65540
14943833
61646
63897
64857
62672
66016
65835
61731
63973
64001
67811
8574852
62244
12322536
64448
61265
64306
65873
63308
63755
61389
65702
62947
68457
61826
65445
62016
65702
62063
67307
63565
71554
62728
63422
61123
71621
61854
64334
61256
9018046
62367
71364
65008
73625
62501
70243
67459
69834
62662
72950
62196
65559
62311
63640
62358
62767
61398
8743439
70405
64914
63612
64486
62082
70471
62054
66424
62643
67251
69331
69958
67849
68257
65217
63232
65028
73872
61807
64543
64723
68580
65911
68771
65873
61759
70034
68619
62434
64030
62928
63831
65407
4032817
64610
69312
68191
71069
68723
64762
62434
63251
65065
69112
63945
69758
62576
4772800
64382
67298
61104
63973
69597
61370
64401
63479
14840586
64913
61921
62073
63612
63526
62481
64287
70538
14986649
70604
67346
61855
65379
68970
63735
65037
64173
63308
70072
8789429
62538
65008
70784
16971949
69825
62443
62016
63213
62671
67897
63621
64752
62681
8933420
60468
64856
66652
66956
62681
65408
83363
68533
70784
72399
69416
8571413
62463
11979994
65056
65161
8325781
64524
62747
66291
61218
63137
63774
74680
61722
65360
61512
66339
60952
64362
62263
64020
65759
70727
61237
9012384
61209
63603
68799
68466
62510
64819
61265
72798
61076
63669
62406
64913
62083
72989
63184
63840
62690
64372
68125
64334
62396
63251
9082313
73644
61873
65645
62919
74452
61636
68362
63469
64619
62577
70804
61817
75506
61114
72513
63032
65103
65436
67013
64933
66690
62263
62795
64743
61256
64106
62272
64847
62225
65921
61873
63232
72542
60943
64372
63080
66842
8766704
68865
62976
66491
62605
68571
69103
63127
68961
68115
63479
71573
67459
73036
68808
60810
65312
62548
64809
61892
64382
62776
65588
63080
77672
62843
68372
61560
3630064
66034
65464
63223
66053
68058
65312
62339
64277
61246
73919
64666
65740
61465
9013030
68523
65455
61579
66719
66481
63792
62358
64192
82260
66509
62757
63992
62235
62529
61873
64239
61275
73682
62149
67868
64210
65455
61873
68390
70262
14884476
69721
68020
62234
63337
64970
65655
61864
64524
64267
67478
69255
16472952
66433
62263
65151
14397715
64942
62576
63935
62633
60952
64249
67098
63070
65322
15867223
66348
61446
64068
14525377
67555
62054
63241
62614
66072
61607
65654
67982
14870986
61665
63897
61113
68562
62681
62776
67963
68001
65693
70718
8446175
64600
12354997
64771
61417
68581
65274
63878
66709
63251
62111
64647
63185
66395
63317
73492
62909
14765774
70005
63498
62225
65160
64144
64904
62377
63698
62947
65550
62795
66015
61246
64553
68638
64249
61769
70499
61836
15180031
69815
71402
62795
64553
62092
70975
62614
65056
62567
64429
8366593
63318
12323865
65626
63840
66234
63992
64068
69094
63156
63869
64562
62747
65227
61218
73473
61446
70585
63793
72077
61370
72076
62006
68020
62196
66186
14886899
72162
63052
63279
61826
71174
62111
66510
62168
64771
61408
8696500
61712
66472
68277
65531
62311
64999
68685
63859
62937
66500
61465
65294
61170
65331
62443
70955
67631
72675
68884
68400
62985
65312
63840
1268250
62643
71288
68733
67469
62016
12492548
62025
70499
62928
63944
62291
63878
61845
67811
60781
63641
62234
69930
69084
71611
62795
67136
65959
64581
62244
70708
8855995
63261
61883
65170
62339
66509
64800
71887
62405
69474
67820
65483
62282
68172
61227
65408
63783
63270
62415
61389
61437
61626
62216
9014864
63099
61028
60980
61237
60895
61465
61114
61683
60734
61731
15073593
61285
69074
61779
61208
61208
9363219
61303
60838
68732
68723
62263
61750
61560
64923
64258
64971
68238
71583
67830
61246
62823
60961
63916
9095528
60562
62244
61988
67270
60990
60942
62785
9098634
60705
61009
67555
60857
61864
62529
60467
68875
61664
61266
15338634
61418
61313
63023
9379996
65673
62909
68647
61731
60781
61494
61095
68970
61513
61171
61769
9065593
60743
62111
61987
62206
62035
61142
62918
61332
8277027
68020
61769
62843
61512
61987
63175
63194
70309
65930
10438780
62672
63175
61284
61399
64229
63773
62149
9024174
67355
61836
61759
61683
61322
67545
61589
61361
67954
61617
7516951
61598
10360472
65417
61864
63298
67811
61731
67403
68989
61893
63622
60838
4511522
16790784
63346
61874
62339
70937
62405
61560
61522
61028
61341
9083710
61874
60809
60676
60933
61788
61133
68457
61417
68229
62282
15164916
61598
61807
67384
14999693
62301
64306
61655
70414
63232
9318179
60686
60601
61199
67326
61807
61417
63394
61503
67707
67944
68248
61911
61665
60943
62757
61503
61228
61674
15143114
63004
61655
60676
62719
69597
69920
60829
68010
62272
71003
62871
69132
69036
65293
62007
65588
61950
65730
61674
65531
62377
68960
62158
64115
67906
64761
61778
65531
68438
9064178
61190
62966
67383
70044
62491
63916
13329327
64800
62520
64448
62662
65293
61370
63508
63450
63992
69094
69293
63165
62643
62966
64381
61778
65122
61351
63413
70234
64553
96178
61218
62206
61911
69075
64106
64410
61503
69730
68143
87296
61816
61598
61760
62073
61987
61522
9078286
61228
62244
63669
61902
62168
68257
61607
64970
62215
62168
15354869
61987
64106
61693
15033085
68086
63641
61636
61351
61494
68847
1648801
63831
62026
62577
68457
62519
61950
62567
62662
61655
62139
9269141
61940
64438
61636
63574
61617
61750
62329
67868
63669
70499
8799831
61741
62235
67184
63792
62757
71050
61683
61370
61323
62111
61779
61721
62786
12217304
64135
62947
62272
67336
63308
15973034
62026
62216
61712
68932
62672
61902
64799
62700
62082
61873
62253
61180
62016
9048379
61978
64847
68371
70310
62757
61883
64296
68001
67877
61484
62064
63223
67754
62158
69759
69730
63118
65056
62254
62254
61873
69207
62263
64410
68514
9049909
62054
61864
62586
60316
61712
63175
61788
61874
61740
67773
15305554
67992
67260
68067
14436352
63631
68011
63593
64011
65199
61417
67735
62738
6332396
68723
61911
64686
62491
62330
61417
64021
61740
62158
61446
61370
62016
61446
61133
63546
67726
62149
64049
61845
61484
15222943
61778
62634
61256
14998106
61645
62044
61798
14790322
62329
62482
62577
61940
62054
9113597
62292
65265
69683
62025
62263
62035
67944
61370
61608
62159
15368330
68808
61456
61721
15069508
68485
61360
61959
67602
62386
9324506
61912
69474
67858
62282
62225
65018
62358
61208
68267
62045
14939244
61275
64410
67079
62491
68476
9309610
64096
62919
61342
61817
60867
61807
61066
62092
61151
61893
71402
62567
61104
69246
62710
62424
70566
61085
61503
62187
62377
69274
64562
68030
62577
64904
67811
62814
9043440
60705
68219
62121
62738
62957
61018
67365
67460
63175
69673
15350271
61351
61066
71820
14909604
70842
62510
63726
14990344
66177
67707
61646
62652
64144
64391
67897
16691509
63545
61256
61997
62330
61389
63584
62130
64562
62662
62614
63697
14707890
68428
62101
62282
61227
61665
9131163
61693
60924
61731
68447
61712
61161
61180
61531
67953
70528
62748
62215
64761
62130
61674
62234
63441
61968
15147836
62700
62899
63099
62643
61408
9335298
68476
62111
63555
61588
61893
61456
61370
61294
67688
61541
63574
61427
63033
62387
14702134
61731
68951
61104
68124
62035
9065080
63536
68979
61569
62291
62529
65066
61294
64315
61370
63032
61494
61855
9112580
61902
60800
64514
61189
61987
63308
61589
72903
63982
71630
60373
68476
24135833
64448
62691
8063458
62519
12450405
64686
11709577
63650
62320
11781187
61807
61921
62690
61142
62662
69074
63755
61180
62254
61769
61930
60296
67782
62510
61351
139432
9172972
61152
63222
68552
7940803
62786
61456
63156
14991580
62035
61674
61855
71070
68077
62918
61826
61313
62215
9342604
68704
64192
62130
67041
68780
62415
16182813
63565
62026
64277
62424
68761
61874
63470
61864
70262
9035593
61332
68067
64363
65712
8630817
64790
62500
61208
61038
62900
61275
61503
61721
62757
60933
15360408
61132
62368
60695
15034614
62083
63318
61237
61075
61209
9344257
63992
61788
62158
64239
65170
61370
67232
61636
68552
61788
62054
62672
63802
61142
61076
61797
62348
63013
61199
62567
61959
69359
61978
15311416
64923
62501
60619
14955622
61969
62700
62177
14994591
60667
62177
68029
67735
68543
9349625
61779
62121
61750
60734
61399
67744
63365
3785285
68343
61607
61655
64838
4120482
17053070
73264
64790
70062
69797
64790
62976
72219
71991
62567
63935
62291
62795
64657
65873
72732
66823
65236
64657
64087
7174428
11412521
65217
63280
63014
63137
64458
66965
63023
65635
64477
62016
62187
67783
14954605
61883
63688
67783
61351
66377
62567
64059
66044
15023176
69663
63593
70936
67707
68362
62729
70689
72181
15092831
62206
62339
69274
68115
62881
61721
64049
66472
61665
61380
62634
62491
64372
61826
61902
66129
67954
62529
70348
69796
71193
62662
94544
62282
62282
67764
62966
62747
63061
61028
66224
61665
63346
63659
62576
10607510
67212
62605
65759
62804
68533
62320
63146
70528
63612
61494
63679
65730
9068833
63583
72931
62025
62187
64799
64087
68609
68761
64001
73169
62567
63593
71934
71934
65920
68343
67327
68695
62975
64942
64876
61645
64838
63802
64828
64667
64733
65541
64182
69112
15261313
74774
65997
64666
62852
62985
64524
61512
61427
15207030
62529
61161
70157
64799
61379
63688
63080
65018
71060
64609
61703
65930
67013
62520
63089
62291
67336
72399
61722
61778
63992
61332
67602
62197
20430083
63717
66595
62785
75250
12958542
62539
72903
67080
62453
61617
60752
62643
62700
63365
63004
64571
67545
70338
62339
68219
66338
70034
71516
64382
62111
68780
62424
75002
14981395
62215
62928
62282
64087
63792
62064
67725
68951
62387
65939
64600
63574
63280
66994
62082
68238
64391
61323
64391
63631
61541
71050
67611
15708791
66348
64134
63185
14496668
62643
63014
63678
62140
64591
64068
61389
64581
69474
60696
8780157
63374
64125
68742
67222
69407
63299
63146
65066
66519
61740
63251
62434
99969
62662
62871
68751
70946
68780
61484
8835123
69692
62358
70832
62529
64173
64514
65949
63973
67573
73881
62206
63156
65104
66927
65702
14938817
62823
64467
70414
62500
66794
62339
68343
62130
65531
68324
62054
64201
64876
63764
65351
8997364
62311
65844
65654
61028
70576
68115
67859
65341
65198
62928
67821
70442
61228
63526
70613
61560
64733
65711
61408
98011
63080
62833
71526
66434
63650
67992
62187
61028
64761
63897
62367
64020
65142
63156
14782057
61569
71640
64344
64875
65569
60449
65436
62880
15031555
64866
96872
61019
61218
66092
62719
63926
65037
15155122
62073
64913
66016
67878
61351
73198
64030
62196
66367
70576
68524
63802
63802
61607
64477
8709686
67744
71810
63251
63982
64980
63052
61645
70880
63080
67260
67222
68162
62111
71858
63422
62111
66738
63156
62567
62785
14858333
70927
62975
67260
63802
71070
63574
64790
61028
64534
63241
61940
65578
67507
61674
65616
65350
62444
65522
64876
61845
64847
63602
65408
67574
68789
66747
70196
61427
63517
64572
63906
61237
64419
70119
72190
75297
64401
66604
14662139
62957
63441
65388
62215
67688
64286
67127
61560
14957247
70423
62586
64847
63441
68666
65892
62681
67735
14921052
65294
60448
69521
64999
65901
65996
66595
64666
69996
61988
65132
65531
60990
63308
62700
63213
66177
66186
60866
66985
63688
63232
64676
64381
64999
68989
69815
61949
63992
68618
8781135
64628
64685
63204
65360
63612
60639
68238
62681
69093
62652
64182
64030
63166
63384
70841
69359
73901
63308
69008
63166
63213
7810700
63983
6063451
66871
63109
62871
65037
62681
66624
67726
61560
69825
66158
63165
61399
63403
72333
14917803
65484
69417
61275
64743
68524
61988
66063
63042
68058
63631
63811
62187
64087
62937
60515
64828
63964
61503
63498
9050830
61380
90041
64106
62500
64324
63622
62501
65103
70766
76209
72998
68600
65503
67678
70138
69730
62567
61779
61978
61883
63146
64837
61636
64486
63508
62073
63564
61579
64619
62928
62472
65398
65968
67450
13039178
69863
62073
63802
63688
62301
64486
63479
62178
65787
68932
62310
63222
63945
65369
70414
67469
9652589
66215
65351
62510
64543
64847
68305
64818
63298
66367
63812
61256
15202613
63612
63099
64334
63897
60648
64505
63802
60999
62700
68391
9033730
63004
63527
62434
63128
62272
61598
61655
62643
61978
68134
65521
61114
63897
66405
64524
15021979
63992
64847
62434
70756
63669
63603
71374
69549
14872544
66177
62700
61721
64971
62700
69587
9259261
68400
62016
65997
76171
68923
64515
64857
61379
65455
69236
61550
62842
63470
61237
62729
64628
62538
63289
64163
61911
15221061
62519
62159
70082
64039
62320
63821
63555
62766
64078
62387
8893273
69302
61617
66415
63071
61114
65217
60772
63565
8767065
62102
65787
62862
62254
63612
63014
60848
62757
64790
61873
67079
62919
62729
63935
66832
61132
67231
61797
62007
64562
63716
61408
71469
63964
61721
65560
64514
62823
65483
71155
67564
62092
63156
61455
62938
61845
67640
71032
62586
62225
134890
66215
61911
63460
69977
11846110
72817
65208
9154798
65569
62833
60990
64961
64619
67127
68429
64182
62482
63802
63061
61826
64334
69017
69094
64410
62890
68001
63052
71193
71478
63707
61294
63574
65455
5271797
62453
61417
71478
63878
61778
64144
65142
62890
63061
63279
62681
63431
62519
64258
63745
62406
63698
15201938
67232
62643
62671
68685
65037
7882150
61788
12433401
64343
61636
8340050
71060
61978
63203
63175
62567
64439
63108
64781
68124
61503
70746
68714
61142
64344
65322
62415
64011
63631
67326
66129
14808876
62092
75706
65958
72818
67621
100215
7226203
64011
65892
62063
66443
62766
66766
62938
70955
62909
62615
70623
61209
66908
63156
79781
65474
64762
8654586
67412
61883
72342
61598
63527
62776
63422
62424
63840
61189
70186
61636
68989
65778
64344
63270
71924
61313
63916
62957
69853
65996
73616
61797
71564
64391
67801
62339
62510
62025
14839855
68818
64714
61132
70956
63137
72039
62263
64714
14833851
70101
62225
65835
64001
72219
63147
8819192
69379
65797
62662
74414
63555
65920
65750
65179
75535
61740
65360
69236
66500
64030
65683
61465
66633
15092593
70148
64381
69360
62320
71830
62843
69882
67403
62501
63526
19157729
72533
62510
63356
67821
68495
78916
63127
61864
64999
64020
61959
14525671
65541
68229
77415
65103
64999
61465
8709077
61094
71478
62320
64572
62586
72846
61646
70851
62615
64847
61436
64248
64761
65882
63175
65341
61921
100415
62007
72333
68200
66890
8990154
63954
64287
70385
61873
72105
62842
64970
62149
64201
63023
72419
62576
71012
61598
65218
62643
64970
65550
62472
62443
73520
63536
65873
61940
64286
61826
70689
69863
72979
69454
72333
70975
66186
70385
68276
68182
62491
61532
65180
61237
64438
62149
64837
8960904
64410
62387
66129
62975
63213
61455
65674
62605
61883
65208
62178
73663
61322
62975
66595
61627
64306
62957
72684
67621
15195279
68029
71744
62548
64287
67944
64619
63033
69483
63783
62159
68457
65075
66272
63935
62234
63793
61797
68847
61712
68390
69892
71753
63223
65151
63394
63032
63137
74851
5059092
62216
64648
69645
62985
65170
62890
9030054
64182
68837
63232
63973
68571
62386
73017
68248
65921
64875
72352
64391
64724
62396
64686
62016
64704
63907
71668
64040
61911
65778
62254
63868
61721
66491
61436
8695569
68675
65274
67802
60885
61513
65075
63517
62064
63574
64020
64609
61323
65655
68628
65398
61949
67991
62253
64182
61360
14839427
70946
61009
65009
62310
72086
17394319
65740
61902
65674
62861
65037
62529
68780
63365
14754868
62729
68305
61997
66833
61342
62482
62700
65664
24786393
70281
68656
70898
68714
17485244
70832
62548
64970
69806
78423
63108
65512
62101
64695
62235
64752
61703
70747
61417
70604
61075
72884
61769
64923
68324
63584
14814234
67070
61579
66985
62311
63736
68505
65464
72143
13516809
68343
61626
63859
68856
71886
64961
68258
63422
63849
14402076
69825
60848
65313
67583
61418
71032
67089
66662
63042
64362
9024164
66348
63355
65284
62225
64695
64552
69132
65825
62453
69815
67925
64372
68552
67289
62738
67763
64505
70727
63156
64771
63812
65094
64334
69559
61950
65360
70243
69036
61560
71877
68201
75363
61018
64400
62140
69435
62434
65863
69673
64980
62130
65199
62900
70528
61826
14875404
60895
65455
62311
13464018
64040
62605
64581
63413
69549
73283
69578
60999
70300
61950
61170
65540
67583
65484
62348
64220
64552
63498
62349
64619
9088944
60838
63517
63992
69321
66111
72494
60923
63982
63641
62263
71953
15025941
60401
63821
63184
61246
64914
64819
61968
63593
14936508
62614
62472
63773
64172
72457
64562
65597
63384
71174
88350
64125
69739
67554
15184183
63583
62510
62833
63650
61513
64457
69863
61655
64391
63621
8539493
70366
63963
61417
97252
66129
62101
67792
64448
64391
64590
69806
69103
66956
72295
66034
73008
72200
61930
69711
64362
14962833
67098
65930
62605
63907
62842
64410
64030
62947
4587047
63450
70310
68941
61674
63365
62624
62852
71098
64733
68381
63166
67602
69274
14989290
68011
67298
64847
61484
63963
61883
61456
63812
64106
63080
64267
76902
63688
66481
63916
61351
64771
5967929
63479
72333
71155
69027
71972
63042
65199
63954
70528
61683
63811
63526
62159
65141
69008
61589
64562
65123
64581
63849
63811
67783
63317
60306
63631
67003
66870
63982
5035694
15979551
65940
60790
64040
67136
69835
63374
62605
66034
64154
61826
63679
65816
63109
63355
14931901
63489
64097
62206
64676
73891
62510
64115
62861
62349
70195
8828711
61788
64448
62092
60905
68904
63412
62766
63260
71345
61465
65683
63983
61189
8811402
62795
62320
64391
62823
61760
68086
64685
65787
84474
72533
68514
62121
65531
64638
63384
63004
64173
70604
68865
73739
62558
69616
65047
65788
62985
66576
62738
76627
61569
15006200
62358
70338
62843
64847
70404
69008
61342
63840
14990392
72352
62035
62899
65778
61646
69559
61522
64515
14937401
65588
61646
66652
63422
63337
62643
65445
63356
64799
62187
99351
68001
63479
62786
63222
63061
61417
62377
64401
65389
9007339
66880
63080
70965
62377
67174
67934
64752
63109
71735
65151
63251
67251
67308
62691
64201
62206
69891
64752
73283
62453
70974
63204
66956
61778
65303
61978
64524
62273
63555
64857
65417
61940
8764757
62472
70652
63441
71535
63707
66158
63308
66776
61854
68191
64277
65617
64467
66481
62595
64486
61341
69160
62054
65113
63175
66205
71649
71041
61978
72951
66842
62130
66443
62500
70576
62320
8703548
62444
66966
63926
67640
61702
64049
61399
16644618
61626
63612
61731
66928
62377
61323
64904
61617
64581
61778
64410
67469
4959912
62624
69113
10122944
72257
64942
63393
61978
69778
61674
62054
64448
63356
64306
62919
62500
62149
62111
61759
68495
61379
63431
63726
62576
62548
61446
64562
61684
60553
61902
62472
60866
60610
68039
61189
61731
60486
62244
61493
61988
15334235
68181
61009
61019
62254
61161
9382628
61056
68067
62149
61075
60553
63279
67165
61456
62092
61370
67051
64353
60847
62083
60762
61123
61636
67478
61085
61807
61285
67498
14171948
61047
61731
62045
61047
62633
61180
61389
67412
67061
63108
61237
61294
60524
61228
61161
64828
22435732
70081
62633
70148
63317
63014
63697
67317
62785
61750
64980
61664
65997
65189
62633
62434
62216
61256
63916
61760
62007
67678
15209186
62757
62282
62415
14943386
61493
63869
62871
61417
60952
9367256
70385
68780
61845
61617
63621
61294
61588
61921
61626
61493
65151
61370
63488
68486
69293
68134
61674
61541
61968
61237
61190
60847
67070
61085
62415
61342
61019
3715117
17702006
61028
60506
61237
62168
62025
67298
61494
62016
61275
60847
12658541
61019
61722
62434
67783
61484
61475
68105
64372
62016
61702
62652
68096
64068
25724357
64192
64648
15706701
63033
69198
72552
65132
12232257
5656936
63280
7854306
70205
63365
63194
64762
63289
63308
63830
61389
63574
67184
62140
61361
61835
62301
61655
64590
61436
61664
62843
61959
61665
61987
61940
61208
61598
63983
71469
62101
68162
61237
62462
65436
61512
63878
63640
71003
61845
61712
61874
61759
61493
61541
61085
67374
64191
61826
60562
60829
61541
63983
64990
61598
62586
61446
61655
63042
62054
63735
67735
9368302
61000
61769
70575
63536
65493
62368
67574
61161
61712
68961
61446
61721
62614
70328
69530
61931
63431
68543
70338
64942
62928
61436
66889
61322
61816
60781
61455
62045
60962
67944
61018
61446
62975
63479
61323
62862
69160
62443
61436
69246
61798
61190
62890
61133
61940
3271515
62653
62557
63165
61256
61626
61475
68181
61075
61655
66890
61655
61389
62377
15268799
60724
61674
61085
14996985
61893
61351
61304
85756
62320
9328069
61836
61408
61446
61199
68115
61741
60876
9142344
61807
63679
61475
61826
62102
62121
61465
63812
63080
62234
5655369
67678
64125
62538
61997
61760
64524
62130
69331
9852697
62016
63774
62377
68125
62282
15174416
62111
61588
63631
14954472
67877
61199
67146
67859
62263
9065840
64552
61351
61266
62025
61361
63147
62672
61550
68448
61921
15312746
61493
62139
62007
15001621
69046
61750
61380
15018749
62101
68058
68942
63251
69170
8824550
62111
61997
63317
66643
62111
68030
62595
63327
61332
70262
61836
94706
60952
62149
61361
61265
61997
61398
61218
66947
61693
60771
62453
61522
64249
62282
61522
65550
15085544
66747
61855
61341
62054
61826
61731
61636
61969
61532
61873
61418
67270
62577
61455
61741
61417
61123
62044
62567
62482
63232
64923
62016
62348
64172
68144
62130
61883
61522
61750
68210
67849
10313418
65218
64116
61389
61379
66975
15393078
61085
61208
61598
15018398
62082
62234
61854
61950
61332
9056493
61493
67583
65389
62282
72656
62729
61788
64068
67811
67678
13750243
68296
61674
68713
61322
66851
9108239
63365
63422
62957
62282
61598
61437
63489
67213
63745
73074
3202307
66823
61655
67944
61398
60733
62235
62196
62557
61418
71212
62301
61189
63726
67849
61142
62358
61484
9005316
62139
62786
60952
61484
61607
61541
63184
69920
61009
61522
15312404
61304
61114
67726
63555
61674
61712
61237
61921
63432
68172
61712
68362
15318190
61579
61389
61864
13884098
61750
63356
63488
61722
61294
9066638
61256
67355
67849
61237
62748
61342
62035
68229
67991
60838
61418
61740
60923
62025
61930
61959
61494
61655
15216501
61988
61788
62025
15055229
64306
60999
67365
68371
63792
64724
61494
61370
61779
61066
6689653
61484
61000
62149
61199
62301
61123
63507
61702
61398
62216
70889
61038
60620
68562
61465
67802
9046736
65655
61513
61522
61693
61341
61826
61465
61009
61854
61959
14928747
60790
61930
61797
15018398
61883
63299
62348
63859
61608
9374970
61465
93575
61541
67859
67431
61237
60572
67488
68932
67630
61142
62424
62263
60943
62482
61218
60990
61997
61911
61949
9032515
60752
61351
62215
67592
66576
68248
67526
63489
62795
69303
61598
61684
61817
62196
15244802
61798
61266
61769
15036876
62586
61313
64230
14848890
60942
63004
61275
68751
69559
9073241
61018
62909
63726
61275
62577
61275
62396
61294
61778
69683
62472
61978
63109
62149
68580
68742
62234
61037
61332
60705
61351
67611
62738
15190168
68789
60876
66633
14809787
63688
62225
61693
60714
60477
9298049
61778
63451
67954
62196
61760
62120
61788
62339
70309
61617
62710
60942
60724
63384
67830
61646
61047
68153
15323034
61265
60895
60677
60867
60506
61085
68277
64895
68904
67535
60952
62472
67659
63650
10849028
61436
64752
70423
60819
62596
67830
60942
62862
61047
64210
62672
62073
9325285
60885
63327
60534
66880
61170
65189
62434
61608
62729
61170
62092
63185
63707
61788
63280
61294
64096
61180
61560
61883
68077
61456
64030
62130
67365
60791
64078
61778
63555
61436
8874919
60686
67640
61788
62244
62121
60895
61180
61551
62339
62064
61693
61959
61579
61655
65246
61474
61370
62976
62254
62073
9049083
61788
61788
16045082
62139
61513
61446
61788
61399
61180
61807
15254074
61246
63175
61636
15007653
69711
61427
19581713
70385
63897
62643
62662
61370
62073
66813
63223
62558
68172
60629
62548
60600
61826
15621230
61959
60658
61199
61247
61817
62140
61845
15202641
60743
60496
62159
15010931
61018
61560
60306
63489
62510
9297964
66956
62558
60838
61855
67602
61750
64239
62348
62586
61788
15528681
63793
62985
62377
14567423
62805
62358
63194
62149
60667
64448
68789
61532
62776
61085
61484
67536
61465
61113
66804
61987
15370715
61360
63669
61788
15065746
60448
61446
61683
5746977
61531
62700
61351
61550
67374
63489
63688
61484
14081945
61493
62444
61180
61446
61769
61693
63887
61560
15318152
60876
61674
62947
15049824
61379
61902
61418
15055894
61294
61550
62025
71184
62111
61665
61988
62367
63470
68162
63517
64201
67640
61921
61845
63897
68808
61693
62206
63260
67060
68704
61911
61427
67764
61978
61997
61189
63802
68267
61237
62206
61066
61664
60971
60800
60895
15247614
60885
61617
61113
61569
61551
61779
70091
61294
61759
60382
61731
61256
68096
9133946
68999
62424
62462
65161
61750
61000
68457
61665
69977
62310
15380462
63536
67298
60886
15044077
63783
62558
61550
62244
62139
9393999
67573
61133
61617
67089
61864
62405
68447
61959
61104
62035
15633267
61437
61161
62795
15028763
68115
61218
61512
15013914
61332
61313
62643
15066069
66643
67136
60885
61389
63460
5714601
69967
61237
62130
61408
61731
61778
62833
61769
61199
61123
14700889
62396
61655
61683
15069489
61740
61341
61408
61930
61588
9379873
60981
61142
69293
64011
62757
67621
61418
9101637
61094
69654
61674
60772
61655
65759
62947
62586
68191
61731
62757
62425
64704
62235
61816
61209
61379
62643
61854
70480
60809
61256
69416
9079672
68581
63460
61427
61218
61664
61902
61674
8403501
68134
62662
61949
63821
62035
69559
64249
67925
61475
61617
4868645
67602
62168
61627
64685
60430
63773
11548115
64087
63555
8750640
67469
68495
61256
61475
62880
67013
61000
67573
60895
61627
15357472
62538
61294
61693
12229407
68505
62102
11397084
61427
61323
8734120
64657
61170
196583
62482
63317
61874
61788
67811
63726
61835
60962
61256
62272
61712
62843
61864
61598
61626
66737
73188
64780
65588
63080
63070
62671
62719
61807
61512
62120
61645
61636
9117045
61902
61342
71145
71715
75667
62500
64553
62567
63906
17182241
64809
13263083
71088
62006
64144
62168
69160
61873
62054
67184
5301874
61341
61475
61133
60505
67374
62444
63175
61864
61284
68219
62434
60933
62130
63080
61379
61009
61275
61284
63593
61835
15293898
61551
64277
61341
15039650
62406
61522
61712
15088622
65578
67954
62434
61674
60999
64135
64315
62101
60952
67697
61874
63897
62453
64201
8004691
61151
12503853
64011
61399
61256
60952
62158
62539
61693
61788
64799
62918
9056189
60790
61199
62871
67640
67887
61588
61180
61266
60933
60705
15588056
62120
67383
61626
62605
62377
67972
62054
61398
61208
9112020
62225
63697
63583
60582
64125
67383
61579
61494
61769
61959
68219
62282
61199
61949
61009
61408
61427
62225
64420
62348
67554
62691
61854
62900
62709
62045
61227
67507
9119734
61665
65863
63555
62111
62292
68191
61152
62453
61959
60971
15399690
67612
61683
62272
15037597
63660
61589
61969
15069660
61513
64761
61703
68856
64857
62140
61056
67146
70765
64163
62225
62282
12125952
63640
63052
68200
61598
63260
15991397
64809
62453
68267
61322
62947
61589
64353
15307046
69112
61778
61503
15042490
61645
61180
61588
15105684
61341
62985
63147
15013335
61028
60904
60772
61579
60933
9102862
60620
63004
61332
62367
61190
60838
61836
69046
62197
67479
68286
61418
9327822
61265
68666
60943
61427
69103
61455
60990
9134582
61313
61607
62919
61741
61940
61798
69597
69017
61361
61066
69512
66414
62377
63878
64211
63840
61665
61788
68400
63412
68267
62719
68476
68903
70034
61721
67764
61759
15298809
61579
80161
62529
14992662
65750
62671
62064
14541223
67963
61665
61579
60971
63375
64239
62672
61636
62710
61902
62700
60819
62729
15051638
61541
62985
61342
14902555
61427
61266
61275
61361
62273
9107926
61978
61322
62539
61798
61664
61835
61455
63204
61417
63013
69198
67716
61417
63831
10698871
62415
61342
68989
62130
63289
61284
63137
65027
65341
81386
8916652
64524
61864
61664
70243
66481
1438024
63460
62795
12689958
61446
61617
64933
62700
61589
61978
61275
62491
61636
61218
61636
61664
62225
15387834
61959
60534
62187
14990496
63099
61132
63736
15015700
63897
67260
62178
15097552
60933
64002
61760
61228
67336
9342319
61246
61037
64657
8107300
61455
62700
63850
67887
61959
67735
61494
62349
64363
67716
61598
61807
68352
9217337
61646
62387
61437
62301
61009
14566056
63203
60848
60980
61493
61113
9319044
60971
68685
61750
61798
61570
60544
65408
63394
61408
62500
15312831
61626
61950
69502
7207593
63869
62206
64467
62149
15278366
63194
63137
63137
62064
61750
68485
63165
62634
15309649
63327
63507
61873
15058412
61797
60819
61921
15031556
62842
67203
61665
67991
62092
9339517
62415
67545
61845
62064
65227
61636
62244
62747
61370
60952
68505
62500
61807
62937
15058175
67991
61351
63603
14969349
65417
62092
61693
61959
61095
9093011
66319
62463
62358
65455
63593
61674
62026
64058
61512
67203
62529
61731
61655
63175
63317
61436
61494
61303
61322
66870
63631
62719
61703
62482
67279
63374
70585
61978
63194
67735
61617
15245087
69008
68504
63802
15016260
61607
62282
61570
14997393
63336
61988
67744
61351
64913
8931624
68980
62111
79895
62216
68524
62415
61332
61683
61722
67545
61294
61608
9282412
68951
61275
61494
62747
62681
61417
62272
66985
61883
63802
15631271
63166
64571
62253
61693
68419
60905
62140
15276304
61151
67726
62424
14983657
62424
64144
67555
68676
62121
9322835
60752
61892
61323
63403
60962
13904675
61322
62994
60885
61826
63175
61303
62595
61959
14849583
61740
61208
61750
62073
63603
9254891
61484
67877
61513
62377
69208
61560
62700
62263
61911
61380
67991
15352617
67811
61579
67773
4708466
61874
62206
67583
61522
61114
62026
61028
61285
61475
61189
61883
62738
5450730
63583
64866
61902
62434
66833
62263
63745
62016
61532
63574
61408
9078884
69863
61503
62387
63555
61921
62273
62130
70794
69891
62092
61608
63422
62501
62244
61275
15305631
61370
61076
67412
14951518
67279
61436
62197
12752895
61655
67583
62292
67440
67925
61076
62121
61750
15595067
61227
62073
61009
60791
61969
63023
64809
68381
10736662
62016
68581
61940
63669
61750
61513
61684
61950
61626
68201
61085
69302
61085
64866
67953
61455
61370
61570
62481
61978
9066040
61655
63450
62045
61142
67345
61750
62083
8113627
61227
63536
61940
61085
61778
68504
65284
64191
61304
61864
61436
60971
9317980
69549
61532
61189
63811
63536
61351
67792
61180
63878
61807
7770363
67621
9827493
63089
61323
63546
61427
70708
61816
67915
8842391
64410
64230
65759
67849
61341
67744
61759
68058
61589
70205
15330378
68077
62330
61731
14955147
61750
65303
63479
61028
63821
61332
61997
11433373
61883
61313
8727973
65930
61142
62386
67326
61199
68685
61968
63745
62045
61930
61674
62662
7221672
63412
62177
61342
61798
62073
62463
67459
62197
60781
69483
14800991
61408
68248
62149
61246
62178
8963735
61940
62757
67593
61617
61360
62054
62054
61741
61921
62035
15136094
61342
67773
61209
14930152
63735
61152
61902
62301
61446
9095329
65160
62225
67897
61247
61294
60990
60828
63641
61760
61902
63545
66643
61246
60885
61969
63241
62158
61493
62387
61503
8997754
63175
70604
62035
81900
64657
62026
61855
62491
63061
61427
62405
62282
9315225
61835
61608
68172
61285
64420
62548
61684
61931
60714
61513
15291105
61123
61161
62149
14959061
62215
61199
62073
15005544
64001
61531
61798
64362
62747
9046745
61000
61855
65854
61579
61285
61655
62263
61531
68248
65370
61018
61208
9346195
61132
60173
66690
63118
60990
61807
68799
9055239
61693
61541
61189
62900
61845
67431
60677
68049
62491
69806
15097276
62111
62861
61417
74489
63869
64363
61588
61997
61836
61503
68267
62548
71573
68514
62016
60686
9041112
63878
62139
62824
62301
64648
62177
61427
62016
62329
60762
61113
62044
9243595
61988
61921
68818
69179
70965
61456
67820
62158
62120
62291
63071
62216
61342
61265
68162
62101
62130
61750
61617
62510
64809
61189
64191
62339
61465
61418
61959
15292720
61807
61380
62073
14952791
62415
60800
62016
14437796
68884
62102
61323
63004
63251
68153
67212
61969
15430128
64609
61218
67421
14716687
62596
62111
62558
64866
61152
9059932
61579
61446
61807
61911
62225
67602
63137
11218607
66633
67764
18690927
5356508
64838
62539
64087
13274758
71193
1203165
10211351
62462
63460
62605
62453
62586
61598
68704
62861
67773
72010
63754
62140
9060188
68343
61902
61455
61883
67811
68048
67935
63688
62206
62273
61199
62035
9237049
61541
61531
61294
61171
62424
61085
61531
61332
63469
62843
15223446
61988
68181
63270
61817
62453
9320213
67944
61845
61912
63536
62956
61988
62396
62216
68409
62786
18905655
64391
64163
64952
62197
68837
62596
61902
63564
62263
61987
62235
62367
66947
11075936
62054
63032
61408
62111
61370
15528947
62795
63384
68077
14946302
61532
61294
63489
61750
61418
62767
63460
62368
62909
69036
63013
65293
62804
64391
62643
61180
60971
62491
61798
62329
68419
15089525
61209
61541
61152
61313
61474
9020763
67973
61816
68229
68970
61864
63146
62045
63346
60686
62092
14973758
67640
61693
62197
61484
67935
9046878
68295
68144
61560
70680
61788
62386
61494
62054
61531
60933
15337503
64277
62957
63460
9604614
62453
61588
61959
63669
61693
61427
11514627
68495
63394
8712070
71098
62130
67897
61978
64980
62111
62653
62586
62463
62766
62738
69378
61551
15227588
63356
67298
62292
14889540
62025
61608
61474
61380
61142
9091168
60714
62026
66899
63755
61788
62624
62225
62177
10418431
67440
68685
61161
60914
69046
69103
61342
9359961
61275
65521
61094
62187
62576
62282
62330
5823690
63279
61921
61778
62596
61560
63251
62158
62158
62216
61503
62120
62396
68552
62139
64324
63830
9033873
61379
68125
68752
7703389
68685
12561318
70167
61788
62368
63546
68656
62719
62292
62567
70556
61285
62073
61798
67697
61883
61702
61332
62453
12296904
61731
62833
61389
63118
62957
61836
67232
61921
62101
62064
67402
61940
12316760
63897
62890
68324
61551
61940
62358
61693
61190
70975
65873
62158
67060
61389
15334929
63954
62710
61171
14968703
61874
61075
61066
62301
60430
9314598
67763
67270
62367
61741
62339
60695
61608
68970
61769
61968
67488
70746
62624
63013
62700
68096
62577
61550
61265
68961
62102
61351
61950
15435970
62016
68694
67127
1215829
62994
63526
61798
62443
68581
68808
62596
69046
61531
11416045
64448
61408
63555
66842
61921
15496030
61883
61560
64020
14932480
61836
61484
67887
61380
61949
9066981
62263
67925
62216
62225
61285
61199
64020
61123
66908
68970
61550
71630
61921
61370
14618562
69777
60962
62377
61874
61304
62691
61617
62386
62349
62652
67393
61607
61427
61646
9303711
62538
64230
61788
62795
62083
62082
61646
9073383
61313
63308
62909
62149
61427
69635
61132
63223
63071
62130
15392233
62434
60486
62434
61826
65094
62168
61361
5674350
14545165
62282
67507
61816
62767
67573
68182
61550
69559
15262111
61436
60980
69303
14966765
65693
61741
61398
61940
62358
9289708
61845
63384
68144
61693
69521
61579
62576
68381
61551
62672
67963
61997
61760
60848
61940
61484
65189
68467
67935
63165
64495
66852
64296
61199
60847
62520
67450
61987
61380
61303
61351
15213927
62804
61313
69787
14551008
61940
61712
61113
61532
61285
6607259
62539
62140
70385
61332
90867
64429
15295152
67593
61275
61598
14996063
68153
60971
61066
62044
61560
9305582
61712
61408
67592
61494
68229
62700
60657
67336
68030
63327
15578689
62918
62748
61684
61645
63004
63802
62662
14556708
64049
67773
63840
60924
61341
65645
61218
61522
62833
61721
61218
61769
63792
61341
61522
61807
61911
61816
63013
67175
62073
61655
62244
61323
61446
61285
62120
67412
62633
14084234
68723
61332
68086
62130
61189
62424
60771
61437
63194
67697
61408
63317
61133
19149863
62254
61417
61399
61750
11205488
61636
61370
67003
63802
67640
62178
61721
63279
68286
14592636
63128
66643
67906
61522
61560
62558
64249
70490
62045
61664
62330
61589
63033
64999
61779
9265274
61778
62273
63735
61094
62168
61322
61133
65464
60648
61873
15244935
62975
61750
67156
14735308
61123
67678
63517
60563
61503
70224
63688
61588
62766
68666
61816
67118
62757
61294
61978
61009
61323
62121
15212587
64685
67194
61683
14950948
61712
63925
61579
62728
61151
9054659
69008
62577
61171
63394
61712
61627
67801
60724
61199
61589
11989085
63935
67450
11428301
61399
62757
8700205
61560
67887
63802
67013
61579
67051
65256
11068364
62548
68096
68286
67906
62368
62985
67536
66908
61893
60990
61161
67165
64239
61674
5347712
64638
62272
68505
67631
61237
61883
61911
67469
61874
61560
61370
61132
70595
60724
67308
63080
15201463
69293
61484
68087
14870540
61522
68381
62016
67403
61541
9319823
60886
61997
62054
61408
61085
64999
67383
67460
68961
62244
61199
63526
61598
61522
62320
68257
61009
61646
61645
61760
61949
67555
67450
15246968
67621
62244
61826
15032135
61437
61864
61218
15002201
61208
61066
61275
63337
61123
9312784
66719
61931
154118
11211282
61826
68590
61978
61408
61351
67155
68951
61180
61303
61247
63479
61598
70015
61237
61389
68391
61370
8948278
62367
62491
62415
61826
62386
68609
67545
61170
61437
60629
15324051
61968
68257
61560
68125
62747
62016
61664
62386
61759
60752
61902
68391
61636
61627
60705
61626
15383740
61722
62928
60933
14954112
61750
67915
61446
15034785
61408
63755
67232
62073
60781
9274252
63460
60895
62662
62063
63146
61303
61266
145283
64400
61978
61275
68134
61332
61655
61845
61171
63051
61854
61921
62405
9139000
63308
61170
60866
67801
61218
61360
60572
69236
60325
69122
61626
61256
69483
61693
67934
61237
61645
61522
15269711
61256
61845
61332
63013
67716
60914
61836
62111
60420
67631
61437
61161
69074
61370
61237
67859
12613369
61655
67526
62206
67830
60791
9125823
68011
67934
62187
61323
62244
61152
60477
61142
61408
68343
15505007
61484
63735
67412
14790246
61066
62424
67906
61294
62026
9360578
60848
61522
62187
60676
62025
61123
75572
66348
62804
62234
63992
62396
62111
63336
62140
63280
15143456
62282
64306
67592
67802
69046
61779
19927685
62025
62063
61247
61617
11059862
63926
61503
61246
68125
67526
15281434
64363
68286
60430
67669
61446
62244
61332
67003
61826
69616
61759
62149
61551
68391
67146
61560
15283182
61000
61531
67792
15054251
62035
61636
61835
67877
61104
9288473
61665
60829
61722
70044
61342
60943
60867
61066
61142
61674
14902089
65730
62225
69293
14978308
62035
61323
67345
61351
16169066
61189
61170
62035
61626
62672
61076
60610
12143935
63688
60600
61902
65208
11016960
67858
60857
61617
63546
68571
62652
68172
65179
61095
61009
62671
61712
62197
60515
67963
61655
61104
60543
15223664
67859
61085
64258
8641998
68305
62947
61427
62842
61351
61655
81139
67402
5251885
68714
66956
61294
62520
60819
61342
60895
63764
61218
71146
67393
61028
61342
62909
61750
61180
61151
63745
68371
61892
15150724
61598
61085
62225
15028288
60838
63546
61113
61256
60923
63213
61598
67032
60667
61104
61949
61855
63583
61446
67612
63384
14768757
61655
64970
61038
14992349
63479
61019
64134
61265
60259
9128759
63660
65312
68562
62092
9056597
61418
63166
69663
61304
61503
64685
62121
61199
67003
61370
62539
61389
61228
61057
63308
67706
9087330
61655
62301
61132
60961
61227
61446
61588
62406
62662
62348
61294
60886
68105
61266
61731
62738
62158
61522
67668
62406
61864
61607
62529
61104
8062014
61750
12540665
62292
68143
62158
67355
61389
61845
61759
61484
65265
61171
9001060
61969
61636
62054
61398
62415
61104
63963
63308
61047
61475
68599
61655
63137
61494
62130
61399
67441
62349
12993274
62348
61683
61417
67421
61997
9076195
61826
61598
61769
63698
62405
70433
11416644
64534
61997
6792956
87286
68438
61512
63450
61608
62178
61930
61617
9022454
60819
61560
60753
61855
62244
61892
62358
68419
61123
67308
15572808
61047
67127
61266
15012698
66728
63194
61275
15004642
68229
60914
61256
60857
61190
9361290
61294
61702
61342
61047
61484
62301
62054
8423963
61684
61693
61332
61113
65056
61123
61104
61123
62358
62330
61987
62083
8845612
61912
63612
61883
61038
62510
61275
61294
61009
61095
61911
3882384
17574715
68941
62244
64325
62662
64153
62424
62377
69074
61816
61864
61437
63935
15307597
61741
62054
62900
14767779
61028
61228
61427
63355
61845
63089
69169
62558
61247
61247
61569
64666
61892
61598
60848
62177
60857
60914
9354470
60734
60838
61142
61731
61351
62187
61028
9107650
60676
66756
62500
61531
63716
62329
66851
61531
70005
60886
15653112
61228
62900
68580
62472
69179
62330
67516
14513141
61180
63223
66984
61855
61969
9116038
69873
61579
61883
64856
61038
61418
61902
64248
66015
69198
62861
68267
61170
61741
61817
66861
60563
63061
60990
9023281
62671
61655
61731
63574
60990
62890
61655
61627
62386
66927
64562
61750
67041
61541
60781
61399
62120
61304
15256354
61655
61199
62177
14893093
62177
61646
63241
61646
61892
9372178
62206
68229
67374
60752
68314
61807
60620
61636
61189
61664
14866322
62026
67839
61702
60867
67858
9066677
61456
61142
67973
63735
61665
61588
62054
62786
61047
61351
15033152
63526
61370
61579
15252469
61265
61323
66633
15046414
60791
61465
67013
60895
66890
9390997
61009
62434
63707
60809
70433
66947
70176
62101
62273
61142
61208
100453
61151
61456
61446
61617
60686
61019
69911
62244
61370
61085
61256
61598
60971
67972
61028
62064
60943
62881
60306
63811
61845
62234
65398
62557
60828
68277
61532
68229
68125
15358669
61113
61085
61551
15038956
61959
61655
64895
15042908
61313
67117
67365
6816240
61627
63764
63118
61988
61646
62596
61180
67374
61655
62272
60601
60819
15293670
68618
67308
63669
15040467
61959
61161
61655
15055229
61569
61351
61009
15072823
62121
62063
61978
67070
61399
9367523
61532
61285
61332
61712
68590
61009
69749
62121
61057
67887
62083
60866
61408
64714
63061
62168
67422
61104
68162
61398
63051
68143
60610
61104
67022
60923
68542
68362
63944
60354
61123
15351724
61588
61741
66994
15067912
68372
61683
68134
14832265
61693
60848
61702
62073
62938
19145131
67934
62149
70167
61446
11142503
61227
61028
68352
63308
67554
15299665
63584
63260
61208
14953257
62282
61598
60686
67916
61332
9096250
69616
62766
61702
62035
62387
61380
61446
61750
63013
62140
60762
61522
63564
60563
69274
63678
63147
63869
64809
62140
61703
61066
70395
61113
61741
62947
61474
62557
61047
67688
61465
61066
62415
62234
63242
61351
61893
5282817
63441
66775
61836
63099
88730
63432
62643
67735
63080
62919
63631
68258
60819
62254
61968
63242
61940
60648
61598
62026
67545
61674
15227075
71336
61332
61769
15040799
61513
67688
61541
5698936
62947
61912
61341
61845
68172
62206
61180
66053
60933
67868
64049
62510
15333085
61360
60496
61826
14978536
62396
67497
63602
70974
62938
62263
62178
17630737
63745
62890
62235
70537
62329
62158
62111
61864
67716
65540
62244
61741
60287
67222
63593
68049
61256
61408
61322
62177
61541
62738
67792
61237
61484
61835
60962
68666
15247158
61826
69236
61256
15016450
62044
62149
61712
15015377
63099
60771
60639
68125
70271
5715780
61123
62320
61171
68381
61778
61161
67402
64933
61285
61541
62035
63574
61712
61750
61541
61455
61817
62567
62396
15280921
62092
67450
62320
15034083
61341
61665
60743
14929089
61389
62539
62406
61617
61664
9053661
60686
60923
61645
63470
62225
66785
62073
61294
61912
61560
61674
68827
61959
61218
61684
64135
61626
9235748
67678
68618
68134
61522
61170
63821
67440
63099
68970
61484
61997
61417
62263
62102
61465
60695
9044864
62738
61778
61151
60828
61151
61408
66376
63593
61655
62577
15276646
61380
62709
61161
15037408
62177
61493
60068
62852
60876
9351829
66471
62453
60439
62871
61114
60733
67013
63821
60866
61132
61655
64648
60715
61759
61256
60857
60705
60477
5722705
63650
61408
61532
61503
61854
61655
68485
61323
67659
68105
60762
60819
62120
62500
61826
65132
61636
68381
68381
67365
13467570
69274
66775
61056
62643
61427
8636193
63470
61228
61237
61722
63773
67839
67735
67403
60810
63356
15325229
60990
62367
67840
14966157
67716
61294
60952
15045625
60886
67640
61835
65759
62691
61864
62149
63469
63574
68324
67972
68239
61902
60714
67099
62472
61750
60800
9273757
61874
68827
61550
68058
61303
62168
63033
62120
61427
60952
68343
62510
69616
61569
16503248
63109
68058
62443
69293
61037
62320
62216
62710
62899
64172
63317
67536
63032
61066
67526
63526
67345
63184
62785
62719
61702
61636
62120
61579
61817
9011919
61399
68124
61018
67802
68552
62140
62377
61265
63175
62225
15213538
68314
67858
61931
10697038
62282
61664
64780
61199
61313
67383
11478840
67022
82413
8714682
61370
61380
60667
61522
68999
61598
63336
61418
61227
62177
15281643
62320
67365
62491
11729498
62073
61997
63014
60686
61398
61892
61912
60515
61123
69435
62111
62111
62862
64334
61237
61560
61826
60581
61171
61664
61969
61978
70405
74736
9664208
62282
61949
5658608
64258
65807
69778
62671
63869
62225
9304538
62196
64923
15533042
62748
62291
462355
14183433
62358
63298
62149
61978
61161
67773
60515
70471
15336315
61066
68391
61418
14649143
62197
67327
60943
61066
61503
9329285
67374
61874
68419
67754
67849
61959
62263
67488
67735
60857
68039
61266
9064112
61161
67735
68951
60676
67878
61759
62453
68600
60952
61579
61788
68656
61522
61313
12666350
61731
62025
62823
67070
63745
9032087
67479
61446
61313
61465
61095
65835
62681
64077
62120
60591
70898
61988
61418
61247
61560
61161
61304
23978504
69036
65882
65854
68248
62548
62178
62881
61313
61636
15086627
67308
61076
61237
62823
67678
3801985
62938
63621
62406
68799
61674
63745
68552
61845
68514
61170
61294
64942
62301
61436
64163
15224681
61208
61836
61807
14903486
61465
68020
64230
62614
62643
9270879
61180
61465
63327
61636
62918
64125
67973
61817
61151
61075
15020897
62947
62044
62472
14988758
61436
60933
60610
60800
67355
9055457
60676
60819
60496
61304
61313
61959
61246
62225
61028
62225
14830507
68391
62301
61247
61769
61845
64040
62282
65084
62358
61626
61874
62187
61341
61636
61237
61237
61778
61114
61855
65265
66794
61285
62149
61797
63688
61836
68533
60990
61437
61959
60933
62159
60563
61417
63346
61570
66947
61304
62985
68124
61265
62985
61313
6665124
61370
9942301
67393
62101
62567
64277
62064
61797
61437
61323
62881
61512
60686
60458
62957
65370
15205444
62339
61693
64695
14974755
61189
61627
68258
61389
67146
9070695
62016
62082
61237
61456
61494
69464
61797
62073
62387
67260
61893
61807
61494
67659
63327
62349
62339
67203
61930
61760
68229
67213
61807
60620
61342
7242743
64001
62823
61626
66396
62187
11520584
62225
60762
8751752
63812
61864
63612
61123
62481
62415
63498
61645
61313
68029
61854
61893
60971
63327
60363
68172
9088336
60372
61703
61360
67830
67877
62253
61607
61380
61940
60667
64638
60677
68267
68618
15254767
61969
61522
68837
14873941
62016
61579
61494
62405
61218
62120
62586
23706537
1185325
62139
61854
62301
8212142
61912
12422561
63983
63735
68742
60705
61076
61171
60762
90563
67288
61208
9051914
60999
66909
63821
68219
65474
68315
62139
62234
62386
63061
62348
62187
61617
68029
62310
60943
67308
65151
63488
62909
61190
61836
62044
60895
68941
64011
15215228
61645
64182
62073
15038262
61389
61085
62301
62197
60838
60886
67897
63878
61009
64220
61123
62235
63090
66433
67222
62519
61455
61199
9201026
61218
61721
67251
61721
67441
61313
61816
9098207
68362
67782
70234
61000
61303
62140
60800
61579
61256
61797
67944
62330
61351
62121
63916
14013222
61931
62472
61408
67678
61256
61284
61285
69217
15564895
63355
62539
61189
61560
60581
62092
69179
15233715
61218
68742
61047
11908136
68400
61712
11646116
61322
67260
8668921
64457
61816
61047
61019
61921
11946240
67915
62301
61513
68039
62624
62567
67079
61750
61949
61532
9109768
61902
66994
15334216
62320
63640
63982
4560884
62634
61018
67403
62149
61987
68134
61874
60904
62197
61893
64163
60838
62045
67839
62063
61189
15112562
67231
68286
62149
15046385
61085
60980
61427
15023575
62073
61285
61579
61645
67402
9361139
62187
61227
62168
62358
61550
62804
63764
61465
63431
67507
11127017
61541
67877
62501
61351
68219
9093096
61722
12433068
60392
61237
61512
67326
61731
60676
60867
62073
15371522
61493
67374
61617
15083255
67849
64363
68656
61361
62073
9330814
61398
61066
61674
60838
61674
64505
68761
60667
61750
62377
61436
70490
61275
137028
61569
61855
9065365
61218
68904
69920
61360
60752
60648
60933
3677934
61902
68666
61560
61969
61826
61180
61921
61807
61968
62576
61712
61370
67108
64771
60999
62814
62063
61228
11420644
61066
67678
62985
60933
62501
61370
65142
61417
61674
64230
67811
67849
61731
63127
67469
9363095
63232
61151
61142
65398
65940
61437
61265
63355
62405
62786
61427
61855
61874
8327443
63935
62101
61921
61294
62444
62634
60971
61123
61950
61294
61968
60771
61589
61779
60372
63441
9095642
61085
63840
60239
62263
61883
60458
61104
62595
65208
60800
63660
69721
67564
62254
62367
63669
62272
61218
69055
11906236
62966
61950
68163
68068
62709
66975
61779
64572
63859
62044
66367
64258
67374
62244
15338082
61389
61636
67032
15015044
62291
62985
62443
63583
67906
60905
61978
69341
61503
62880
2991246
60772
163219
61912
61589
61360
62567
61218
68704
60819
61798
61370
61588
62728
62244
61759
15282422
60733
61351
61987
3768603
68343
62158
60971
61085
62519
68172
60629
7660772
140800
16383320
60724
60971
61598
60648
61085
61009
60924
15099737
61465
60629
60648
15028706
62111
61427
67659
15044837
67184
62842
61256
60933
61741
9375996
61893
60981
61712
68077
61152
62016
68048
61123
61246
61560
61332
63774
60848
61674
61864
14815041
69664
64932
61171
68001
60629
67213
61066
67821
64059
60686
68514
62349
60781
61873
67792
61531
61978
61665
61873
63755
63641
61702
60762
64125
64343
61531
60838
64552
61095
62548
61702
62795
61142
61988
67792
62054
14045570
60448
61608
61532
68847
63574
61987
61731
61066
63755
61532
61037
61265
15261132
61531
61351
62824
15069299
61684
60819
64305
4584833
16617647
61788
69179
61085
61037
61836
67782
68704
61341
66110
64790
68229
63735
63431
61503
61047
15370421
62006
61332
61246
15085772
61446
62215
61180
4628761
16587931
67507
60981
62728
67479
61940
61569
62937
64676
61494
61912
60771
63631
67687
61047
62662
61588
62178
62339
61835
15112182
63393
63584
60296
62605
63887
70367
69654
14109856
63925
64049
61399
71459
63755
64657
63660
65807
63641
62120
65417
63251
62320
64771
65047
8866540
72371
63469
61769
68296
61722
67155
64334
63080
70272
75088
63223
61513
64800
72029
64629
64135
61218
62662
63479
62358
67022
67973
