74518
63336
97100
67412
70044
70082
64980
72067
70214
61721
69977
61902
62966
62025
62415
62025
62092
67193
62900
62377
64249
63498
62406
62558
62263
66557
69758
62472
69236
70214
63964
69607
62320
62463
62852
69293
62520
62244
62406
62662
62348
62510
63023
63698
69911
62766
62234
62215
62861
62310
62206
62728
61921
61560
66291
63318
61437
64647
62558
67944
69227
62177
61019
61645
62453
61988
62424
63821
62491
62111
61275
62044
63194
63441
68153
61911
63574
63374
68372
72029
68429
68780
68685
61227
62272
71412
62026
62215
61883
62482
63004
63242
69274
61171
61664
62567
62120
62548
62006
63983
68961
62994
62434
62614
62444
62634
61978
68913
63346
62947
62443
63185
68894
61854
71117
65417
63403
63441
62520
62206
64230
62111
62681
65740
61997
69008
62472
62995
74945
64154
71012
62539
63071
64534
62529
68770
62995
61759
62396
61389
62140
69293
61940
62244
61227
63669
61551
62130
68552
63888
61465
64714
70414
64192
68875
62539
63850
61883
63793
62054
61883
62045
62842
62377
62862
61997
62216
62253
62947
61512
62292
63365
63393
64876
63052
62063
63014
68875
63821
64201
62785
65123
61987
64818
63935
62776
61997
69341
68495
66120
61931
62614
64296
68153
62197
62425
63061
69597
62595
63783
62016
64467
62491
62672
62216
63118
63679
62710
62377
69265
61028
68134
158840
64648
62016
63156
63128
63194
62909
69416
63355
61123
61380
62301
61569
62424
62311
61797
63441
68324
62814
62804
68590
62377
62938
67516
63204
64505
63612
63564
62966
62311
64562
63992
62557
63403
61560
69873
63355
69607
68068
64647
61351
69208
61408
66253
61845
65008
61664
63080
68837
62196
60990
62035
62159
71231
63897
61541
62063
62728
62776
63356
68467
63071
62415
62035
66529
64752
68467
67849
68096
61180
63346
63146
61189
63042
61817
65322
61835
69265
62529
67925
61949
62330
62349
63308
70205
61531
64989
61674
68134
65160
64068
62272
63194
61589
64154
68770
64125
67611
63821
70005
63032
62006
64695
62291
64999
69901
62377
61569
62700
63242
63004
62120
61911
61075
62168
61579
63299
63593
61380
61702
62643
62187
69112
62216
68704
62310
62519
62633
63194
62377
63678
61208
62871
62130
62757
64249
62025
63099
62795
64116
63498
62795
63052
61826
61313
64011
62738
61294
69340
61246
65892
61864
71070
74138
69103
62994
68087
66177
62025
69721
62386
65018
63346
68305
63964
62092
63726
63194
68315
65978
62842
62700
62596
63555
69122
64059
64467
64704
62481
63717
66395
62918
61893
70690
71763
68647
62995
64401
61921
62187
62710
68352
61930
63717
62842
64049
67821
68647
61902
69939
62576
63146
62614
64125
63346
63612
69436
62852
66338
61465
62681
70471
64277
62491
62006
61456
63460
63412
62985
62947
62453
69236
62842
62700
64144
62823
62548
67735
63888
63289
67108
61940
68352
64372
64030
62225
64324
63356
69834
62995
61332
62757
62387
68904
62814
62786
62244
61712
62662
63707
69882
62747
63346
69910
63374
65009
69378
68685
63061
63764
63146
63365
63489
63127
62757
70585
69302
63469
64429
63004
62519
61123
62861
65464
62738
64781
61969
61266
64771
62301
62330
62377
62918
65541
64685
63194
64600
63660
62292
62234
63840
62187
64695
1077955
64011
62206
62947
62643
62709
62804
65160
64961
69103
64116
63555
69046
62092
62747
64154
62406
61902
63954
63032
69673
63517
62596
63013
68466
64296
62035
62368
62310
69397
62700
62966
62747
64600
65788
62938
62168
61351
62738
69568
61769
63356
62900
63792
64362
62766
63926
68419
61332
62368
63384
65103
64448
61949
63698
63051
62719
61959
61949
62520
63327
69540
62330
62007
65616
62396
62709
68960
62187
69882
70499
63907
62130
62586
62510
68742
63726
62073
63546
65503
61712
62529
63669
63118
64106
63051
61816
72247
64334
63811
63783
69806
64505
63460
62092
64933
71402
63489
61294
62729
68296
61674
66054
63185
69179
63470
61892
61883
62729
62643
63336
62244
63621
65332
63023
62596
68618
62225
62709
63897
62168
63061
62006
64705
61807
68324
61845
64686
61151
61826
63346
62254
61902
62101
238944
63640
62548
62956
63185
64229
62529
62367
66319
68448
69492
63090
62377
62453
65227
62880
62671
61237
62320
62938
62500
68362
61104
62130
62862
62396
70091
63222
62690
63593
62462
63308
62158
62995
64039
61475
61912
63099
62804
64220
62291
66472
68638
68837
61740
62501
67289
61892
62833
63251
67839
64039
69977
61712
62054
62159
63783
62862
64961
61788
71525
69074
63061
62016
62824
61512
63127
69948
70082
63508
70167
68371
62947
62710
64420
65293
65246
68457
68951
63850
61541
62747
62928
63831
62728
64828
62510
62111
62215
62995
69521
62662
65512
70367
64172
151801
62016
63726
63070
64125
64866
63916
61408
63232
68514
62900
66548
64286
63508
63384
63137
70082
68884
62662
62957
64448
63773
63061
64267
64524
64913
62396
62956
63052
62491
62567
62187
63118
63289
62320
62728
63108
63764
62529
69911
62785
62301
152257
62415
62073
63878
64372
62339
62320
68372
65578
67307
65056
63241
69512
64382
62957
63413
64439
68656
63023
62519
68277
61921
62652
65655
62576
65132
65047
62985
62937
68543
62367
64524
62092
152931
64163
68409
62396
61503
62805
62548
67488
65674
63184
62434
62197
63593
63166
68799
61921
63441
62519
71126
63099
61702
62804
68818
62861
62985
68590
70357
62121
69160
61883
62605
65958
63983
61892
69787
69749
61883
62121
64752
64723
62073
62700
68657
62007
63432
61408
62881
62786
62634
63203
61959
64391
68267
62766
61703
69569
67839
62035
62424
62852
63299
70157
68144
63365
63498
63897
64524
69265
63013
63498
157614
63318
62833
67887
63260
63688
70205
63014
62738
63802
62785
62064
62244
63004
69455
62548
64182
63479
62548
62928
62244
64439
61332
64287
64581
61997
64163
62425
64040
63365
67868
71716
64923
62007
70424
64182
61408
63868
67649
61627
69122
64087
62852
63355
62766
63346
63014
62691
62681
62235
68286
61199
61969
62443
63004
64533
67773
66300
62900
61712
61968
71354
62852
68856
62719
69312
64676
155391
63203
68552
62747
62453
64980
61076
64581
62026
68466
62235
69084
63431
69958
61788
61978
63394
61959
67422
63242
65806
62786
64020
64847
63204
63109
64533
63108
62443
64239
64049
64809
64363
64458
63090
62282
62377
64600
71307
63365
62462
69768
63470
61902
64885
67839
63622
61474
64172
68315
62311
62614
61617
62206
63146
63469
63726
62443
68030
62462
62881
64049
63156
62216
62634
63393
63982
63251
63327
70889
62624
68676
61845
63147
62149
62615
62377
63033
61778
63450
68590
70290
61797
69711
63033
62757
62995
61845
67716
61778
64039
68609
61655
61550
63669
67801
62339
62738
68096
64030
62709
62662
62785
68229
62529
62092
65246
68504
61617
64001
61474
64001
67194
70946
61949
61370
68742
62273
62690
68808
68039
62396
69872
62339
64268
68837
70737
61949
62064
66661
68704
61750
61854
62652
63014
69569
63061
62263
63716
61921
62263
62377
61959
62310
62339
62586
69626
61075
64381
65569
63897
62130
63070
61199
62111
62577
67744
62975
67735
67450
64885
67051
63907
69996
70367
63925
62605
62054
61959
62871
68818
66111
62576
69901
63166
61874
62263
64638
62206
66063
64296
68723
64268
63574
61209
67488
62462
63963
70794
63118
63375
64419
61360
62595
61646
61531
63223
62396
62406
61513
62434
62111
62139
61693
61655
61493
68381
62244
61455
63014
62634
67782
61522
63365
69616
66415
62254
63109
68714
71554
61370
62548
71668
63460
62339
62909
61807
62387
61911
63669
61313
62577
70233
69559
61370
61503
61569
68267
63393
61418
62386
62206
61541
63090
62006
64154
62006
60981
62520
65446
62786
60962
68124
67403
68533
61570
68267
62102
61959
61399
69226
62966
69996
62833
64220
65408
61807
61921
61826
62462
62254
64733
63327
61807
61949
61323
69103
61855
61095
62102
67716
69132
64781
61104
66946
63261
62035
61950
62557
62633
62206
61531
61570
61455
147839
62871
69588
61788
62928
62833
62672
69492
62263
62814
63850
64705
62738
61189
61788
63983
63080
61503
63375
62567
62111
62443
63185
159087
62273
68960
62102
62671
70120
68267
67849
69113
63251
61617
69150
62301
63555
62216
61892
62197
61446
60990
64334
62405
63204
62367
62976
64989
62235
62786
64344
61332
63365
68419
64011
61740
69084
68428
67944
61854
68913
62786
62035
62406
61493
61693
63365
61702
62254
63527
62966
62006
62463
62671
61341
61541
64315
62738
61436
63156
62187
61560
62909
62985
61769
62177
62215
61522
65027
62215
62339
61446
62197
64771
61408
67982
62272
64439
67991
61589
68210
65332
61769
61389
63812
66101
64068
62121
61493
63175
62652
65578
62405
62928
62216
63755
61817
64952
69046
63878
63061
61579
68827
61969
68733
64296
62539
63726
61066
62310
61731
61484
62652
62653
62482
62453
62358
62842
61341
65693
65151
63013
70167
69226
68429
69227
64058
61322
64486
62406
63469
62016
61703
62168
62225
64296
62672
62795
62671
67583
70557
61949
61712
156579
64372
61769
62444
61950
66586
61408
66947
69141
62016
63213
62320
61674
67906
61627
62795
62064
61978
64134
63270
61693
61826
62330
61057
62823
64990
62738
61778
67716
62776
60990
61797
61617
62672
63403
61712
69445
61731
61104
70224
61836
63232
62082
62633
68894
61047
67897
62101
62795
62491
61503
62861
65303
69417
61646
62671
62500
62529
65845
155315
62149
70091
61893
68856
61246
61579
61988
61855
61512
67669
62510
64486
62918
64363
62120
62016
61446
62035
62937
68125
68543
62529
61541
63508
62320
155116
63014
62719
64049
67393
62310
62329
61522
63251
67906
61759
62396
70100
143013
62121
62244
62500
62177
61712
61456
63232
62130
67811
64077
61902
69331
65284
66367
62947
61988
63014
68305
63061
62615
65958
69312
63289
61684
70385
61313
61902
62985
62995
67935
63175
61712
62729
62367
64220
64305
61646
61693
62766
67631
67526
61873
71468
62852
61123
62225
61959
62082
70775
62367
62719
64144
62273
65113
70965
61693
61446
61722
62491
62386
61987
63185
61769
61817
62852
61722
69322
61741
61712
70499
63897
61379
68695
62035
62567
61693
63365
62463
61769
63688
63992
67336
62235
66215
61798
60990
62444
62291
63175
63508
61075
63640
64021
67364
64382
62804
63726
68922
62681
63118
68970
61712
61655
63878
69360
61883
61769
63897
62149
62500
68600
63204
64372
62919
65018
62671
66101
62976
149245
67678
61826
69169
65636
61731
61921
62443
62424
62672
62035
62187
64277
68780
62330
62339
70205
64809
65322
62804
68856
66871
79895
68523
64657
69264
68989
66984
62709
62168
68951
62995
62073
68077
68989
63042
63697
63194
61978
63527
62596
63545
69037
68191
63536
62548
62026
62187
62349
62890
62576
61474
71497
64847
61835
63128
62425
62320
61835
63127
68058
61854
62557
62282
62928
69483
66966
62690
62377
62035
62178
61959
63517
68609
61788
63033
61959
61284
64600
63945
67973
62159
65065
65189
61522
63080
63621
67649
62529
62748
61370
63260
62292
69246
61921
64049
62833
65436
61750
62643
62330
63859
64296
62757
66215
68581
61987
62776
70214
62282
62330
62557
61303
63308
62624
62975
62121
63536
62557
62225
62605
68400
69350
74566
64970
71013
70024
70214
70899
62491
61874
62453
62890
73330
14721114
65189
63783
62548
75003
66833
63935
64020
63698
63821
69217
63080
63574
64324
63184
68970
62643
62548
61760
63850
66510
62329
62472
62273
68961
63099
67526
64163
70766
62529
62947
63099
64305
63564
62139
61987
68951
63992
62197
62501
62814
63156
62957
63090
69046
62367
62767
62254
62719
63004
61845
63403
62377
62633
62329
62215
62690
61712
61750
64952
62235
63156
61807
62320
67022
66025
62092
62795
61797
61351
63678
65084
62947
62196
63565
63926
62434
63184
62225
63973
64277
61303
68248
61114
63745
62738
64344
61921
62282
62044
68609
62035
62225
63185
66034
61949
63470
63146
68799
62007
62852
70509
62320
62178
61465
64657
69331
67735
65702
62899
69179
61836
61911
63840
62016
66234
62691
64524
61626
69255
68258
64543
62976
62149
61636
61379
69037
70965
68077
62558
64239
69730
69559
66139
64486
62377
64904
62823
69578
64837
70604
63802
62880
69550
65503
64581
62975
63356
61816
68637
63441
62947
62881
62871
62985
63764
63460
62823
65484
68685
62301
63735
61968
64657
62215
61684
61674
65588
62691
63945
64059
62291
70006
62928
65702
61703
62196
64486
62472
63061
63555
62377
62586
63042
71725
62006
63090
70310
66937
62956
63146
62937
62301
63650
68115
61550
63526
62292
61959
121904
65151
67706
63355
64657
66680
63783
62795
62016
64847
63033
63593
75515
63147
63242
63175
66681
62538
62073
65293
63726
62947
63204
71288
69996
63298
64230
70414
69692
62823
5229066
70072
204545
63146
63878
62586
2481799
64192
63546
70186
65958
62206
63089
62367
63327
62633
62919
62614
62975
62149
62548
63298
63014
63165
69217
62177
62472
61541
62463
63631
65246
62719
62995
67592
64277
63498
62349
61892
65474
69739
62985
62738
68970
62263
63925
62425
70851
62862
62016
66823
68771
64372
62928
63375
62995
61988
63982
68258
62064
65161
62529
65170
63441
62349
62481
62861
63869
65075
64039
61579
66168
61674
67687
61845
61845
61370
70804
69540
62747
63735
61855
70091
62320
62501
62557
63146
62063
61408
69673
61674
69834
68333
61893
62843
63698
62567
63393
64875
61883
66842
64895
65132
65502
63811
61740
154480
64752
61332
62329
62700
69768
61456
63251
63536
63688
63251
61778
62434
64249
64714
68229
62662
62349
69597
63222
71934
68542
63355
62139
62662
61968
69018
63109
62510
62073
62187
158166
61161
62890
64391
62596
71373
62681
62510
62301
70091
69739
62947
62463
63631
62671
62168
61750
62586
61579
65977
62158
62130
61322
62206
64932
61626
62444
62225
62463
64457
63051
62263
64020
70727
62747
61446
62539
62776
62311
63432
62833
70186
62377
62833
62377
62890
64695
66092
62358
62178
62558
62529
68220
62481
63546
70699
63251
63090
71649
69967
61247
62767
68941
63223
64923
63926
61275
65617
62149
63393
62387
68799
62225
62234
68647
150518
62757
62823
64638
62652
64676
62425
64476
65673
61246
62633
63109
62196
63384
61275
62044
61760
61560
62843
60876
65617
63080
62671
62880
63355
62728
64609
68742
70414
63707
62073
68258
68486
61313
67260
69065
62491
61817
68998
62928
64771
61721
62843
69474
67650
62073
63346
62985
63127
61750
63213
62529
62700
63222
63688
65645
61855
65522
62149
62557
61626
62244
63935
61494
61123
61731
61009
62871
65075
62101
63242
62054
61778
64097
68391
62178
67023
63061
62073
62472
63071
62738
62035
61342
61275
62700
62196
63289
62577
61636
68837
69834
61874
61066
61912
61997
62918
61674
61380
62842
67222
62994
62700
61968
62282
68457
61807
62187
60677
66016
69169
62776
62453
61911
62035
61750
64780
70538
69702
63631
68419
62614
61645
60990
60610
68827
62082
61190
61598
62206
68381
60857
66035
61427
63033
79620
64743
62577
62662
63147
69730
62225
68039
69103
62710
61921
64021
63365
68295
61978
62463
67013
62320
67612
61123
63536
60990
62272
60943
61209
61807
62149
68267
61341
62263
63859
67868
62415
61940
64885
63222
61807
62045
62558
62861
62339
70585
67184
62443
61379
61522
61759
67992
62064
62577
61066
61731
62187
61304
68922
68143
62130
62016
62225
61722
62482
61294
61493
69265
61940
61370
62491
61883
62681
60895
63071
71753
62909
61854
69265
61161
62757
61855
63118
61978
61370
64534
63688
61579
63127
62453
67649
61750
61930
70319
62491
62434
68410
62206
67688
64923
60534
63669
62899
61484
62073
62434
63355
69284
68609
61760
61114
60619
63612
61750
62491
61778
61436
61778
62178
68923
62197
62957
63802
61712
62025
64002
61104
62254
64078
69312
63004
63964
62462
68581
62463
63317
62719
62577
62491
61807
62538
62700
60420
62757
63659
62776
62054
67906
62548
63289
61722
62130
62615
61883
61855
60971
62225
61569
63536
62035
62795
68324
64182
150413
62244
63108
66966
62805
68486
62377
62624
64258
62443
61199
61883
65560
68105
67764
65170
64799
61465
63222
63565
64486
62130
62538
62900
64191
62900
62586
69559
62918
62016
61427
62206
62605
62500
61513
62918
60952
62767
61750
67716
68105
70832
65683
62349
65379
62700
150623
61436
69284
62520
61085
62006
61522
69084
61950
62804
68010
61978
62282
64543
63431
61997
68543
61294
62994
61570
65645
64096
63859
62244
68438
63488
62453
62111
62776
61531
61598
62263
68657
63365
61095
62206
68238
61874
62994
61417
62073
62719
68295
69682
62538
63109
64267
63070
61760
61512
67621
62757
64239
61436
62282
61645
65303
62443
63907
61855
70224
62054
150907
62671
61598
69967
61665
62311
70775
62330
62643
195225
61674
65037
62510
72751
174705
65256
61370
65502
63869
69179
62634
64248
63108
61779
65407
62139
62567
68457
68381
62928
62899
61104
62358
62101
61522
62691
61589
71497
61987
61294
61931
61702
152067
64410
68077
70537
63375
61465
62187
62406
63840
68979
61997
62101
61779
68808
63783
64885
68295
72533
66348
62444
61437
61218
61237
63298
62842
69027
72039
63925
64439
64733
65436
69093
63146
62795
62415
68096
68419
62111
68761
68286
68182
68571
62453
62320
61636
61607
68771
62235
64876
62691
61892
61503
62785
62082
62130
61503
62330
71621
62035
61731
61902
61360
155325
61721
64267
62139
63849
67726
62349
62643
64277
62434
68799
62728
62310
61987
62263
62823
64135
62007
63678
70965
78137
63223
66101
64325
63460
63308
63887
68210
63441
62605
62747
70993
63736
62054
62415
63033
64828
65845
64666
68618
62282
68305
62662
62035
62786
62292
64534
69141
62539
69074
61864
64819
61493
62776
65294
62178
67450
62187
65303
64419
68124
67260
65008
61712
72067
64381
68647
64201
64980
65056
62785
62159
4201850
73426
63602
79154
70822
5351397
12963681
134226
62558
4434096
71003
15436284
66738
62918
62548
64182
63412
61741
61807
64477
62434
64970
62472
64590
62330
65199
5949499
69853
4894153
7157727
5556531
63698
63375
65284
65008
63536
65806
69844
62301
14430576
72153
63679
62691
63707
63004
62054
62624
10846749
71943
63061
65008
62605
62833
69711
62462
65208
62310
61370
63203
69093
64097
62843
64230
63317
63460
68239
63612
64448
62776
66120
68115
65237
69834
65208
70424
70528
66415
66054
69930
65446
63194
73786
64125
62843
70100
9486852
63223
63593
66871
8778247
73321
65940
69853
71972
68932
66263
63878
63251
65246
63612
61959
64315
64210
68466
62757
67203
64657
17847052
65075
66120
64743
64809
64002
63745
65882
64980
68761
6479693
65730
69056
67944
67393
79477
66149
63147
63203
63375
69758
130730
20605538
70842
73084
66510
67858
6314935
63821
66006
71963
65778
65455
66072
64894
64467
65493
72770
1280059
70775
68599
78726
89366
9539368
10741261
69426
69635
64999
71326
7931103
63640
70157
73501
11720179
64476
84284
65113
74927
65170
65398
74090
4155614
69008
79097
71649
18233568
4134381
71050
4471242
66548
6078889
64971
73521
64420
63650
65218
68210
65180
65959
66823
68628
65645
62691
63735
63109
68666
66320
70984
62766
70300
65351
64115
63146
67222
66633
64591
63640
62168
62225
63650
63697
62311
70661
68219
64306
65028
65740
62149
63184
66414
64096
65483
70623
64771
69835
63659
63127
63973
69559
63251
68827
62206
67754
4836621
66481
64125
3983892
64876
66405
64315
63773
65360
63165
64800
65426
68847
75762
64201
63365
62653
62377
63897
64790
63546
61417
71953
65066
63773
63821
67944
87296
61893
63517
62899
67393
67013
63052
67498
70072
61911
63983
63982
63441
61114
69055
70176
62548
65825
69911
65113
63023
69226
64923
72846
64961
63612
67469
70262
63365
62577
62510
64220
62994
68514
2387806
65379
63517
65056
71478
70433
69502
63004
62500
63669
68600
67174
63071
71298
64875
63470
62709
63412
66728
69796
62918
64296
62168
69540
64524
70148
63355
69702
67289
63403
62719
69759
65113
68181
70348
66804
69702
63602
63090
63365
62975
69844
67688
63574
62928
62928
70404
69075
63479
69037
65550
72466
64372
64182
73454
62235
67792
66842
63954
96653
63783
203528
64752
64819
73635
69806
64609
64049
63849
62320
61902
63279
62994
65122
66794
64087
71839
63764
69872
63061
61807
61873
73682
63736
64714
62975
63384
63593
63555
62367
62595
63621
66453
69407
72732
64353
62804
67061
71839
64733
70148
64904
63118
63127
63489
63944
66766
64714
89718
65569
64040
70518
64657
62121
61788
61930
63165
81881
64106
72475
5888290
64866
64970
63840
65674
67460
64020
71583
63422
69217
63184
63717
62862
66329
63593
63203
63251
63735
72808
67460
62995
63412
62083
69701
63869
63906
70129
70271
70329
63935
63650
70994
63403
62823
62862
62956
62643
65626
68695
62339
70167
63460
62843
69473
63146
69531
68495
63555
61940
62387
62358
62719
64002
61959
63888
76076
65075
64904
71022
64381
67079
66956
63355
65208
71098
65218
64515
64229
70205
63508
65046
70823
64334
65350
62263
63004
63992
62605
71934
70595
78983
71858
64648
63583
64486
69312
64875
63137
67460
65265
63755
64021
65018
62510
62320
63450
84132
65531
63336
65113
65113
64249
63792
65541
63403
61854
68505
65845
63118
65844
70765
63935
62130
62187
70471
81187
64961
65407
63422
68970
62956
69644
64914
62482
64049
65749
72438
64695
69854
62842
63042
61968
66699
62890
63089
74613
65132
77434
152294
64562
74889
63175
63973
62358
63413
63451
69531
72058
68391
63242
62957
69189
65008
763325
647891
72162
70547
62624
69682
70367
64514
63793
69920
66234
62263
61911
68362
64068
63954
63802
69189
68752
62586
64039
68010
64913
61911
62747
62700
64439
65075
62292
63109
68923
64106
61712
62348
62738
76893
64609
62843
62814
63032
62415
66471
63384
67174
64078
68761
61560
62557
62045
70604
61750
67269
62671
69417
64305
62463
63337
69682
63128
63413
63099
62453
62957
63479
65550
63555
64961
65047
62833
64685
63811
69160
88398
62785
62919
62643
63251
62082
64296
61646
63280
61712
61883
62804
63660
63393
65654
64524
63165
62728
62881
71069
65588
69170
64325
63308
63812
64277
69036
62529
62339
62443
62482
62168
63374
62833
62956
63042
64144
63830
69701
64210
62140
61303
62748
70670
71868
63507
62671
63165
62558
62434
62130
62947
69910
64353
62301
68457
68191
62576
63469
62985
62586
64154
68087
63631
62596
62424
69787
68020
65541
62244
62643
69929
62158
62700
62529
65636
64857
64439
63745
68267
62016
62149
67108
61674
64315
62529
63127
62719
60876
62538
63298
61930
64496
68571
62937
62320
62947
71070
63099
62291
63147
63783
61721
69749
63156
64078
62614
62320
64600
62976
63441
68600
66044
68951
62890
68951
65037
62690
63773
62814
62396
61950
67156
62358
62653
62662
63070
61874
67440
63660
63460
62966
66899
63194
62643
62795
62862
62282
68609
63412
62633
68495
65502
72779
65265
70936
66139
64201
71991
63527
64239
66481
63650
68742
64743
62500
61978
62890
69018
62244
61788
63745
67678
63184
69265
70614
62519
69331
64315
71297
62814
69312
63355
69664
63270
63375
65426
62748
68676
62785
65199
62291
70082
62073
71155
62263
62482
63004
62852
62244
62947
64619
68371
68713
68096
63935
63356
63166
62881
62425
72019
63840
63070
69673
66528
63631
64353
63128
63384
62947
67896
64305
62710
63251
62719
63232
66519
62690
64448
64828
67478
64429
70081
65037
68068
70376
69597
67241
65332
61912
62786
61465
63223
63108
62919
69302
62738
62871
65113
62538
61864
62880
66785
64647
63859
62937
63698
63165
71012
64305
61930
62852
63194
73806
65854
63137
63878
63185
66348
63603
64334
63526
62234
63251
63033
62415
63299
65740
80360
65579
69188
65845
62795
61522
64049
62349
63650
63612
62520
62634
62833
61731
65351
69759
62007
62187
64334
64002
64325
68960
62139
61712
63868
62197
64467
69701
64116
64904
65293
61931
62985
64752
66481
62092
63242
68666
62016
63792
62548
62880
62244
62681
62785
71782
64191
64106
65911
107702
62434
69379
62596
62776
73492
63498
62139
69730
69882
72552
63147
62652
61674
64039
67336
63279
64486
62358
62083
65436
63422
62329
66205
70822
74166
69739
66101
70556
69816
63213
62567
62672
65845
62643
62928
67925
64752
69046
61788
65569
71716
64543
62282
63109
62225
64885
63583
70357
63327
63413
69055
64315
64192
62643
68590
63061
63926
61617
63793
61854
62776
68913
62425
66006
62605
66310
65009
65940
67630
69388
62263
68694
71203
62748
63489
62244
62377
62510
63260
62785
62348
62206
63935
62491
64951
61988
61921
62605
63517
63583
61912
69939
62709
63745
68542
62273
63603
63374
63137
62985
62272
62244
62890
63070
62139
62814
69787
64771
69369
62434
62928
62177
66035
63137
63413
62776
63042
62833
68334
61750
68894
62472
61636
62824
65825
62491
63051
62339
62044
62387
62795
62272
71810
64686
68932
61959
61864
63355
63393
62595
67099
61617
64400
71554
62805
62738
62016
61712
64239
62700
198654
62463
64676
62890
62804
63812
62016
63032
67659
63232
62130
68400
63042
64429
63565
62709
61665
65683
63299
61892
62149
62538
62215
62063
61607
69046
65284
62776
62301
62596
66035
69568
62719
78802
66937
63621
66224
68694
62377
63546
70091
62063
68571
62785
67602
63412
65854
61864
62425
73720
3478938
68429
70386
63013
66148
63280
62823
62254
62149
64049
63194
62453
68087
62225
65331
61569
63365
61807
67972
62519
62653
68960
62719
65113
68732
62672
62814
61978
63184
63251
63146
64837
64438
65797
62538
63118
69702
62985
62947
62719
63973
62757
61693
61873
69683
62206
62766
63546
64951
63137
63137
70918
70167
69056
62339
67906
63033
62938
62909
65075
64267
64457
67906
65198
64571
70091
64762
61617
163020
64163
62662
71250
63488
63108
62928
69759
64486
62919
63070
63792
63279
66110
61741
61645
63061
63735
62776
68970
64533
63403
62833
68333
61836
61997
63242
62833
62766
69872
70385
64153
64875
63147
66918
68951
61731
63422
62672
71383
64534
63717
61883
63394
62064
67992
64733
67459
62890
66205
63773
62681
65854
64476
65522
67003
70747
63878
63517
69569
63165
63128
63090
61560
61921
68457
64058
63222
61703
64116
69036
63317
63859
64068
63593
69426
62140
62310
65721
65122
62757
69521
66709
63422
67061
62491
62614
64287
69473
64011
64400
62263
65046
65331
68789
68466
64904
63260
65683
62424
63203
62083
64999
68980
62956
61826
67041
62842
63745
62747
64714
63432
63108
62073
62377
61911
64305
64059
61893
62605
66823
64572
1893701
63574
65275
61446
68039
61722
63640
63878
63621
62301
61731
63089
103560
62500
65787
62577
4912478
67127
66053
62320
62377
62225
64097
62785
69340
65028
61750
63251
62083
65123
63023
62235
62890
62159
67317
64068
63546
62605
69008
61759
69265
62339
63593
70395
63213
65417
61911
62805
63688
64914
156779
66158
64059
62871
64828
63489
62918
62738
63194
62415
68485
61816
62235
68238
68751
63336
62311
62861
62092
63232
62871
63213
62500
158346
63128
69122
63412
61930
62814
62263
61930
62178
62187
61408
62235
71953
61522
85766
62253
67583
62729
68752
68201
61626
61769
62073
61589
62443
68618
61085
61047
61000
68333
68961
61693
62339
61921
64002
65047
60657
62804
62083
63992
67934
66405
63678
63451
63754
61854
61607
66282
68153
68828
67687
62577
62197
62766
69189
62909
63460
71450
61000
61731
61959
61465
63327
62301
62244
63346
62624
62501
63983
62823
63935
68656
61684
62586
68704
68951
69179
61123
63251
68495
61683
67517
64002
71108
64011
69255
62216
68875
62159
68761
69445
68324
62472
62966
61997
62073
65009
62643
65189
62111
62652
70129
61598
61893
62671
61199
62690
62102
68485
62329
62766
67972
61769
61437
62377
68799
63926
62149
62045
63251
62244
62738
62567
63631
70072
62054
63678
63203
65816
62197
61740
61361
62747
67934
68343
68761
62424
66605
63365
61807
61436
63973
62206
61446
62377
63099
61722
64391
68695
62700
63089
65721
62282
68210
66585
61665
62909
63441
62653
62425
61798
61570
67146
63251
62244
61398
64410
64733
62263
61854
62396
62985
69512
65835
62434
68856
62168
62842
62890
63963
62415
72476
64819
65389
63118
66566
62225
62833
62519
65037
68932
63251
62016
70110
62301
61579
61864
62339
62681
61237
61674
67612
63356
68619
63907
62377
68865
62928
66661
64315
62976
61969
65198
159211
61997
67469
61845
62786
63051
62159
63460
61902
63052
63916
63849
61322
62709
62957
62083
65901
63156
63213
62995
62197
61028
68951
64087
69112
62975
70063
61797
68751
105821
63403
68191
69217
62624
63241
62424
63118
62358
61845
62396
62842
63859
68467
71155
62871
64628
61740
61683
68447
65436
64068
62510
62804
68761
65094
61465
63802
61360
60791
63289
64040
65702
62634
62785
62367
62937
63431
61579
64002
62054
62567
62149
62624
61161
62177
61854
62444
64809
61018
62206
61142
67621
62197
61712
62358
61294
62928
63659
64771
61408
61969
61132
62472
67640
61655
62168
63583
62054
63260
62311
61570
61494
62747
61009
68761
63736
68675
62064
62548
64467
68220
62149
63574
68866
62520
62367
62909
62367
61873
64448
64325
63489
64856
63764
62643
62899
67517
61303
62491
69834
61826
65236
62614
63641
70462
62472
61788
63089
60287
62519
69787
63868
61199
63470
61522
61722
156826
62215
61683
68172
64021
61721
61294
65483
68903
69322
62529
62510
63821
159990
63356
63061
70642
61664
62272
62596
70271
62044
62054
62624
62254
61902
69445
61855
67906
62311
61759
68248
62510
61788
61759
61636
68752
62007
68105
62234
61028
69844
68239
62196
64286
63166
61085
61322
63603
62063
62985
62178
65541
63906
64961
62434
62253
64001
62178
63013
64790
62177
62282
63175
67830
62216
64096
61094
62501
61617
62064
67735
61170
62349
62633
61408
62292
61664
68153
67270
63583
62738
65104
69274
62272
63697
69198
61864
70072
62424
62966
63821
62073
63242
61722
62804
64847
61275
63051
65179
62510
64334
61655
62795
61085
61551
61912
67678
69170
61246
65018
162659
62063
61427
62814
68856
63042
68295
60724
68153
64267
61854
67944
70338
67925
61465
61465
61294
61712
65436
67878
61626
63393
61750
62026
62843
61607
62387
62415
67688
61228
68751
62149
68438
62529
63242
62358
66709
61864
61474
63089
60791
64144
62557
61636
62063
61883
61873
62168
70461
60933
64800
62823
64790
63127
61836
61949
61057
61750
67175
70471
62187
62605
62472
61522
64011
61570
65256
64049
68457
61579
62026
63137
62586
62576
61313
61845
61702
154308
61750
68258
61570
60458
61778
63498
62909
68828
70889
61057
68542
61104
66006
61703
62596
61664
62567
63042
61646
61465
70822
62928
62130
69397
64020
61741
62994
61484
61541
67830
60848
68163
61864
68657
68229
63156
61436
61816
61598
62367
69464
64248
69825
61807
62377
62576
62301
61940
63432
63166
62491
63127
61056
62282
68799
69873
70851
70975
64192
63213
62311
61446
68951
62786
68638
61712
68552
61836
62966
62225
67963
61702
69056
62130
62947
61826
62548
61560
62425
61997
63346
61969
159932
62377
62548
62767
62643
64296
61655
68362
63222
123139
62966
62149
61094
61845
62149
67716
62919
63859
156037
62130
71649
64305
61902
61455
61873
67925
61816
61569
62728
61664
69141
68296
61664
62244
61969
63204
67479
63099
61921
63669
63574
62966
62757
62329
62159
62310
62367
61826
61323
68086
62567
61893
63299
61285
62890
69350
61712
61816
61446
61655
61246
67925
61294
62273
61313
62177
62377
62643
63726
62387
62159
61665
61323
63916
69616
67488
63032
68685
63773
62064
62567
62795
68391
69578
65664
63365
80959
61541
61009
72884
62462
62482
69673
63460
63061
71297
62310
67840
63546
63878
61769
62719
62909
69274
68058
63289
63099
68771
62786
70452
77074
64172
62424
68913
63469
62823
64296
68903
63384
63983
69958
62681
62282
65901
63593
72352
64657
64287
68429
68856
63299
68163
62481
64961
62624
62415
63384
61988
64144
63688
67099
63945
66880
69701
66139
62937
62738
67934
63327
62149
62453
62301
71516
62899
68286
63251
63564
64838
62462
61893
62235
61598
67687
68533
63441
62976
62576
62016
68571
62168
63793
74736
72010
1127146
64287
64496
64723
63887
288980
65664
69758
62615
67469
64448
63564
66434
63764
63146
69673
66149
62415
63859
66139
64933
64401
63356
68001
62197
62196
68381
64182
70319
61921
81586
62044
62320
67934
66661
64049
171066
62662
69331
63916
61892
73720
69398
61940
63261
66291
63070
61627
67697
71829
62615
70462
61636
62795
62263
62368
66225
89642
63479
61579
63783
62691
64552
65455
68429
62852
63223
62776
63488
62586
67222
70110
69626
61807
65179
156294
63033
62244
66205
62738
72314
62481
62567
65446
64942
63118
68409
64505
62140
71212
71354
62672
64173
61645
63260
62301
63099
62254
62168
62576
64799
71630
63812
64856
64552
69169
62966
68885
66092
63479
64049
62501
63127
62139
65540
67460
66348
63944
62918
62814
63384
63745
66424
62776
63204
63346
62719
62434
68505
75649
67260
65151
61959
62054
65721
62567
62329
66452
63298
70708
64980
62358
71041
63659
63384
65389
65179
62073
63935
64258
80550
62225
64543
66101
63042
68333
68267
61494
64666
66167
63251
61950
65237
68628
65522
66576
62368
62643
61883
61532
62463
62358
68305
63365
63954
149179
62225
62833
68647
68172
63944
61608
62339
68980
68485
64885
62092
67982
63099
62634
63717
68609
62605
62909
78499
64980
63137
62729
64125
74014
65132
63631
62386
62425
67944
62282
63431
62320
66719
62386
66491
69217
64078
62159
62700
62349
66319
61731
63887
62928
63270
62937
70005
61588
63812
66148
62833
61503
63042
62139
65445
62424
69188
62330
62187
62396
62690
63479
62767
68324
62899
62102
62928
62624
61826
63460
62605
61247
71658
63755
61646
71392
64467
62348
62121
63109
62548
61883
70585
62615
64163
62842
62368
60838
62776
69036
63564
61465
62082
62937
62538
68086
61816
68533
64476
62168
69160
63184
65702
62624
63925
62700
62643
63441
62956
62216
63223
61227
68429
62643
62681
61854
62196
62938
62177
62871
62909
63792
62890
88512
88008
63907
62519
62178
61579
61266
65455
62615
61351
69217
68751
156512
63498
61588
71212
63479
67602
67821
62538
63508
63327
68590
68789
66709
70252
69540
69996
63241
70547
65161
70243
62311
63222
62082
69968
68106
62995
62244
62253
67773
69540
62852
64011
64391
62748
62766
64068
68124
64401
62928
63488
62985
99531
71174
65930
64125
62586
63175
64856
62377
154641
69036
70993
72628
66139
65180
68837
67061
62311
64106
65331
62491
63469
63251
73112
64011
62567
63318
63289
62814
64268
61579
67944
63659
64895
63032
62956
64828
64182
66510
63868
70233
62643
62548
65341
62814
67308
62463
62596
61436
62225
64372
68333
62605
63508
62862
63403
68790
63203
68182
61930
70528
70889
61978
61522
62292
62757
66073
61959
64097
63374
62795
62159
66491
60857
61750
63678
62225
61769
64039
62415
68409
62491
63907
64524
63774
62453
65009
62529
67564
63983
68457
63840
70195
61892
62064
62795
62311
63213
61693
66662
62177
63783
61797
62957
68162
62690
64866
62805
62748
69530
63374
62757
65132
70290
66177
62900
62577
65911
69426
62681
69606
97043
63954
63251
63260
62538
63213
66642
63052
61674
66700
63394
63640
64429
67849
67289
62092
63413
63802
62719
69075
64496
66690
63061
65141
69445
64315
63916
70690
71298
62966
63204
63042
62719
152950
64752
63811
66500
62909
63688
64970
65597
64296
64344
62130
63355
62529
62482
69265
64106
149625
64125
69473
63327
70556
70072
62291
62862
63678
68979
63080
62102
68904
64077
62368
62824
62710
66785
62919
68400
63023
65721
70357
62558
62757
72951
71108
64325
62557
61674
62738
62120
62520
63184
65674
62956
64391
62956
61569
68476
63337
62548
61608
62966
62168
63508
62472
63574
62244
71449
62006
62263
62843
62121
63299
63185
61418
63545
62671
61769
64875
62567
61883
63289
65892
64134
62443
63479
63973
67032
63935
68884
62348
62139
70357
62614
64220
69967
68799
65996
64087
63004
63033
64961
62719
64182
62491
63365
62178
63745
63308
62709
70937
62149
65854
63090
66643
160065
4848287
74613
69283
77653
71250
67992
204962
84550
69055
72247
79885
70842
69749
65370
62301
69179
70898
66054
69188
63137
65123
63213
68846
62405
61180
65018
61874
62044
69673
68533
67250
62814
63470
66006
69834
61655
68362
63261
71374
65294
62501
64325
67659
66490
62510
62263
61171
64505
63146
62985
62139
61579
62025
68495
62035
64638
61465
61484
61579
62776
67127
63270
63726
61902
62700
64030
63574
62054
62529
64049
64647
61883
61351
62529
62339
62234
69492
62605
63052
86440
62814
62548
61750
68980
62130
66357
62766
62557
62425
63707
68343
63127
67023
62624
64771
81700
68238
68571
62158
63356
61940
62073
62158
63318
62083
65598
63574
63013
62073
62263
62358
68970
66405
61322
62747
63650
69360
63811
65056
65322
63479
66728
62273
62804
64324
70138
69949
70718
64182
64305
65275
75249
64106
63755
62937
66073
68476
67022
70129
66756
64657
62206
65065
77805
63355
62842
71630
64220
62282
63071
62937
76323
75981
64192
70101
71678
69835
64657
63964
71754
68191
64191
63251
67697
63954
62434
65740
64828
63194
63356
69284
68096
62785
64144
68390
68248
63222
76627
67013
63935
62538
64885
66870
64220
63650
67099
72609
63527
62643
63413
62311
68704
75858
63555
62576
64676
63413
73425
67915
63251
65825
64533
70699
63954
63128
88806
68941
98695
64952
62548
64457
62092
63061
63213
66177
65560
71098
62491
62643
73520
69132
63318
64239
65066
61712
68476
62710
94819
84256
63783
64438
68447
62766
63090
62330
63042
62510
63450
62529
62805
62938
64923
64600
71317
61303
68315
62766
69321
66509
64115
62339
63365
70405
63346
70091
62624
63964
64334
69245
63717
63403
63754
62482
65607
61285
68742
67127
63669
69084
62719
63308
63346
68029
66424
62158
63555
61855
62054
63242
63166
62576
67155
63080
62111
70300
62396
69977
63374
65835
70633
65502
63090
63384
85386
62405
62206
62491
89148
62282
61912
61883
68020
62729
62519
66443
162574
64771
64220
63071
63118
63166
67089
63584
69920
62805
63013
62909
62842
66643
66310
63023
63071
69169
63669
62130
70376
66396
62928
69350
61617
67222
62358
63536
64961
63042
70880
62823
71621
62120
62311
69065
65597
67079
63175
62434
68020
60943
68324
70148
64097
62957
63698
63641
62054
62728
65930
65294
62102
68657
63574
62216
62681
62102
67137
63184
70043
62795
62624
67583
64533
62548
66481
64059
65398
62548
62006
69341
64999
63745
65426
69112
65930
64182
63650
63584
61475
72951
64847
62709
63954
62444
62995
71250
68125
63650
65816
63992
70338
62576
61703
62662
62425
65588
61531
62671
62500
62728
71753
64505
63289
71364
62263
62158
62804
76731
63773
63545
64362
62548
63051
62937
67042
66823
65037
62785
63726
67421
63812
62481
68286
66291
62919
62254
69530
62805
69530
61085
64600
71411
63697
63688
62966
69388
61845
156854
70271
62339
63052
70756
64258
62738
62728
66148
62453
62614
61446
62966
62814
63831
68400
68248
155914
62225
70395
63014
63517
70499
66015
64524
64486
68733
62814
62823
61968
66699
70310
63184
65607
68599
63745
62244
66186
63355
68466
62652
68400
63042
62757
63555
75288
63403
70281
62358
62567
62443
63232
63356
72020
63944
68381
70053
68514
62786
158308
62434
66738
62975
61968
62843
63441
61712
63289
70395
70538
63175
63821
61731
81776
69597
63678
64058
62007
78489
68799
63460
97973
66120
69227
72447
62586
67906
72931
62567
64134
62567
62747
62700
69673
65569
63612
62187
68960
64629
62472
68182
78726
62709
63061
63070
63137
63678
75497
63574
71744
70547
62976
68457
68505
69369
70110
63811
62472
64476
62586
68552
63726
62491
66908
65065
65977
67735
62434
64277
62491
62681
62168
70490
63679
62140
62633
60980
64971
68305
63755
63260
63337
69474
62843
62396
61199
65151
66168
66025
62861
61892
69170
62928
61664
64429
68324
63640
68865
64885
69084
64800
62434
63764
62928
68276
62529
63175
62273
62766
62728
65141
62443
62624
62368
61161
61655
62235
65094
65636
62368
62405
62101
61170
61360
65797
64781
63365
68049
151259
61332
62329
63964
64932
64477
61798
62139
61987
62690
80275
62595
65179
62320
65446
63365
67868
96168
66424
66044
62311
62197
62196
61398
61959
68124
65655
100785
62187
62368
62263
70015
62814
61703
61893
63507
62101
70281
63669
62025
64258
468720
86555
64363
62805
62548
63517
63717
61361
64942
61807
62206
62595
68542
70775
62548
63403
81159
62918
62823
111825
63317
62159
62691
61826
62881
61930
62681
65075
62994
61266
63185
61531
61674
69160
62282
74765
69987
63432
63279
86450
66006
73796
71145
63650
63982
66994
62196
63004
64249
89290
74717
68866
68790
63583
63412
62424
61797
61959
66842
70737
63175
63641
62463
62377
62767
62586
70975
68837
63831
62253
63061
63071
61769
64837
69939
63023
68903
62462
62244
61389
62386
64648
64723
72694
65379
61816
62139
61342
65788
62833
69768
66320
62624
63507
62225
71972
62149
62529
61683
62206
64306
62006
61541
63042
64790
63631
62700
88882
62938
63384
65085
62928
62624
64648
62216
62785
61076
68504
62728
63042
61883
62491
62643
63811
74356
64676
63745
62453
62985
61702
61873
63004
74794
64752
68714
63204
67165
61541
82166
63289
64533
62976
65721
68923
69170
68296
63204
61721
64448
62824
70462
63023
61370
63232
65455
71088
85377
62938
62406
65037
61665
62833
62434
64762
63061
63479
61532
64438
61579
64781
64116
61807
64410
62339
62557
61417
65132
69369
63916
63859
62121
81358
69521
68904
65275
63640
68457
61541
62491
61873
61817
71801
69702
60848
62928
61104
63213
62786
61969
62396
62975
69179
63042
61950
62443
63118
68837
61095
62025
61911
63621
63926
62671
64172
68894
65085
62757
62121
62368
62852
65826
62576
62159
62548
64619
62558
63175
61921
68248
62301
71136
62795
62861
62177
68923
65683
63507
74204
63669
64990
62719
65683
62225
63916
64761
62339
64172
61883
68837
60857
62852
62396
62225
68675
61655
63260
63469
61170
63688
62007
62500
61788
61199
63127
63061
61465
63849
64372
161947
62434
61541
62653
62244
61569
64106
62330
62396
61170
62671
62244
62035
69084
62111
62463
64087
62272
61332
61608
65759
60648
62140
65626
61731
63147
62196
69758
70613
63650
67849
61959
63004
61835
67878
62529
62880
61750
70842
81596
61541
68172
64277
67517
63023
61684
62358
61997
63489
66158
63526
67811
64258
60904
62558
68438
61883
70937
67602
62453
62852
61494
61731
61360
62500
65389
81377
62662
67792
69094
62263
63213
62177
61256
61427
70224
61446
61237
61427
68581
67925
62823
62386
65740
69445
60524
62310
63280
67108
68058
62842
63336
66035
62330
62577
62434
65455
61360
61798
62187
62767
69170
62168
61987
64762
62557
62311
64467
70309
63232
62624
68182
62168
61370
62472
63308
63080
63574
65683
64648
68276
61655
61911
62481
70015
61589
61646
70367
64467
62548
64040
62795
65711
64039
65255
72086
62919
61294
68514
61949
62396
62776
68485
62339
61978
62092
62216
68210
64533
61655
62700
70072
67441
62548
62748
64306
61902
64752
62073
61902
62624
61541
62710
61389
61560
68353
61969
62966
63869
69673
73977
64154
64705
66082
66006
63907
62918
62633
63612
62177
62672
63327
63327
71117
63660
63090
68856
70709
61798
63061
62462
62605
61493
61541
62130
63118
63470
65398
63394
62728
62880
64657
62415
61950
61978
61579
82726
64467
62225
63830
63042
68476
64980
63375
62691
63042
64125
61702
67592
66244
63308
63840
63346
63394
62386
63032
62387
65939
65256
69283
68381
63469
62938
61265
68124
69673
62719
66529
64458
63270
62035
66405
69246
63070
68799
61959
67706
62539
63127
72504
65037
64733
63042
62215
62263
151915
69749
63384
62111
65227
70423
68495
62634
63412
66823
63431
69625
151563
69169
62263
62861
67602
64049
61436
62795
69606
66719
62643
74300
63488
62956
63992
62491
64011
64277
68134
65474
246268
64657
68305
65256
62662
62833
72295
62776
63412
68058
62424
62197
62453
62463
65313
63574
64467
68457
64391
69046
63156
67336
63213
62367
62329
62206
61855
64362
61664
67136
63441
69911
62102
62719
71003
62092
65122
64021
62719
63128
63622
64353
61180
69018
62462
62453
62567
63099
69350
67631
62434
63431
61902
67640
64458
67422
63564
68770
63716
64372
64220
68599
62491
65455
70072
64733
63726
63631
61978
62301
63175
63916
62501
65901
61665
62862
62263
66804
63156
62757
67517
63213
62102
69740
67678
63783
63033
62671
68153
63280
62063
63203
66101
63831
62776
71174
62168
64989
62405
63631
69816
63032
61798
62662
64277
61161
62643
67678
62795
62890
63850
61864
68200
69986
67564
62377
62947
65056
62719
65768
61522
62947
64096
63004
61360
62719
61807
62206
63603
61655
62282
68999
69445
62861
68704
63488
62054
62586
68381
62348
62120
62063
62396
62358
61978
62871
63299
62538
61893
60914
61731
68476
61703
62216
62130
69607
62890
61902
64590
62206
62443
70148
63897
70328
63090
68837
62301
75174
77140
70794
63754
62909
68742
64999
64068
67858
65332
64467
61902
62424
61703
62082
70575
62548
93356
63279
64685
62006
62367
62386
65313
64039
62557
62785
64106
69103
63099
67821
64154
62728
68657
69397
62605
62728
63650
70015
69987
69892
63584
69435
68571
70566
62140
63014
62434
62358
62995
65807
64201
68799
66738
61636
63289
65408
63432
63555
62358
72077
62615
62633
63118
63051
62140
69027
66861
68685
62234
70015
68486
62633
62054
65968
64030
62235
62909
69094
64847
62368
65816
66110
62216
63774
62082
62244
62975
63641
62415
62909
62956
61712
61636
62358
61588
63232
60667
71402
65284
63118
62729
63792
61513
62244
65369
65854
64714
62054
64847
62766
70110
63337
61589
63545
62776
62016
64134
61142
62025
65066
61208
62795
62472
62396
62966
61693
68780
65303
62443
62082
69226
63612
63394
63945
61636
61627
62273
61798
63327
63071
64192
63745
64125
62757
68068
62833
62282
67944
64249
62757
62349
61389
65065
61703
61855
62890
62909
68163
70338
62918
63051
61807
61085
61997
78612
62301
61674
71269
65199
62434
62101
63156
61797
68362
61475
63346
68980
63954
62434
61313
62035
69246
68001
68210
67640
63498
61636
62282
64875
62396
62795
87827
61617
62130
65265
71003
63336
64952
62900
61911
61817
90107
61408
68618
62415
62320
67174
61892
62320
68989
61845
61019
62348
70044
70319
64429
62396
64733
70880
62216
68134
62776
63232
62358
68343
63204
62880
61332
64439
63403
62595
65673
61465
64932
62358
61807
67137
61285
61797
65683
69084
68989
63052
62909
62481
62881
60886
66956
68713
62643
61379
62196
67526
62272
62681
61722
63812
62387
63203
69796
64419
69246
63071
63137
62358
69198
63023
70842
69369
63754
68561
62234
62425
61408
62443
62539
62557
68381
61873
63964
66832
61446
61817
61066
68049
62349
61379
62035
62244
61541
64828
65930
61645
61522
62339
61760
68495
65550
68267
62168
62339
62064
61778
63526
62709
60923
62785
82964
61978
60173
61303
61779
61636
61902
61741
61674
62577
64135
61475
68229
61123
61703
68438
61778
61911
61693
65531
62377
61541
62529
64315
77473
1166990
65313
63260
62539
62168
63479
61978
68809
64420
63194
62396
69711
61503
68191
62985
62244
63042
61797
62216
60819
62244
63945
62776
62329
61028
68476
62501
67982
67820
68998
62976
68618
62225
61892
62282
61845
63317
61750
64904
70841
62377
63004
62035
61437
64154
63090
253840
61227
63612
65464
62548
64771
63317
69075
70623
63603
63935
61978
61465
63251
61151
67820
62016
61978
69625
62140
64154
62102
61665
62310
61475
64838
62453
61218
61921
64572
62510
68162
62196
61855
62225
62767
62434
63774
60923
69749
62605
61608
68818
61731
61455
61836
62909
61788
61389
68514
62225
69986
69853
61503
64106
61190
61788
61721
64324
62339
82204
61778
62348
62890
60657
63897
70110
64676
62995
63232
62481
63460
62187
61816
69958
68143
61218
68172
69939
61788
63241
60942
63080
62976
61322
69920
62728
67631
61741
61722
62291
61873
68106
64486
68077
62909
61912
61522
67973
62558
72865
62472
60980
62814
62643
63232
64752
68666
61693
67877
64533
63213
62405
67973
68409
64923
63897
62082
60468
62833
61902
62282
63004
66975
65370
64486
62595
70376
62149
69521
62225
69473
62614
61522
68457
62975
62472
62624
70585
61227
61522
61902
150129
64923
70566
62481
61484
67925
61988
63128
62349
61655
67602
63118
66224
63574
63203
62833
62140
69977
61988
70927
62016
61322
61741
62149
62501
62529
70699
62349
67935
61579
64476
62662
63337
69607
63716
63926
61693
61370
61588
62387
65028
84750
61836
70253
68352
61807
61237
62481
68229
62957
70148
67241
62595
61408
64096
69540
62377
67811
62026
62444
61854
61531
64438
64657
63564
61361
62624
63080
63859
69008
67725
68314
62386
69920
62871
62329
68343
68238
64153
63498
62966
63745
61883
63023
61788
68438
68552
64695
69521
68751
61854
62130
68790
63888
61218
62158
62899
68296
150233
61722
62292
63688
61256
68828
60705
63479
70946
62273
62159
60876
62367
71544
62045
62320
63840
69321
61883
62064
70851
61114
69084
3553484
67231
64495
64059
62234
62273
1011180
63992
63488
62852
62596
61208
63688
61798
68419
68903
63660
61617
67203
62729
67412
67564
81206
63755
64230
63878
61341
68989
61902
68239
61845
61845
61266
64011
62168
62748
62406
191226
61798
62424
62481
62833
61075
62092
61778
60838
63356
66462
70870
14986630
88663
16772620
71260
62187
71982
65892
70794
65360
63792
62235
62301
69597
71355
63869
70338
64477
69749
68609
64581
68068
6084892
12934316
63678
69122
4691642
71582
65645
9982097
65692
10850909
72276
62776
8602183
990451
64001
66063
69701
61256
70728
62662
70917
62928
62349
69968
62082
68020
62577
61788
67174
64429
62890
61550
61664
66633
68837
62510
62216
69094
63175
62557
69103
62444
63441
61883
68334
63356
63650
63916
63460
63764
62520
61883
62263
61864
64790
71887
64087
62329
63165
69037
62538
62025
62510
61550
65683
61911
62899
63451
62662
62291
62130
61741
63251
61151
82755
69492
61570
65094
63935
62187
61142
63298
61664
68125
64039
62035
66386
63802
62254
62463
62273
62064
62111
61674
61617
62139
62995
72400
61959
62082
86716
154318
61455
61513
68371
62747
62320
61816
65274
69986
62282
62510
64325
63488
62615
62652
61740
68932
62919
62453
63783
62890
61598
63992
68780
62396
62814
62140
62320
61912
62301
61494
61627
61912
64685
62140
62215
61741
61740
69929
64790
63887
62662
63089
62985
62415
62709
68675
87476
62158
61683
62938
62196
61778
62348
62757
62709
61636
64999
62064
62301
62861
64153
62348
61627
61921
63755
61703
67526
62054
63982
62510
62244
62216
69929
66719
61807
62045
68571
63042
61940
61579
62957
62006
63289
62586
61978
62026
64799
149815
65113
61589
64894
63536
64401
62738
63166
68324
62985
62681
62529
61931
62596
62054
68884
62472
62339
61437
60629
62824
62643
63593
64391
60572
61969
67925
62311
62576
67611
62595
63840
63080
66965
62520
61778
61883
62035
63812
62415
61294
63194
68495
65275
68106
81444
62054
69512
61332
61522
62586
63099
62748
62871
64885
153282
61389
62329
62909
61741
61674
62101
61028
62073
62519
67659
68723
63175
62994
62577
69122
69103
62662
62586
62054
62130
67839
63755
68248
62139
61503
62063
62111
62672
63479
62215
61066
63840
64857
62463
62558
63052
60885
61237
64809
61950
62358
62577
67868
61398
61417
61171
63165
67431
61712
67925
61085
68229
68533
62235
61512
69844
64619
68818
63451
62339
72865
63165
63517
62843
63222
62016
61797
61921
71136
61446
62691
63593
62339
61503
63944
61997
63726
63565
62662
61893
62177
61398
61227
62472
68067
61551
65664
63897
62434
61104
62092
61152
60886
62500
69150
67355
69217
61351
145920
68248
61959
68115
62472
62035
62443
62348
62234
65141
63593
61798
61494
63745
63213
62662
62139
61978
62424
61228
61228
61370
61864
69160
69521
68115
62329
62045
63099
65227
65388
63355
70737
62130
62263
61038
64049
62045
61702
61436
62567
63346
61569
69217
69017
63146
61380
62918
68837
159619
61769
63023
61921
62405
63726
67906
60905
68457
63508
62330
68001
63327
69017
62728
64876
62862
61750
62624
69198
61456
62538
61161
61541
64952
62548
62206
61095
61142
62282
62121
63517
62776
61655
62690
61436
60838
61379
61038
63954
62386
61313
63080
61731
63394
61351
61532
67374
61807
62843
61892
62662
61693
62719
62481
62111
61864
65255
69968
62206
63184
61484
62120
64705
62938
68552
62035
61684
61588
62063
65056
61332
62690
62083
66101
64011
62377
63698
68618
62177
64458
62111
62082
64154
62909
62310
64572
62035
62890
64752
62709
69312
68543
68381
62738
68400
61911
61883
62500
62253
68267
62197
61912
66025
63317
62662
70623
62206
63422
62272
62624
62919
61617
62871
63403
62358
62795
62025
63336
64087
62339
62510
63584
63944
66794
61598
61921
62168
62995
61959
65398
62434
64021
68115
61693
61959
62320
63042
62671
60962
62520
62634
63365
61949
63071
63422
61218
62671
92568
61703
61779
62063
63033
61608
62624
60658
70937
60743
61645
61608
62016
66937
64970
64657
63527
61816
62444
70566
62520
62073
63289
61456
61646
63327
63146
63517
63242
62539
61845
62576
62149
63850
62073
70120
70177
62795
68239
62130
62805
62158
62035
63013
65293
62653
68077
63450
62197
61037
61418
61408
64372
149407
62738
60819
63279
64201
61598
64097
65949
62386
61892
68153
63374
62244
69540
70328
62472
63108
65075
67117
68580
61626
62349
62349
62177
63622
62766
62054
62595
62130
62795
65844
63156
63109
63071
67773
63251
61323
61864
70243
61912
64524
62500
61000
63868
63118
68980
61436
67630
68865
61741
61588
63261
67944
61360
64182
62348
63840
61636
61399
61873
62244
60895
68182
63279
61826
61655
70129
64239
68599
63574
61304
62747
69008
65664
60828
65550
61665
61949
62548
68742
61484
62510
62159
63118
63916
61959
62444
63109
67184
61218
64961
68182
71867
64049
63412
64990
62776
61740
62177
62871
62301
62643
62054
63251
62538
62044
62928
61047
62928
62681
67726
63545
62672
62757
61275
68087
61997
62377
63954
62624
68742
62367
62881
61845
61740
68182
62016
62320
62178
61475
62653
62405
62120
61123
62491
64296
62225
69065
62016
63764
62424
62386
61313
61370
60942
62444
61987
67764
62909
61968
68438
70566
62263
62824
67403
61674
63527
62158
61075
62947
62120
63080
63793
62082
66538
61284
68400
61503
67878
61703
62529
62823
62719
68970
64790
62329
61836
62140
62254
62748
63099
71307
62035
69141
63156
63641
67944
62339
69730
63498
62254
62368
62282
68571
62273
68523
62985
62405
62301
62462
61854
68087
63032
69056
63014
62881
61000
61645
61493
62263
62719
67678
61883
63564
70328
61513
61855
61227
69141
61066
67859
68210
62586
61655
62311
68029
63859
67878
64040
62938
61589
62700
62833
61436
63773
62862
74138
1191376
64116
63356
63640
63403
64077
64372
61408
146234
63973
61589
69816
67916
69255
65550
62443
65845
6278028
64591
64343
63574
69113
62510
62149
62244
155230
67859
68239
61171
65883
62491
62748
69169
62006
62215
61551
61874
68533
63270
61950
61931
61531
68865
68504
63982
62814
62234
60772
61351
65987
62605
62852
63840
63279
62510
61778
61351
62605
160693
61218
62282
61959
64809
66272
62054
62348
63707
62149
61892
62396
60809
62728
61683
63660
61750
61617
62235
62377
62187
68229
63878
63156
62092
62083
61873
62624
68695
69207
64087
64305
67792
61683
61209
68789
61912
61608
63365
62120
64847
61218
69046
65313
63374
66034
62387
64648
61484
62139
63099
62462
62102
68201
62130
68856
62643
62748
62063
61674
61579
62415
61512
68476
62026
67706
67450
61493
61940
62510
68125
62453
61883
61693
62671
62244
64125
62234
63166
61465
66918
61997
61541
69607
61646
60696
64571
61874
61873
60676
62301
62425
67583
62177
61522
62111
68609
61892
61845
67555
61836
61702
61921
62045
156123
68552
67953
61570
64667
62862
64135
63118
62292
62178
62881
67763
68808
61693
62586
63070
67830
69606
63859
62329
63118
62776
63916
61142
67640
64096
66557
62016
63964
63261
64258
62472
62453
61617
62063
62073
62786
61816
61778
62481
65417
63014
63907
62652
153681
62377
61883
63308
67878
62206
62472
61456
61988
61285
68030
62083
61978
157092
61769
61931
69445
62292
63156
70177
62054
69673
65313
65844
65189
63089
63090
62434
62339
62101
62510
61722
68951
63460
62311
61503
64439
61760
62377
64068
65683
62139
62975
67307
63147
61826
61950
61645
61370
61503
68353
63165
62453
61361
61769
64391
69103
60952
67783
62244
63232
61655
62092
61608
61341
63498
61902
61123
69379
62197
62367
63241
62063
62776
64495
61655
61560
61988
61750
69151
62937
64049
61750
68210
65009
65503
62368
62795
69160
67203
62871
70823
71830
63365
62415
64286
68315
61626
71772
61389
65331
62928
61807
62653
71829
68580
62377
61512
61038
63033
62073
61332
61826
62662
61389
64467
61123
62653
62026
68771
63108
61854
68343
61009
64296
62111
63042
61142
62007
62586
61797
61503
67364
62843
67060
61845
62776
63945
62045
61608
65825
67991
63840
63384
62681
69511
68371
62814
61541
63071
61170
64106
64040
61645
65075
13575129
64799
62424
17277194
65198
64087
69350
62937
68333
63204
64581
65540
64914
62586
68362
66472
63137
63061
65303
62985
63146
71174
64610
63545
63289
66747
62462
62415
63128
62833
70262
69274
62595
68258
64552
61303
61484
65997
64020
64153
62633
62586
60790
62339
62254
62329
61151
61779
61892
62377
62453
70832
64477
61361
63754
69236
63108
61418
62206
67925
62035
61836
61826
68723
63679
61095
63726
63251
61750
63223
63052
62377
61560
62938
68087
61465
62177
68106
68267
62861
68514
62215
61912
62320
68428
63023
62728
63935
62348
62007
61902
61703
65997
63650
62748
64230
63622
62938
68761
69359
62653
68352
63555
69065
67744
62415
68685
62719
62311
69426
62168
62282
64467
69654
62320
64439
61408
61722
62605
62396
69037
68267
61285
62624
62453
62368
61940
61788
63270
61303
61826
64344
68115
62691
62909
63907
62710
62073
61484
61873
63327
62225
65731
63185
61199
68590
61911
61892
62197
62092
62757
64828
63308
61655
157767
62263
61788
61465
61636
62624
63194
61285
63061
61779
62823
62443
63783
62671
62671
62576
61180
60942
65341
62235
69939
68143
65009
61142
61256
63280
63517
63954
69996
63517
62082
62415
70519
61465
69150
63090
61797
62196
62538
65189
62443
63412
62453
62994
61702
68742
63394
68742
67963
67365
62177
62377
62700
64381
61608
62491
62102
63697
74119
71126
63602
63061
62557
61997
62235
63802
70490
63033
65379
62956
75753
65398
64591
63869
62462
68666
68732
62453
62273
61446
65398
61864
61797
61636
61465
159467
62092
62728
61921
62548
68068
62766
61817
62805
62215
62481
68666
64515
62738
63992
61379
61465
61950
61617
67479
69350
62244
62282
61104
64315
62538
68210
61570
62111
68001
70015
63270
61712
68780
64334
63099
65122
62624
62539
67982
62966
63954
62899
63118
62092
64742
62159
62510
64059
64648
62159
61123
62187
62652
62121
62824
61978
62244
61560
61817
69645
61778
63602
65075
95323
62605
62367
61797
61921
60923
64657
62272
62292
62539
62216
63469
69018
62178
61560
68675
62396
62092
62842
62823
62225
62263
62149
62007
68457
61930
62168
63042
68096
63061
62054
69036
65778
69132
60971
61465
62149
61361
65940
62272
61940
68695
61408
62510
69046
67915
68181
63641
63023
63004
68922
62548
62263
63964
67155
67773
62719
61873
61228
61759
60876
62615
62975
62453
70158
62662
69160
63232
63726
61693
63156
62310
61503
62377
62263
69303
62491
61370
62415
63963
62206
62253
62025
60990
64249
62244
66015
62329
61665
61712
61418
62310
68961
62415
62254
62662
62216
68115
62386
68495
62425
65085
63184
62700
63783
62595
61380
61987
63935
62567
62377
68827
64258
62557
61636
62491
62272
61731
62016
61199
65607
63650
62320
62795
68647
63678
62444
68989
70908
61664
69654
62833
63232
61674
70101
68371
64059
62330
61750
69103
63004
61712
62358
61988
69388
61342
70595
66833
62111
70480
62187
64030
62567
62168
67630
61284
61189
61740
62092
60999
63033
62500
61446
62111
63498
62918
64771
62368
62263
61351
62776
67897
62643
69340
69986
62320
62396
63450
62852
71345
68486
65142
63279
62776
61351
64591
62235
62045
62301
62054
61769
62139
68381
61940
63279
63241
68970
68609
63441
61807
61674
68685
62557
62747
62291
61769
68371
62025
63099
69550
62282
62548
62614
62035
61551
65056
61683
67631
62890
62899
62006
62007
64134
64230
61000
69151
62444
61921
62539
63526
67935
68248
64685
68381
66006
62396
63432
63336
64363
68181
61474
63489
62710
62206
61816
61304
63821
61399
69369
62386
63118
63650
67526
61370
62852
61797
63935
68609
62767
68666
61797
63498
61892
67440
61665
64315
62282
61978
62025
62083
63242
61598
61066
62681
542887
61731
62215
63859
61646
62092
62938
67706
61047
62833
61066
70309
61152
67602
63099
62082
67412
62463
64752
68419
68780
62804
62681
62178
62330
62823
62406
71639
67231
62101
64676
62700
63299
61114
67516
70138
62396
102600
61807
68571
62187
62729
63213
61370
62339
65341
67517
61598
62434
61408
62120
61807
63156
62377
64990
68229
61645
61019
62462
64353
62491
63422
61807
60914
61874
62919
63213
62301
65939
68163
61845
62738
61570
60762
61912
63916
65113
61370
69749
62966
62054
68391
62443
62520
61380
61579
70310
62301
62149
67849
62976
61588
61608
62377
61607
61741
69464
62377
64999
61626
62425
63261
62557
62776
64762
62434
61142
69892
63659
69359
62957
66177
63812
61959
68352
61522
62539
60810
62966
62880
68495
62263
63574
62130
63517
62662
62330
67725
68505
61741
62538
62339
60990
61845
61617
62263
64315
61493
67450
61417
61408
71288
68790
61398
61949
70224
62890
64743
62662
62501
62159
62348
66272
63479
61759
86706
62026
63678
65446
62092
62386
62643
62681
62187
61636
64334
62292
67222
61731
68381
62149
61284
62225
61617
62244
63052
63052
62045
63764
62330
62700
68504
68789
61484
63793
61674
63023
64182
61256
62168
68923
69283
61066
62719
64438
61798
62710
63099
62292
61266
62862
67469
68923
67811
61712
65465
63061
61949
62263
62358
62595
62624
61247
61731
62387
64115
62615
62880
63336
61826
70433
70357
61836
68257
70822
62681
62158
62225
61721
69683
61161
62899
62444
62168
70604
61703
60781
61094
61427
62187
67279
61684
68467
61607
69084
64476
61674
61532
63868
61760
61931
62311
64913
63023
60676
62672
63108
62605
62215
67858
62396
61864
61816
68514
65692
65692
62064
63280
62700
63992
64638
61674
62197
62253
61835
61740
63270
63023
66272
63327
62282
62691
62054
62909
67887
62719
62662
61912
62434
69179
62757
68400
1211754
63498
69474
62139
62833
64334
62225
62748
62168
68894
61769
63555
62757
62045
63802
62690
63831
61665
68390
62947
62881
61522
62310
62235
65018
64505
69113
68780
62443
61674
61988
67450
62567
63175
68286
64667
62140
62766
63318
67307
61360
62273
68296
66899
64097
62890
62881
148827
65769
62576
62975
62358
61551
61408
62747
64647
68523
62073
61437
62016
69065
61456
61199
65246
62880
61968
67678
63812
62444
62501
62709
62282
61854
68467
62463
61247
61807
63317
68181
62139
68229
61702
62605
61408
62349
68600
62576
61674
61817
61854
68533
67479
74623
62700
68989
63070
62710
68961
68248
61455
64970
62225
68295
65731
62823
62253
62054
62729
62434
63080
64020
68343
69293
64420
71431
62976
63298
68172
72618
69464
62159
62462
64210
62007
62957
62453
62501
61161
61693
64971
61693
63754
68324
62481
62919
68904
62795
68049
62519
68438
61987
61693
61817
61228
61778
68656
64704
65066
62434
61836
67868
61997
62833
63897
63460
62225
61883
65996
68210
62596
61968
63488
63859
62871
61541
69407
61066
62092
62757
61855
62434
61693
61218
65303
62149
61209
61759
68714
62662
62633
63887
61873
62481
62244
63403
62861
67374
61475
64343
63926
65635
61418
62301
62301
62548
62054
61693
62653
62633
61341
61930
61759
63289
64125
70861
62130
62273
62320
62149
61807
67868
61608
61246
65521
62453
62035
67906
70129
61816
61228
62510
61437
64496
61911
69977
68904
61408
64401
61826
62159
63023
62909
65407
61902
62690
62121
71868
67146
66538
63279
61807
62852
63052
68828
67868
64201
62130
61902
61598
62111
62463
63127
62557
63726
62339
62273
62434
68248
64210
62766
62006
67231
62519
61674
62529
69093
68742
61997
62966
62909
62814
61817
62368
61835
68979
61921
62035
149872
62795
68419
62111
64952
62054
62026
65730
62795
62615
61835
62007
61807
99911
67678
62016
61579
68752
64353
63802
64106
65816
63137
64932
63650
64400
61104
62852
62368
61303
62529
69074
62339
68866
62263
63127
68153
63156
64097
62918
67944
63213
61513
62273
61256
61968
67488
62890
64068
62054
69455
61817
61180
61873
61731
63042
60619
67839
62216
65683
62272
61883
62063
64647
61408
65284
68409
67118
69302
63308
62244
61836
68476
62500
61379
63755
68096
62453
146690
68989
61161
63327
68191
62671
69037
62776
64486
62510
63584
61968
67773
64723
64135
61826
62377
61930
61759
68077
61085
64476
61940
154033
68020
63118
61284
68704
65179
62757
62349
62462
62890
62567
69616
62871
62111
67640
61788
62548
68561
63783
67260
62235
62140
62729
61864
68761
68542
61627
62434
63783
62007
64762
68419
68590
63754
64267
60914
64866
62557
64885
69132
65037
61617
62500
67213
64239
66718
62852
63697
62149
63279
63887
62719
64733
62690
62320
62966
68713
60895
63089
63926
65721
69977
63783
69531
62681
62406
64030
62320
62709
67925
62320
62377
61845
61845
63412
68571
61788
60715
62729
61750
61047
63156
69160
61798
62102
61398
61712
68467
61683
70395
68466
61883
62358
62168
61683
68181
62158
62054
63830
63033
61816
63555
70898
62510
63593
62634
62387
64714
62529
61759
61712
61626
62529
61997
62567
61987
61607
69340
64714
68789
61693
63498
304323
64182
62159
69958
64761
63032
62719
63175
147811
64305
69616
62092
63384
62063
62377
68723
62795
63555
61645
61902
61408
61285
62596
68571
62415
64400
62871
64704
61826
62937
63128
61959
62833
63099
64087
62700
62472
62159
62149
68486
62282
60914
63850
63099
64382
64382
62187
68932
67127
67659
66851
68020
63108
61807
61550
63612
69245
60971
68913
61541
64885
70775
61826
62596
68257
63365
62253
64287
63422
62130
61702
69416
64087
62348
63717
63403
63194
62386
60781
61588
62538
62187
65949
68229
69122
62254
62178
62111
62700
61275
63089
63973
68257
61968
62643
62178
63184
61741
61665
61294
63954
62358
63375
63374
61342
68685
61598
62111
62367
68486
62871
61988
68581
62196
62073
67811
60610
61845
62976
61854
69863
62244
62605
62785
68904
68476
61893
62253
63318
62282
61436
63004
61208
61969
61199
64239
62577
62500
62947
62073
62424
73872
63736
62900
62063
147981
62301
63536
61978
61408
62177
61579
62672
69084
63593
62909
68020
64324
67355
62976
64895
61256
62577
62624
67934
62729
62576
62054
61218
71307
62824
69122
63308
62282
69483
71108
69511
68951
61684
62044
65008
63289
62254
61798
63175
65673
77539
70595
69559
62653
62225
64980
69683
62434
63508
61702
62216
68875
62006
62368
63108
60971
61940
67934
61855
64505
63156
71041
62947
61902
62092
62054
62235
62671
64039
68277
63014
61152
61854
62187
68742
61778
61988
63498
62415
66167
62358
68039
61902
62462
64876
64381
62111
68523
61921
62272
63013
64362
153890
62282
62881
63384
68894
67735
62092
62035
61740
68913
61949
63944
60838
60980
61873
61968
61218
61845
61256
67973
61038
67098
62890
63555
61702
62786
69777
61788
62158
67327
62092
63298
63545
61978
65455
62538
61760
62785
62776
62757
68866
68533
69094
67963
62425
62890
63127
68609
61569
68932
67972
62140
68400
69170
63299
63260
62928
62101
63546
63640
62520
67830
62881
61322
61750
62216
63441
62500
61997
61854
69160
68951
62434
63109
62064
61446
61636
61655
62121
62510
63032
64267
64381
62263
63574
62206
64742
62358
64486
62577
62235
62016
62577
61199
61712
68134
62187
64429
63175
63251
62225
62434
61759
68333
61104
62092
64553
61750
68125
61589
62073
68077
62567
63527
62282
62235
62795
62387
67954
61912
61779
61579
67042
67982
63422
62158
61313
72380
70870
64324
62653
62025
64049
62007
65778
65198
65132
62377
68761
62007
61845
61617
63640
62206
71421
61000
62519
70176
64448
65274
63052
68400
62890
62918
62092
68457
64144
63061
61076
63622
63090
61883
62016
70461
63042
61437
69531
61750
62937
61674
63260
61893
61484
62576
61731
61265
61911
62339
65531
63166
61341
62168
65274
61256
62814
62254
61379
61208
61883
61655
68485
69986
69635
68362
64058
63127
64372
62472
61180
62415
62387
61760
62082
69720
62947
68381
63242
61541
62909
70851
62890
62538
100966
63261
68799
62510
64904
62491
62586
70690
62111
64686
63051
64163
63099
62064
61484
61693
62596
68742
68210
61522
61712
62016
63346
63185
61665
65721
62396
63355
63260
65807
63508
64999
62215
64923
62937
245632
62795
63023
63640
64125
70082
63336
64771
63042
69654
62529
61465
63004
62026
63679
64619
62149
62215
61987
62282
62880
64011
65816
64895
66852
64077
62387
71440
63080
61854
61987
62900
62016
62852
62614
71089
67934
63032
64781
65607
63441
61522
65674
63450
63232
64533
63622
68201
61912
152181
68029
68733
62947
61855
61978
66073
62367
71013
62082
63697
64495
68124
61636
61778
64182
62880
62301
65559
63745
62472
69407
62776
63128
65635
62938
66538
68210
68068
62424
62823
62966
62196
61170
68694
63850
65407
61731
62899
68913
62795
67431
62671
63061
63394
64467
62614
62890
63517
71440
62225
62263
61598
62244
62501
62196
62377
65218
62966
70281
63764
64154
62187
64211
62139
61531
62253
68647
61931
62149
65598
61931
62263
64401
62814
68790
69521
61722
62843
62738
61873
61569
63146
69170
62776
69787
63735
69739
61997
62111
64847
62586
68951
62624
63612
71326
72096
62729
66443
62947
62947
62330
63147
62671
61237
62748
62073
63070
62339
68267
61940
70395
68799
63099
65854
62510
63251
64761
62434
62614
68647
63327
69103
65142
62662
62653
63612
62073
63564
68296
62405
62662
62301
63431
62272
62538
61076
65940
69730
68162
70841
62747
62919
64676
63375
68970
62994
62662
68239
62216
69939
65446
68238
63603
62396
64277
62709
62292
63470
67070
62529
62102
68134
62368
61617
62121
61740
62995
62482
66234
62519
61902
72001
61949
68390
62652
66557
61712
61522
64562
64096
67650
62386
62358
62405
62120
68628
61731
69616
63432
62348
62282
62577
63887
61541
61550
62918
61322
61313
68305
71231
63384
61902
63707
62026
62833
149397
69398
62434
62576
63526
62605
63802
61721
62614
65446
62263
64419
62120
64087
70889
68381
62766
63346
63156
62396
63365
63726
63327
69891
62624
62215
64847
62586
71203
61446
61854
64838
63261
68105
66329
63536
62890
62273
62576
61997
62244
62491
80769
66851
65483
63736
62956
62472
64011
63717
65559
62805
63099
62690
68390
66101
62576
62824
64248
70680
69084
71298
69930
70699
64932
68656
63517
62824
63755
61778
63203
64401
69350
62956
61712
62472
62719
65179
62462
70794
62272
63546
64087
61959
61389
61721
63013
61313
70424
127072
65075
63982
68751
61683
63242
70338
65749
69017
62719
61588
68125
61912
64410
62272
68723
62966
61627
62206
69797
61902
64191
61930
61968
63118
62652
69160
63441
62900
68932
62196
61931
62890
68067
62386
68923
61332
63631
68466
62453
62311
62425
61854
62766
69027
62396
61437
63527
68751
63175
63631
61978
67678
63431
62159
62596
63631
63033
62776
62624
62890
70110
62453
69189
62149
60297
69939
63507
62244
62662
63593
62358
65854
65560
62557
62206
68106
68495
62016
63603
62064
62453
63346
68314
62253
62026
63432
63907
68771
63489
62833
69663
65047
69179
65417
62700
61398
61361
62168
61741
61740
62349
61674
61608
61256
63213
63137
62386
62624
62168
63279
62235
61988
63004
62462
63717
62159
62767
68818
61408
62871
62064
69189
63042
69122
62985
69093
68714
67374
68723
68561
61731
68618
69977
63042
119282
157301
62244
62909
67669
67716
62786
62386
71326
64353
62681
63318
63536
68229
68020
63783
70338
61978
62747
63840
62938
62149
62985
62301
64296
61797
61893
62329
67478
62481
63697
63156
61056
69436
61645
70471
68780
68742
63232
65711
62083
62767
62301
63232
62890
62443
62415
62026
63422
65084
62396
64581
70661
61864
62482
63327
61835
64182
62158
62282
61921
63489
62567
62272
64534
68315
63175
62852
61512
62919
67479
63546
62263
62700
62795
63736
70613
63241
62291
62330
62159
61864
65787
63128
62434
62301
61427
61655
63137
68523
61988
62595
62994
62804
66947
62178
61893
62339
63013
64790
63023
65189
67431
68419
61199
68704
62757
68419
62576
67744
63127
64534
62605
61817
68001
68001
150775
67840
68552
62044
63574
60942
61931
62728
63403
62786
63223
64904
65284
62310
61579
62073
63650
61427
63441
62130
70784
62263
62814
72789
63165
62415
61465
61883
61788
62225
67953
63204
61835
68096
68618
67497
61589
61883
62035
62909
67460
60971
64419
63735
69112
61722
68847
61522
62339
71345
63213
61693
63887
63754
62396
61541
62766
64543
62254
64818
62054
63251
71744
63223
62994
62425
62263
63317
62586
62272
68970
61911
62615
62396
70737
65094
61655
72010
67497
64391
69863
63137
62177
70034
61883
68581
164303
63004
62045
68761
62719
62482
69236
64828
63070
61911
61911
61009
63565
64363
62833
61816
62776
61608
64420
70186
63517
61750
64211
69844
65788
62073
61740
62349
61864
62881
61674
67821
69483
63735
63118
68314
62149
63070
61683
146462
62054
61721
62196
62728
64306
62092
63346
62842
61779
62016
63764
69740
65094
61693
62814
63413
69863
63279
62548
64002
63944
63393
69122
64400
61645
69065
63878
62405
62729
61494
62890
68115
64524
61626
61636
60591
62529
63279
62729
62510
63232
62140
68115
63669
61608
62633
62491
62139
61911
60847
67801
62386
62101
61978
61227
61170
63336
63099
61855
64248
61532
61465
62016
68913
69720
63488
61845
62054
61522
61807
68885
69341
61285
88483
61351
61854
68675
62054
61921
68827
69122
67269
64382
62956
62871
63878
62880
61988
62776
62899
62063
69303
65284
67953
63811
69939
63508
64724
62386
62092
62994
61978
62035
60895
61969
67706
62738
62776
63498
63232
62178
61798
68381
62994
61627
62120
63061
61836
61769
62539
71649
68932
61750
65027
68961
65503
63603
64068
62500
65208
62671
68856
65265
62025
62235
67630
63555
68599
61475
67754
62577
65616
68523
61987
62443
65883
62149
67706
65103
62947
62814
62462
63460
67089
61731
61778
63536
63118
69436
61608
62035
67896
69141
71545
68723
69264
62349
62254
63090
69036
62139
61636
68182
62187
64040
62168
61854
61665
61912
62073
61560
60924
60971
69122
61797
61151
70899
62187
61484
68732
61712
61190
60876
62614
61664
62206
62529
62386
61703
64400
61218
61465
61589
61740
62187
62035
61522
63298
62254
61788
61940
61950
63327
63308
62073
61912
62463
65113
65807
71174
63897
65541
64353
70110
62766
61740
63137
62586
62140
67754
62253
67203
62605
61969
62329
62263
69227
68428
62595
69388
61475
69464
61494
61721
62216
62662
68134
66025
63954
61465
63945
62681
63260
63346
61579
68039
85491
65683
64695
63678
63869
62719
62386
66605
64030
64533
65664
62130
65446
62653
63631
62472
63983
61056
61665
68172
64078
61218
62434
62567
62168
62121
61370
67080
61018
62881
64904
61246
61959
62234
61294
62187
69160
70329
61522
62491
61854
62804
61038
62947
62073
61265
61835
61161
68210
61494
61522
67507
65379
62244
68105
63222
62919
65616
61968
69245
62406
67346
61456
67877
68143
64277
62557
63223
62320
61683
62443
69407
159059
61218
61854
80000
64315
63498
63023
62786
62785
62434
65018
68913
64401
62776
62481
62966
63194
61902
61987
63403
62747
62880
64011
67963
61294
61256
63270
62633
61684
61360
61522
71449
68742
62624
62510
62776
62444
64277
62092
63175
68134
62064
62310
63203
63298
62101
68419
62282
70310
61085
61617
62481
68837
67707
62928
61702
61788
61503
62804
62330
63774
64277
63194
62481
68514
61779
63793
61845
63783
62320
62092
62785
61826
61199
63365
61712
64742
63270
84046
63907
62472
62662
62111
61959
61123
62662
61247
62320
62871
61189
64353
61997
62244
61389
63384
61455
64666
62130
61759
61455
68923
61494
61731
61294
63004
61836
62919
61930
63147
63869
61797
61551
62140
64154
62187
68457
62871
61522
62491
67165
61560
61807
61950
63584
64781
69018
62643
61769
63773
62653
63108
61512
61228
67269
64799
61019
61228
60753
61351
63080
63460
63241
68086
61978
61769
62966
70139
63023
61522
61209
62672
61370
69521
62330
61171
61684
62605
62235
61598
61142
68685
68105
61921
62558
62985
61351
63489
62054
61826
65474
63071
62814
71098
62424
62235
70737
69749
64239
68638
61760
62206
63013
68808
68201
62396
68523
62016
67982
63450
61389
62738
61741
67612
61655
63337
68714
61760
62044
63622
63175
63450
63203
62615
62947
62491
61266
61569
63641
61883
61465
62567
62111
62643
70414
62178
64533
63232
62273
62026
61512
61513
86450
60943
68343
68742
61836
63032
63213
62016
61855
63270
61123
61560
68314
61978
61626
61997
61370
61636
62149
61759
61560
63194
62149
62092
60914
65113
69084
61551
61389
69977
67697
63641
61816
62928
61731
61598
62899
62643
66348
69873
160066
64895
64021
62928
61703
62671
65654
62443
67830
61873
62681
63318
67688
64790
62795
63042
62092
68486
62320
70224
62339
68599
62424
62444
62415
62291
61826
67602
62500
61874
66766
63033
63783
61142
62063
68191
70224
61361
61674
146490
68096
61598
62833
64885
61788
62206
61778
62073
61389
69312
62747
62348
61636
62605
71488
62909
61816
62672
68618
61408
68675
69340
62016
69379
62729
62577
64496
62672
62396
62120
62881
61950
64819
67412
61370
62662
68144
68904
69825
68267
62253
68770
62995
64609
71032
62824
62614
64040
61835
70585
63261
62291
61930
62140
63128
63279
62814
62861
63688
62785
62339
61712
62624
62577
65474
68666
63403
62035
64914
63527
62576
63498
61513
63431
62728
61902
68210
62795
62121
64401
63261
71535
63365
62691
62605
61864
63355
62510
68115
63707
70642
63688
62586
62615
62349
65427
62719
63792
64724
63622
69283
61921
62292
62596
63261
62386
63308
63279
62462
68733
64173
65075
63004
63213
63146
62368
62415
63897
62187
61465
63792
61474
62273
62444
62862
61655
62738
69122
62586
62634
60809
80731
63175
64429
61655
61028
68371
70803
64961
62149
61180
62634
62691
61693
60952
68562
61266
64296
63165
61712
63812
62111
61959
63346
62311
62985
63222
63033
62006
63070
62890
61883
61455
61484
68942
66025
61503
63887
62377
61256
61911
63336
61826
61902
62719
61864
63355
62966
63403
61721
62766
62159
64990
64334
69150
63270
63308
62595
61056
62453
67440
62064
61646
61493
61959
62472
62092
61598
67735
61892
69511
63697
63906
68903
63393
62947
63897
71279
61075
62520
65170
60790
63327
62919
60572
62633
62310
62178
61740
65398
67583
62329
82498
62168
62406
62567
70072
71468
64876
64752
64192
62035
70509
62615
62938
69065
62548
63223
61807
63365
69388
64163
65550
64030
69150
67336
73891
65104
65274
62595
67801
64059
62377
66091
62244
64857
64362
64153
62681
63811
61171
62909
62073
61703
61503
66139
62985
64315
62272
70252
63042
61237
64049
62368
63280
69236
62691
62643
62168
63764
62358
70908
65902
63109
63242
68011
62044
62225
64705
62719
62690
62824
63128
65845
62776
63384
61655
62482
70632
62548
62633
61702
62643
67811
62956
64363
64268
62301
63156
63175
68733
61227
68058
68162
62339
148827
61788
69654
69350
62871
61436
63840
61275
63897
62738
68514
71459
63907
63375
63118
67194
63906
68923
160769
62140
64638
61902
61513
62282
62728
62729
65217
62244
61978
62672
62814
69084
61864
62824
62652
69939
65721
61902
63564
66234
63536
61921
62282
62406
62368
62833
62634
62747
64562
63147
64020
60686
69873
62291
68827
64277
61703
69682
64610
62767
63650
61627
68533
62016
67916
62387
61152
64230
65284
62548
68998
62814
61589
62938
69758
61370
62595
61807
68771
61437
62187
61816
61721
62776
63251
61912
62073
63612
63498
63774
61740
66747
62244
62529
69720
64524
61854
61911
63441
62510
61883
67764
67744
61427
69350
62472
61912
64429
61826
63840
62082
61066
62852
62614
62624
62168
62691
63508
67792
70490
61171
62785
65246
67744
62311
63261
437456
63992
62757
62149
63213
69017
61921
63393
62149
62871
64676
61418
61531
63536
62577
62501
62149
62139
61636
68277
62805
72371
63935
63716
65056
63584
62975
64287
62899
61446
61607
63061
62121
61645
61883
62444
63280
62016
62367
64581
64191
62671
63013
64818
62425
63327
62054
70034
62519
62909
62482
61180
62016
62633
69616
62805
62083
64419
62500
62463
63783
60486
150499
62719
66263
63213
62814
94297
62073
61085
61313
61712
67992
62463
68267
61826
62234
67041
72466
62804
64581
62909
68818
63574
68277
68286
62263
69616
63470
61883
61731
64676
61731
60857
62434
61807
62463
62690
62652
61968
151839
61902
61627
63327
62605
61294
61788
64942
62605
60790
62139
68695
64477
62282
61417
69407
61779
62405
68694
61997
61797
64496
63840
62415
62064
63489
62178
63736
62016
69151
62994
61607
61294
61636
62415
62833
62491
62453
61170
60781
62330
64439
63042
64001
62253
61969
69474
65493
63137
62339
63127
62652
62966
63783
60980
62729
62358
63232
61683
61465
61503
61778
61684
62576
62776
61902
61617
68400
69179
61797
62748
62225
61703
62158
62120
62681
62871
67668
63621
63850
61788
69597
61598
68685
61931
62624
62349
61750
63242
62082
64486
61294
69587
63080
62501
62539
68818
61864
62225
62177
62462
61655
61636
62054
61769
62529
62025
62292
64999
61456
68485
63270
62909
62424
66034
63023
64343
62738
62054
61864
62510
62729
61902
62757
62700
62130
62577
62177
63185
61132
61855
62253
67811
62235
61636
69806
61674
68305
62263
61759
67668
62653
63432
61684
62938
61788
61038
61057
61950
61208
62158
63337
61617
61247
63346
64362
62320
64049
63356
62063
64306
62387
61883
62405
61370
62282
62349
62586
61731
62092
61617
61864
62196
60961
68913
66538
62757
62985
61816
150689
64344
62215
61873
61854
69692
67764
63593
62795
68381
64172
64685
69103
68523
61893
62320
62415
61665
69540
65407
64515
61855
62282
62349
62339
61446
69122
62843
62092
63764
64020
62016
63878
62035
64324
62216
62424
68296
62111
68657
62653
65227
69169
61532
68096
63888
62026
62197
64914
62016
62139
62966
62405
61370
65388
69084
63185
71696
62795
61180
68647
63004
68903
60848
61636
62662
63498
70661
62481
62975
61598
62634
62348
62785
67669
67678
62063
61864
93214
63935
61370
64971
62330
62624
67801
60705
70860
62937
61750
63935
64904
62396
61171
62406
67821
61702
61465
61389
65550
63336
68619
62339
63118
61968
63811
61550
67146
69720
61969
64192
63526
61655
62728
69075
63118
62368
61541
63954
61902
65407
68524
62557
62235
62054
61361
63698
68656
63033
62824
61902
67963
64249
72124
62748
62605
73501
65094
64467
64800
62472
64685
62634
61902
61997
62890
64438
62871
65579
61446
62272
62833
65075
63375
63232
62681
61579
62833
63384
160265
63432
62491
62463
68903
62263
62386
61931
62785
68163
62301
62691
63270
62358
70196
63384
62966
67735
68239
62045
62387
63033
62101
63489
62330
65284
154023
61066
67241
64011
69986
64334
61911
62178
62054
69616
62538
71278
62083
63574
62671
62234
63983
62595
62947
63204
62738
68637
61845
69445
62624
63156
63897
67877
63555
62586
63869
61769
61968
64552
62947
62263
62006
70091
61921
63042
68695
68391
62358
63793
62196
62634
65151
68447
62615
63745
62111
62738
61000
62272
62567
62121
61988
62263
67811
64258
63090
62463
61902
66253
64362
62282
67365
63289
64876
67669
69454
61987
65541
61351
66529
62092
61560
63317
65740
61522
68808
63213
61541
62063
61893
61399
62795
66034
61665
62177
69236
61968
61408
66329
61721
62358
62500
67915
63545
61750
60676
63850
68267
61417
62434
62786
62558
61645
63432
67288
61389
69341
153957
62301
62615
68457
61807
61493
70822
62377
61645
61940
64220
67450
61512
68229
61589
62700
62567
62168
67545
69046
63033
61246
64989
70632
69112
65959
61399
62149
61826
68561
61380
64267
70120
63071
67013
63061
69540
61826
153501
62691
64096
70120
62510
62567
61703
61342
62510
61684
61570
61826
68277
62263
60800
69445
62529
61921
61579
65198
63318
64448
66282
62833
64581
63536
61864
63602
64543
62462
62073
61940
61854
69018
61199
62007
63194
62377
61608
69426
68666
62149
67916
62368
61959
70937
62405
65151
63906
64809
62196
61817
63261
63830
60696
62956
62767
64258
68628
61826
62719
62947
63384
68751
64039
62519
62444
62272
62073
61921
61817
64885
62985
64039
65436
62671
62852
61484
69673
64420
60734
61665
67991
69312
63707
62833
62985
62073
61740
62406
64372
64220
62016
61437
63061
63194
62776
68751
61807
150328
67469
62140
61674
63403
61664
68656
69645
68400
62605
62358
63327
62586
157643
68913
63299
63650
63071
62719
61997
64305
62102
62653
62216
62586
61930
63698
63270
62330
68467
61664
62311
63289
62367
62425
63764
64524
62158
61959
153359
62111
64524
62881
61816
62139
63849
63023
69417
70718
62624
61817
62729
67859
61741
69226
69436
63203
62130
62253
64087
64306
65170
63099
66072
62111
62833
68115
62975
60734
62282
62899
62453
61835
63374
61579
62852
68960
62918
71098
67526
81463
64249
62187
62149
63023
61275
62805
63450
61427
65446
65056
65541
63137
68733
63764
63764
68144
61788
69227
69730
63327
65465
61931
62576
62966
61769
62358
68647
62329
61826
62938
63346
62064
61778
64201
61408
61940
63669
64524
70775
65417
61560
96615
70718
62263
69796
69264
62548
61275
66244
68799
67802
62985
62177
62035
61265
67953
61902
61512
61436
63014
62139
61988
61779
62557
62387
68960
62035
70993
62472
61361
62206
62501
61854
62386
65056
62748
62871
62605
62158
62348
61075
63583
61893
64486
62149
61874
62462
63061
60752
68998
61835
64239
62140
64980
69036
68951
62719
62073
61854
65940
63374
68343
61788
61294
61304
62092
61190
62130
62966
62548
61788
61750
62501
69388
61731
67184
61817
62453
68324
67716
70433
62424
69407
68590
68875
61683
77577
70946
61703
62329
61436
62254
62814
64657
63944
61455
63669
62310
63099
62918
62842
64391
61759
61902
71335
61465
62168
62729
62481
63555
65807
67441
61446
62377
63536
62282
69388
62586
68514
65996
68115
62529
62862
63944
61646
65712
62282
62263
63479
61750
62548
61836
63128
62510
68580
62909
84512
63014
67070
61341
62130
61807
64277
62368
61588
62871
64866
62586
61446
69160
149501
73122
62159
61845
62510
62729
68647
61883
62444
62928
63336
63194
68809
62453
61342
62311
61873
68276
62833
62253
61664
69683
61303
65360
65265
61484
61798
62025
68523
62406
62102
62453
61503
63887
63375
68229
63166
62985
63602
62244
61199
62491
61636
61237
62016
61341
62349
62282
61436
63242
61180
62159
63089
61209
62481
61845
63830
62576
67450
69094
63223
61180
62453
64533
62795
62529
62291
61940
61589
71535
62139
62520
62491
65797
66548
70329
63612
63146
63346
62082
64097
62007
63726
64591
62234
68438
64410
63536
63185
62548
61997
60999
62073
63118
68476
64020
63165
71383
67611
62206
68476
62510
62139
67336
61940
61351
62329
62253
63612
64381
61265
70243
62804
62121
65369
69958
62985
64249
61949
61522
61389
60895
61807
152370
72732
64667
63983
62757
62102
62168
69645
62139
63840
63508
61817
63916
61959
63232
62216
61826
61361
68362
68124
64667
62396
61674
61949
61589
61626
67887
63080
63127
63308
62016
70955
61997
61836
62225
61769
63517
62653
61807
68600
62168
63612
61826
62311
70671
69112
62273
65094
68257
61645
62643
61807
62386
61351
61930
62795
69701
63963
70822
62177
62985
62472
61684
65607
64116
61569
62975
64239
178543
69711
64800
62330
64058
69597
62263
68296
64942
64818
64457
62292
61342
63640
65388
62064
62880
61417
62358
63545
62700
61522
62168
61664
68134
62254
63964
61180
60914
63127
62558
62310
68609
61779
63242
64581
63242
62586
68847
62805
61940
66367
61940
64562
62918
63498
61332
64477
62995
147582
68533
70385
68695
61399
62311
68998
61465
61712
67535
61769
61864
62368
62026
71925
68077
63194
61940
62814
68846
61513
62529
61978
61645
61607
64191
68704
64676
68277
61266
67497
62605
62339
68191
61351
68371
69341
61512
67592
61636
63545
68068
61683
62358
61170
62253
62254
61569
62396
60734
63583
61969
62396
62120
61446
69891
61417
63897
63213
62966
61731
61598
61912
61655
62007
63489
61550
62253
61892
63346
148912
62985
62463
68571
67536
63279
61247
61361
61494
67735
64486
61911
63127
62804
62500
63260
61095
63099
61351
61579
62861
62282
61427
62510
68314
62301
146566
62263
64372
61693
63413
62377
64448
60904
67583
62130
61265
61731
67659
62149
64486
61427
68495
61826
62244
68714
71164
62767
67051
62424
68619
61855
61303
68039
65123
62814
61693
61579
61921
62881
63299
63774
65151
61247
61588
150490
61541
62662
63745
61759
62833
63992
60676
68980
61959
62995
70063
62748
62643
68609
62159
62425
69046
61170
64277
68467
69834
63213
62130
63071
68552
64496
70195
60952
62026
63070
62244
62444
62016
68229
62605
61237
61142
63147
64780
61940
61731
63906
60772
61427
62016
60639
61911
61854
61693
67878
60942
149881
65484
65018
61057
69616
60781
67868
61465
69265
61474
61456
62063
61617
62367
62377
61797
62444
69568
62729
62187
67849
64382
69236
68258
63821
61760
61702
69996
65056
67450
61636
70471
62120
64685
62472
62064
62833
62719
64002
61579
61978
61950
70614
62054
62216
62719
62510
61512
62216
62025
62956
63792
63450
62453
64039
61247
61256
61988
63935
63906
62814
64363
63374
63897
61484
64220
68058
75107
64239
62586
61950
62377
65284
61569
63156
64581
67288
68039
62073
62824
64040
63460
61683
61474
61379
62216
63356
61912
69407
61759
61854
61256
63090
63137
63042
69407
69407
61503
63356
61665
61902
62415
68580
69530
68409
61589
61665
61570
62833
60952
63992
62766
63992
63546
61484
62140
67868
63878
62481
69037
62643
61541
62624
62928
68486
62263
62966
62206
61921
63812
62719
62358
64277
64296
67887
65531
65018
62520
67650
62026
63508
62871
69046
62149
62824
61779
68799
65123
62548
62025
83610
63783
65493
62719
62766
62690
62130
65379
62159
64315
60315
62120
68713
72893
62861
61893
61741
62700
62168
62168
68837
64571
64230
61769
61579
62776
62605
62757
62253
62158
63916
63783
62662
68049
62301
61541
62453
63051
62785
64809
62481
62548
70290
62158
72741
61550
68049
69531
62007
64125
62035
62596
61779
68314
63602
62016
61883
62624
62634
62282
69587
63479
68438
63992
69217
64210
70196
70177
62377
62881
61978
62016
69873
62994
63925
62947
63203
62500
62206
61570
70956
61874
62510
61969
69559
61779
61199
69103
62216
60942
64229
62852
61655
62567
63498
62529
61645
62216
63147
61531
70081
68305
61769
62539
61503
61066
62805
62368
62320
62177
62225
62348
62719
68077
70167
61075
61883
61066
62748
62956
61874
62377
72267
61968
68495
63080
62738
61731
69131
63631
64058
61446
61921
68619
75259
71050
65236
70310
65550
62073
62766
63146
62567
69511
63080
61997
62842
62766
62795
65768
68343
62700
68144
68818
63222
61351
61674
62786
62738
61817
62330
69160
63165
62006
63906
62529
61788
60800
64723
62709
61693
61997
63070
62890
62025
62101
63004
62757
64980
61626
63080
61151
62633
61636
62339
65597
65132
62025
71032
63213
65141
64286
62463
62206
62586
62538
61551
68932
62330
63023
62814
61892
61807
69426
63812
62871
61798
61997
62007
61513
61285
63147
62320
66139
62671
62168
67811
61760
69929
61209
67783
61493
62178
61246
62463
60296
60847
64819
62453
61598
62044
62168
67108
63090
62044
62044
63621
67849
61437
62016
61399
61750
61541
61351
65816
61684
61826
64410
61902
96928
62738
67478
61265
68780
69778
62652
68353
63128
62634
61864
63336
62995
64657
69169
62121
67992
61807
63336
62168
65740
61788
61512
61988
61835
61864
63137
68324
63479
61873
61455
63546
67440
68039
62453
61607
61759
69093
62016
62291
62329
66415
62158
61987
63774
61551
62444
62396
68381
64182
62206
61683
62301
62006
63127
61665
68799
62405
63374
62301
61598
61997
62643
64562
62007
64372
62064
62805
60981
62823
62833
63888
61427
64173
61940
68666
61997
62434
63536
61627
64904
62140
61855
62814
61389
61256
61826
61978
61418
62567
61912
67849
62862
62405
68143
68979
63061
66604
62672
65949
63679
63716
62216
61931
62529
61921
61379
60867
62092
153853
61826
61693
62757
89214
68675
61873
70965
63355
64704
62719
61874
61693
62425
68314
63394
71231
61845
62614
63023
64686
61864
61436
62396
61104
62121
75630
62928
62852
69293
64980
62529
63527
61569
63185
61512
68884
63498
62111
61683
64505
61123
62785
63004
67431
63403
68058
62500
60819
62510
62624
62529
62472
61855
61740
61731
63631
62301
62310
61436
61503
64847
65189
62434
64153
61797
62007
62947
61902
61304
62367
64362
62424
62035
61531
61778
62662
68134
63317
66263
62643
62406
62339
62348
61361
66243
70699
63365
71278
62643
62349
70870
61607
62548
63146
61997
68989
68505
62672
65502
62178
61598
62738
63831
62852
68647
65208
61294
61408
61683
62320
61627
61569
61769
62158
62082
69512
64667
61389
63318
61883
61892
61246
61075
63678
62425
63698
61864
61617
63650
61256
63830
152152
61579
61911
62700
69227
62178
61740
61883
63298
61674
61598
62966
62890
62311
61484
63527
63289
61322
64923
62016
65056
63222
61522
61512
69521
68457
61978
61702
148086
62538
62282
64182
65227
62140
61551
68429
63498
61494
62747
67992
62168
62386
68039
64420
62044
62016
62966
61978
62472
61959
64761
71516
62567
68476
62453
62377
61817
67858
62273
65978
61883
62234
70167
63061
62700
62443
65369
63935
64752
62842
63469
61949
63422
68049
61598
68324
64552
67915
63137
62235
71031
67916
63641
61921
64229
63232
62814
61978
62083
62985
62804
62216
61845
63859
62092
63251
62263
63450
62063
61342
61085
62044
62767
62539
62139
60572
67697
61133
61399
62443
62805
62586
61817
68390
69910
68048
63859
61702
68590
62975
61513
61845
62159
62947
61589
62785
65104
62377
61883
62491
62339
62272
61807
62158
63213
64628
62510
62320
61741
61189
61512
62880
67935
61446
71126
63185
69008
70908
61237
61598
61816
61465
60847
62738
62282
61123
61836
67612
62206
64629
64894
63289
61769
62358
62349
68448
61845
68210
61683
64581
61208
65845
70214
71592
64410
61769
63906
62377
62064
64486
62415
62121
62529
61740
62073
65170
62339
61370
68752
68818
63441
61560
68333
61855
68951
61522
63052
61883
62947
62757
64496
67649
63755
63944
67289
70899
61332
63346
61370
62605
68371
62111
62985
62291
72400
62690
65502
68818
62520
62624
64781
63707
62387
61950
61550
63222
64429
62795
62614
61370
61598
62700
62491
62368
68143
62529
63004
62387
65445
68267
62985
67896
62710
64942
63270
61740
62852
64268
61987
62330
62330
92701
62282
62842
68913
61959
69531
68029
69217
63109
68552
63014
61683
60904
62425
62425
62377
62548
62329
69645
62890
61693
63061
64201
62054
62301
61351
61475
61550
64448
61427
63584
63023
61836
67365
67336
71212
69379
62995
63450
62387
62567
62976
68875
62329
63346
61494
62244
62643
153938
61189
68713
63327
61408
61636
61598
62101
62168
61893
62633
62900
61484
61931
61446
62747
68828
62168
64723
64448
61237
62672
62406
61912
62377
62472
67479
62396
69056
64002
61949
68125
63460
62462
62482
62168
61683
67916
68220
60629
62453
65541
63470
62377
67906
63365
61769
62026
68609
63622
62339
62567
64543
63336
64258
70006
64515
62662
62567
67270
66633
68505
61759
62957
62035
62975
63441
61760
63308
62833
61930
63507
61322
61256
62177
63650
61522
68476
62358
61617
63631
63698
62149
62472
64628
61389
62662
62614
62272
61674
61408
68324
67954
62282
61959
63355
62282
