2936
2955
2955
3021
3202
2954
2945
3249
2964
2974
2964
2954
2945
3011
2945
2983
2945
2964
2964
3268
2945
2955
3239
2954
2964
2955
2945
2955
2945
3011
2945
2983
2945
2954
3220
3011
2954
3249
2955
2954
2964
2955
2945
2954
2945
3477
2945
2993
2945
3220
2964
3012
2955
2955
2945
2954
2964
2955
2945
2955
3240
3021
2945
2992
3211
2954
3211
3021
2945
2955
2945
2964
2964
2954
2945
3249
2945
3021
2945
3239
2954
2955
2964
3021
2945
2954
2954
2955
2964
2954
3249
2955
2955
3021
3202
2983
2945
2954
2964
3021
2945
2954
2955
2954
2964
3249
2945
2954
2945
3278
2945
2983
2945
2955
2955
3021
2936
2964
2983
2955
3259
2954
2935
2954
3201
4294
2945
2983
2935
2955
2954
3277
2945
2954
2954
3249
2974
2964
2945
3221
2945
3011
2945
2983
2955
2955
2974
3012
2945
2955
3249
2964
2964
2954
3211
2954
2945
3021
2954
2993
2955
2955
2964
3021
2954
3249
2945
2955
2964
3211
2945
2954
2945
3325
2955
2983
2954
2964
2964
4294
2945
2954
2945
2954
3211
2954
2954
2954
3240
3021
2945
2983
2955
2955
2964
3012
2955
2954
2945
3220
2973
2964
2945
3249
2945
3021
2955
2983
2945
2954
2973
3021
2954
2954
3202
2955
2964
2955
3249
2964
2945
3011
2945
2983
2945
3211
2974
3021
2945
3211
2945
2955
2964
3268
2945
2954
2945
3021
2945
2973
2945
2945
2964
3012
3182
2945
2926
2945
3249
2945
2926
2945
2945
3021
2945
2974
2954
2954
2964
3278
2945
2964
2955
3258
2964
2954
2945
2955
2945
3021
2955
2983
2945
2964
3220
3021
2955
2955
3230
2983
2964
2954
2955
2955
2945
3021
3249
3762
3021
3249
3049
3097
3021
3030
3021
3030
3040
3030
3021
3030
3021
3411
3021
3068
3249
3031
3040
3335
3021
3040
3021
3040
3040
3030
3030
3030
3316
3097
3021
3287
3021
3040
3040
3097
3021
3040
3021
3040
3040
3031
3021
3335
3449
3107
3239
3059
3021
3031
3040
3097
3021
3030
3021
3040
3040
3031
3315
3030
3021
3097
3021
3069
3021
3030
3040
3088
3249
3030
3021
3031
3306
3325
3021
3031
3021
3088
3021
3068
3021
3040
3040
3306
3021
3030
3021
3030
3334
3030
3021
3030
3021
3097
3021
3069
3021
3030
3297
3116
3021
3040
3021
3467
3040
3031
3021
3030
3021
3097
3021
3059
3011
3021
3030
3097
3021
3031
3316
3021
3249
3021
3011
3030
3021
3097
3011
3059
3021
3040
3040
3097
3021
3468
3021
3249
3040
3040
3021
3030
3021
3401
3021
3069
3021
3040
3040
3097
3021
3040
3239
3030
3068
3050
3021
3031
3316
3097
3021
3059
3021
3040
3040
3097
3021
3030
3021
3031
3030
3030
3021
3325
3249
3097
3021
3069
3021
3030
3040
3088
3021
3040
3021
3031
3040
3030
3315
3249
3021
3097
3021
3078
3021
3030
3040
3087
3021
3040
3021
3031
3040
3325
3249
3030
3021
3097
3040
3078
3021
3030
3040
3087
3021
3040
3021
3031
3335
3249
3021
3030
3021
3088
3021
3068
3021
3030
3040
3363
3021
3031
3021
3334
3249
3031
3021
3021
3011
3088
3012
3059
3021
3031
3040
3097
3021
3040
3315
3249
3040
3040
3021
3031
3021
3097
3031
3068
3021
3040
3040
3097
3021
3515
3240
3031
3031
3031
3021
3030
3021
3325
2945
2983
2945
2955
2964
3011
2954
3211
2945
2955
2964
2954
2945
2954
3239
3021
2945
2983
2945
2954
2973
3021
3201
2954
2945
2955
2964
2954
2954
3249
2954
3021
2945
2983
2954
2955
2964
3268
2955
2955
2955
2954
2964
2955
3249
2993
2945
3021
2945
2983
2945
2954
3933
3021
2945
2955
2945
2954
2964
3259
2945
2955
2955
3021
2945
2983
2955
3221
2955
3012
2936
2955
2945
2955
3259
2954
2935
2954
2935
3021
2945
2983
3201
2955
2964
3021
2945
2955
2935
3259
2964
2955
2945
2954
2954
3021
2945
3249
2955
3164
2974
3021
2945
2954
3240
2955
3724
2955
2945
2955
2955
3021
3202
2983
2954
2955
2964
3021
2945
3258
2945
2954
2964
2955
2955
2955
2945
3657
2945
2983
2945
2955
2974
3021
2945
2955
2945
2954
2964
2955
2955
2955
3458
3021
2945
2983
2945
2954
2973
3021
2945
2955
2973
2954
2964
2955
2955
3582
2945
3021
2955
2983
2945
2955
2974
3021
2945
2955
2945
2955
2964
2954
3458
2955
2945
3021
2945
2983
2945
2955
2964
3021
2945
2955
2945
2955
2964
3582
2945
2955
2945
3021
2945
2983
2945
2955
2964
3012
2945
2955
2945
2955
3468
2954
2945
3116
2964
3211
2945
2973
2945
2945
2973
3021
2945
2945
2945
3458
2964
2955
2936
2954
2935
3021
2936
2983
2945
2955
2964
3011
2945
2945
3449
2945
2964
2945
2945
2945
2955
3021
2945
2983
2955
2955
2974
3011
2945
3477
2945
2955
2964
2954
2945
2955
2945
3325
2945
2983
2945
3230
2983
3230
3201
2954
2945
2954
2964
2954
2954
2954
3249
3021
2945
2983
2954
2955
2964
3477
2954
2954
2945
2955
2964
2954
2945
3249
2955
3021
2945
2983
2955
2954
3221
3021
2945
2954
2945
2955
2964
2954
3249
2954
2954
3287
2945
2983
2945
3221
2964
3011
2945
2955
2945
2983
2983
3259
2945
2954
2954
3021
2945
2983
3211
2955
2964
3011
2945
2955
2945
3211
3259
2955
2945
2955
2945
3011
2954
2993
2945
2954
2973
3021
2945
2955
3201
3249
2955
2954
2945
2955
2945
3021
2955
2983
2945
2955
2964
3011
2945
3221
3382
3173
2926
2916
2916
2916
2907
3059
2964
3002
2945
2955
2964
3021
3202
3259
2945
2955
2964
2955
2945
3211
2954
3325
2945
2993
2945
2954
2964
3021
2945
2955
2955
2954
2964
2955
3211
2954
3249
3021
2945
2983
2945
2955
2964
3012
2945
2954
2945
2955
2964
3220
2945
3249
2945
3011
2945
2993
2945
2955
2964
3040
2964
2964
2945
2954
3220
2955
3249
2954
2945
3021
2945
2983
2945
2954
2964
3021
2945
2954
2945
3211
2964
3249
2945
2954
2945
3021
2936
2983
2935
2955
2964
3021
2945
2955
3202
2954
3259
2955
2954
2954
2935
3012
2945
2983
2955
2954
2964
3031
2954
3201
3011
3240
2983
2954
3163
2964
3021
2945
2954
2954
2955
3895
2954
2945
3220
2945
3325
2954
2983
2945
2954
2964
3021
2945
2955
2945
2954
2964
2955
3211
2954
3249
3021
2945
2983
2945
2955
2964
3012
2945
2954
2945
2954
3230
3220
2945
3249
2945
3021
2945
2983
2945
2955
2964
3011
2945
2964
2983
2955
3211
2954
3249
2955
2955
3021
2955
2983
2945
2954
2964
3278
2955
2955
2945
3220
2964
3249
2945
2954
2945
3021
2945
2983
2945
2955
2964
3021
2945
2954
3211
2955
3259
2955
2945
2955
2945
3012
2945
2983
2955
2954
2964
3287
2945
3221
2955
3258
2964
2954
2945
2983
2974
3211
2945
2974
2935
2954
2964
3012
3192
2954
3240
2954
2964
2945
2945
2955
2945
3021
2936
2974
2945
2945
2973
3278
2945
3249
2945
2945
2964
2945
2945
2955
2945
3325
2955
2983
2945
2964
3220
3021
2954
2954
2945
2954
2964
2954
2945
2955
3249
3287
2954
2983
2955
3449
2973
3230
2945
2954
2945
2954
2964
2955
2945
3249
2945
3021
2945
2983
3201
2954
2964
3012
2945
2954
2945
2954
3230
2954
3239
2955
2945
3021
2945
3240
2945
2955
2964
3011
2945
2955
2945
2955
2964
3249
2945
2955
2945
3011
3211
2983
2945
2955
2964
3021
2945
2954
2955
2983
3277
2964
2945
2954
2945
3287
2945
2983
2945
2954
2964
3021
20273
2983
2945
2954
2954
2955
2936
2955
20368
3154
2945
2983
3173
3211
2964
3021
2945
3391
2936
2954
2954
2955
2936
2955
2936
3306
2936
2983
3192
2954
2964
3021
2945
2955
2936
3154
2926
2916
2916
2916
3201
3059
2964
3249
2945
2955
2964
3011
2945
2954
2945
2954
2964
2954
2954
3249
2955
3021
2945
2983
2945
2955
2964
3021
2945
3211
2945
2954
2964
2954
3240
2955
2945
3011
2945
2993
2945
2954
2964
3011
3201
2954
2945
2955
2964
3258
2945
2955
2945
3021
2945
2983
2945
2955
2964
3287
2964
2955
2945
2954
3259
2955
2945
2955
2945
3011
2945
2993
2945
2954
3230
3287
2945
2954
2945
3259
2964
2954
2945
2954
2954
3021
2945
2983
2935
3211
2964
3012
2945
2955
3240
2954
2964
2954
2945
2955
18250
3135
2945
2973
3211
2954
2935
3011
2945
3249
3182
2955
2945
2964
2945
2954
2945
3334
2945
2945
2954
2964
2964
3268
2945
3201
2936
2945
2945
2945
2945
2955
3239
3021
2945
2983
2945
3211
2964
3012
2936
2955
2945
2955
2964
2954
2945
3249
2936
3021
2945
2983
3192
2954
2964
3021
2945
2955
2935
2955
2964
2955
3240
2954
2945
3012
2945
3363
3220
3030
3040
3087
3021
3031
3259
3040
3040
3325
3021
3031
3021
3097
3239
3059
3021
3031
3040
3097
3021
3030
3021
3031
3496
3030
3021
3031
3021
3306
3021
3068
3021
3040
3040
3097
3021
3030
3021
3335
3040
3012
4636
3040
3012
3372
3012
3059
3011
2993
3278
3078
3012
3021
3040
3030
3021
3021
3002
3031
3012
4361
3220
3059
3011
2993
3040
3097
3021
3458
3012
3031
3040
3021
3011
3021
3021
3401
3012
3059
3239
3030
3040
3097
3011
3031
3011
3021
3040
3021
3021
3030
3306
3097
3011
3287
3011
3030
3040
3097
3021
3021
3012
3021
3040
3021
3021
3325
3021
3097
3249
3059
3011
3021
3040
4342
3011
3021
3021
3031
3040
3031
3306
3021
3021
3315
3021
3059
3021
3021
3040
3344
3012
3021
3012
3030
3040
3325
3021
3030
3239
3097
3012
3059
3012
3031
3040
3097
3021
3030
3021
3030
3334
3021
3021
3249
3021
3107
3012
3059
3012
3069
3050
3363
3012
3030
3011
3325
3040
3040
3230
3021
3012
3097
3011
3059
3011
3021
3040
3097
3012
3030
3315
3031
3040
3240
3021
3021
3021
3097
3021
3059
3012
3021
3040
3097
3011
3325
3012
3021
3258
3031
3012
3021
3012
3411
3012
3059
3021
3021
3040
3097
3011
3031
3040
3258
3040
3021
3012
3021
3458
3107
3012
3753
3021
3021
3040
3097
3012
3031
3239
3031
3040
3031
3011
3325
3021
3097
3012
3059
3021
3031
3040
3097
3011
3249
3011
3031
3306
3021
3315
3030
3012
3097
3021
3059
3021
3031
3040
3097
3249
3031
3021
3030
3040
3325
3012
3021
3297
3116
3012
3059
3012
3030
3040
3525
3011
3021
3021
3021
3344
3021
3249
3021
3012
3107
3021
3059
3011
3021
3040
3097
3021
3031
3011
3325
3040
3249
3012
3031
3011
3097
3011
3059
3012
3021
3040
3097
3011
3021
3306
3030
3249
3031
3011
3021
3021
3097
3012
3059
3012
3030
3078
3116
3011
3325
3011
3240
3040
3021
3011
3030
3021
3562
3240
3059
3012
3030
3040
3097
3011
3021
3011
3021
3040
3031
3011
3030
3306
3315
3012
3059
3021
3031
3040
3097
3021
3021
3012
3030
3040
3021
3021
3477
3239
3107
3011
3059
3021
3030
3040
3106
3012
3021
3012
3030
3068
3059
3315
3249
3012
3097
3011
3059
3012
3021
3268
3097
3011
3031
3021
3021
3049
3458
3011
3021
3021
3106
3012
3059
3011
3249
3040
3106
3012
3021
3012
3021
3344
3031
3011
3021
3012
3107
3011
3069
3239
3021
3040
3106
3012
3021
3012
3325
3040
3021
3021
3030
3012
3097
3030
3449
3030
3040
3050
3088
3021
3040
3325
3030
3040
3040
3030
3040
3021
3106
3240
3069
3021
3040
3049
3097
3031
3335
3021
3040
3040
3040
3030
3040
3030
3581
3021
3069
3030
3030
3049
3097
3021
3050
3021
3030
3030
3040
3021
3030
3496
3107
3031
3069
3021
3040
3050
3088
3021
3050
3012
3040
3040
3040
3021
3344
3030
3097
3239
3068
3021
3040
3050
3088
3031
3040
3021
3040
3040
3031
3477
3030
3021
3315
3030
3068
3030
3040
3040
3097
3021
3031
3030
3040
3040
3335
3031
3040
3249
3106
3021
3068
3021
3031
3040
3088
3030
3040
3031
3031
3334
3040
3021
3287
3031
3097
3021
3068
3031
3040
3714
3106
3030
3040
3030
3334
3040
3040
3249
3030
3021
3106
3030
3068
3021
3040
3050
3088
3031
3040
3325
3040
3040
3249
3030
3040
3031
3097
3021
3068
3021
3040
3049
3087
3030
3334
3021
3040
3259
3031
3021
3030
3021
3420
3021
3068
3030
3040
3050
3335
3031
3040
3030
3249
3743
3040
3030
3040
3325
3106
3030
3068
3030
3040
3050
3097
3021
3031
3239
3040
3040
3030
3021
3335
3031
3353
3031
3069
3021
3040
3049
3097
3030
3249
3021
3040
3040
3031
3325
3040
3030
3107
3021
3069
3021
3040
3049
3087
3249
3040
3040
3040
3040
3477
3021
3031
3030
3097
3030
3068
3021
3040
3050
3306
3021
3040
3021
3040
3344
3031
3021
3040
3030
3107
3021
3069
3030
3040
3278
3088
3021
3030
3031
3335
3030
3040
3031
3031
3021
3106
3030
3069
3030
3249
3050
3088
3031
3040
3325
3040
3040
3040
3021
3059
3049
3107
3021
3068
3249
3030
3040
3087
3021
3334
3031
3031
3040
3040
3021
3040
3021
3420
3031
3287
3021
3040
3049
3087
3021
3031
3021
3040
3040
3040
3021
3040
3325
3097
3239
3068
3021
3040
3050
3087
3031
3040
3030
3040
3040
3040
3021
3334
3030
3315
3030
3078
3030
3059
3287
3087
3021
3031
3021
3040
3040
3031
3325
3040
3249
3106
3030
3068
3021
3040
3050
3088
3030
3030
3031
3040
3040
3334
3030
3258
3030
3107
3031
3069
3021
3040
3049
3087
3021
3040
3021
3040
3344
3031
3239
3040
3030
3107
3021
3069
3031
3040
3040
3097
3021
3030
3021
3068
3059
3259
3031
3040
3030
3107
3031
3069
3021
3031
3050
3097
3031
3031
3030
3344
3031
3040
3030
3040
3031
3353
3030
3287
3021
3040
3050
3088
3031
3040
3325
3040
3040
3040
3021
3040
3021
3106
3249
3078
3031
3031
3040
3097
3021
3334
3030
3030
3278
3031
3021
3030
3021
3353
3049
3078
3031
3031
3040
3097
3021
3334
3030
3040
3030
3040
3031
3040
3021
3420
3031
3078
3031
3031
3040
3316
3031
3040
3021
3040
3040
3030
3021
3030
3325
3107
3031
3069
3021
3030
3268
3097
3031
3040
3021
3040
3040
3040
3031
3335
3021
3107
3021
3068
3031
3249
3049
3116
3040
3030
3031
3040
3040
3040
3325
3031
3031
3097
3021
3068
3240
3040
3049
3087
3030
3040
3031
3031
3031
3335
3021
3030
3021
3106
3021
3287
3021
3040
3049
3087
3030
3040
3031
3040
3334
3040
3040
3040
3031
3106
3240
3069
3030
3030
3040
3087
3021
3040
3021
3335
3040
3059
3030
3040
3021
3316
3021
3078
3030
3040
3050
3088
3021
3030
3325
3030
3031
3040
3030
3040
3249
3107
3031
3069
3021
3040
3049
3087
3031
3335
3021
3040
3040
3040
3031
3259
3031
3562
3021
3069
3030
3030
3040
3097
3021
3040
3030
3030
3031
3040
3249
3040
3325
3106
3021
3068
3040
3031
3040
3087
3021
3040
3021
3040
3031
3249
3021
3477
3021
3107
3031
3069
3031
3040
3050
3097
3031
3031
3030
3040
3258
3040
3325
3031
3021
3107
3021
3068
3030
3030
3049
3087
3021
3040
3021
3249
3031
3477
3030
3040
3031
3106
3021
3068
3021
3031
3040
3097
3021
3040
3278
3040
3344
3030
3021
3031
3021
4342
3031
3069
3030
3030
3040
3087
3021
3258
3030
3334
3287
3031
3021
3030
3021
3106
3030
3078
3030
3030
3040
3097
3240
3030
3325
3030
3031
3040
3030
3040
3030
3107
3031
3069
3021
3030
3050
3306
3021
3477
3021
3040
3040
3040
3031
3040
3021
3420
3030
3068
3021
3040
3268
4351
3021
3031
3030
3030
3040
3030
3021
3031
3325
3106
3021
3068
3021
3258
3049
3097
3021
3040
3021
3040
3040
3030
3021
3335
3031
3106
3030
3068
3240
17718
3116
3002
2945
2954
2945
2955
2955
2945
3278
2955
2945
3012
2945
2973
2955
3211
2964
3012
2945
2955
2945
2955
2974
3268
2945
2954
2945
3021
2945
2983
2945
2955
2974
3268
2945
2954
2954
2955
3268
2954
2945
2955
2955
3021
2955
2983
2945
2954
3220
3021
2945
2955
2955
3258
2964
2954
2955
2955
2955
3021
2955
2983
2945
3221
2974
3012
2955
2955
2964
2983
2964
2955
2955
2955
2945
3021
3249
3772
3249
3030
3040
3087
3021
3030
3021
3030
3040
3040
3021
3031
3031
3410
3021
3287
3021
3030
3040
3087
3021
3040
3021
3040
3306
3030
3021
3040
3316
3097
3249
3069
3021
3040
3040
3097
3021
3040
3021
3030
3040
3031
3021
3335
3183
3316
3021
3069
3021
3040
3040
3334
3021
3030
3021
3030
3040
3030
3316
3030
3021
3097
3021
3069
3021
3031
3040
3306
3031
3031
3021
3031
3040
3334
3021
3040
3021
3334
3021
3068
3021
3030
3268
3097
3021
3800
3012
3021
3021
3021
3012
3031
3030
3097
3031
3069
3220
3021
3069
3116
3011
3021
2973
3354
3021
3012
3021
3040
3021
3097
3021
3059
3011
3021
3040
3363
3011
3021
3354
3021
3021
3040
3030
3030
3021
3097
3230
3069
3021
3040
3049
3097
3021
3468
3021
3040
3040
3031
3021
3040
3021
3582
3021
3069
3021
3040
3049
3097
3021
3030
3021
3040
3069
3059
3030
3030
3487
3097
3021
3068
3021
3030
3049
3297
3021
3030
3021
3031
3040
3030
3021
3335
3021
3097
3021
3068
3021
3031
3249
3097
3021
3031
3021
3030
3040
3031
3325
3040
3021
3097
3021
3078
3021
3249
3040
3097
3021
3031
3021
3030
3040
3325
3021
3031
3021
3097
3040
3088
3240
3040
3040
3087
3021
3031
3021
3031
3334
3040
3031
3031
3021
3097
3021
3277
3021
3040
3050
3335
3021
3040
3030
3325
3040
3030
3021
3031
3021
3097
3230
3068
3021
3030
3040
3097
3021
3050
3316
3040
3040
3030
3021
3040
3021
3306
3030
3068
3021
3030
3040
3097
3173
3372
3021
3031
3040
3031
3021
3031
3249
3334
2945
2983
2945
2964
2964
3021
2954
2964
2945
2964
2964
2964
2955
3211
3249
3021
2945
2983
2945
2954
2973
3012
2955
2955
2945
2954
2964
2955
3192
3249
2954
3021
2945
2983
2945
2955
2964
3012
2945
2954
2945
2954
2964
3201
3249
2992
2945
3021
2955
2983
2945
2954
3695
3021
2955
2955
2945
2955
3220
3249
2945
2954
2954
3011
2945
2992
2945
2954
2964
3021
2955
2955
2945
3211
3268
2954
2954
2954
2945
3021
2945
2983
2945
2954
2973
3011
2945
2955
3202
3259
2964
2955
2955
2955
2945
3021
2945
2983
2955
3164
2964
3021
2954
3211
3239
2954
3715
2954
2945
2955
2945
3011
2945
2983
2945
2954
2974
3021
3192
3249
2955
2955
2964
2954
2954
2955
2945
3487
2955
2983
2945
2954
2964
3259
2955
2955
2945
2954
2964
2954
2954
2955
3249
3021
2955
2983
2945
2954
3211
3012
2955
2955
2983
2955
2964
2955
2945
3411
2945
3031
2954
2983
2945
3211
2964
3021
2955
2955
2945
2955
2964
2954
3249
2954
2945
3021
2955
2983
3202
2955
2964
3011
2955
2955
2954
2954
2964
3410
2955
2964
2954
3021
2954
3239
2945
2955
2964
3021
2945
2955
2954
2955
3268
2955
2954
2983
2974
3220
3202
2983
2945
2955
2973
3011
2945
2955
2945
3258
2964
2954
2945
2955
2945
3268
2945
2983
2945
2954
2973
3012
2945
2945
3249
2954
2964
2955
2955
2955
3201
3011
2945
2983
2936
2955
2964
3012
2954
3258
2955
2955
2964
2954
2945
3211
2954
3325
2954
2983
2954
3230
2974
3230
2945
2954
2954
2954
2964
2954
3192
2955
3249
3021
2955
2983
2945
2954
2964
3258
2954
2954
2945
2954
2964
3211
2945
3249
2945
3021
2954
2983
2945
2955
2964
3012
2945
2954
2945
2954
3211
2954
3249
2954
2945
3268
2945
2983
2954
2954
2964
3011
2945
2954
2955
3240
2973
3258
2954
2954
2945
3021
2945
2983
2945
2954
2974
3012
2945
2954
2945
2955
3420
2955
2945
2954
2945
3268
2945
2993
2945
2955
2973
3021
2945
2955
2945
3259
2964
2955
2945
2954
3202
3021
2945
2983
2945
2955
2973
3021
2945
2954
3391
3163
2926
2917
2917
3173
2907
3059
2973
2992
2945
2954
2964
3021
2945
3258
2954
2955
2964
2954
2954
2954
2945
3334
2954
2983
2945
3211
2964
3021
2955
2955
2954
2954
2973
2955
2955
2955
3239
3021
2945
2983
3202
2955
2964
3021
2945
2954
2945
2954
2964
2954
2954
3249
2945
3021
2945
3239
2954
2954
2964
3040
2964
2954
2945
2955
2964
2955
3239
2955
2945
3021
3201
2983
2945
2954
2964
3021
2945
2954
2954
2954
2973
3249
2945
2954
2954
3268
2945
2983
2945
2955
2973
3021
2945
2955
2945
2955
3268
2955
2964
2954
3201
3021
2955
2983
